[ 2018-09-12T09:11:40+08:00 ] 127.0.0.1 /admin.php?c=content
INFO: [ app_init ] --START--
INFO: Run Behavior\BuildLiteBehavior [ RunTime:0.000092s ]
INFO: [ app_init ] --END-- [ RunTime:0.029789s ]
INFO: [ app_begin ] --START--
INFO: Run Behavior\ReadHtmlCacheBehavior [ RunTime:0.040284s ]
INFO: [ app_begin ] --END-- [ RunTime:0.040831s ]
NOTIC: [2048] Declaration of Admin\Controller\ContentController::setStatus() should be compatible with Admin\Controller\CommonController::setStatus($data, $models) C:\phpDemo\test01\Application\Admin\Controller\ContentController.class.php 第 12 行.
NOTIC: [2048] Declaration of Admin\Controller\ContentController::listorder() should be compatible with Admin\Controller\CommonController::listorder($model = '') C:\phpDemo\test01\Application\Admin\Controller\ContentController.class.php 第 12 行.
NOTIC: [8] Undefined variable: sing_path C:\phpDemo\test01\ThinkPHP\Common\functions.php 第 991 行.
NOTIC: [8] Undefined variable: module C:\phpDemo\test01\ThinkPHP\Common\functions.php 第 994 行.
NOTIC: [8] Undefined variable: var C:\phpDemo\test01\ThinkPHP\Common\functions.php 第 997 行.
NOTIC: [2] array_reverse() expects parameter 1 to be array, null given C:\phpDemo\test01\ThinkPHP\Common\functions.php 第 997 行.
NOTIC: [2] http_build_query(): Parameter 1 expected to be Array or Object.  Incorrect value given C:\phpDemo\test01\ThinkPHP\Common\functions.php 第 997 行.

[ 2018-09-12T09:11:40+08:00 ] 127.0.0.1 /admin.php?&c=login
INFO: [ app_init ] --START--
INFO: Run Behavior\BuildLiteBehavior [ RunTime:0.000029s ]
INFO: [ app_init ] --END-- [ RunTime:0.000594s ]
INFO: [ app_begin ] --START--
INFO: Run Behavior\ReadHtmlCacheBehavior [ RunTime:0.001018s ]
INFO: [ app_begin ] --END-- [ RunTime:0.001193s ]
INFO: [ view_parse ] --START--
INFO: [ template_filter ] --START--
INFO: Run Behavior\ContentReplaceBehavior [ RunTime:0.000087s ]
INFO: [ template_filter ] --END-- [ RunTime:0.000250s ]
INFO: Run Behavior\ParseTemplateBehavior [ RunTime:0.139265s ]
INFO: [ view_parse ] --END-- [ RunTime:0.139532s ]
INFO: [ view_filter ] --START--
INFO: Run Behavior\WriteHtmlCacheBehavior [ RunTime:0.003035s ]
INFO: [ view_filter ] --END-- [ RunTime:0.003282s ]
INFO: [ app_end ] --START--
INFO: Run Behavior\ShowPageTraceBehavior [ RunTime:0.016931s ]
INFO: [ app_end ] --END-- [ RunTime:0.017191s ]

[ 2018-09-12T09:51:55+08:00 ] 127.0.0.1 /admin.php
INFO: [ app_init ] --START--
INFO: Run Behavior\BuildLiteBehavior [ RunTime:0.000051s ]
INFO: [ app_init ] --END-- [ RunTime:0.001013s ]
INFO: [ app_begin ] --START--
INFO: Run Behavior\ReadHtmlCacheBehavior [ RunTime:0.001503s ]
INFO: [ app_begin ] --END-- [ RunTime:0.001760s ]
NOTIC: [8] Undefined variable: sing_path C:\phpDemo\test01\ThinkPHP\Common\functions.php 第 991 行.
NOTIC: [8] Undefined variable: module C:\phpDemo\test01\ThinkPHP\Common\functions.php 第 994 行.
NOTIC: [8] Undefined variable: var C:\phpDemo\test01\ThinkPHP\Common\functions.php 第 997 行.
NOTIC: [2] array_reverse() expects parameter 1 to be array, null given C:\phpDemo\test01\ThinkPHP\Common\functions.php 第 997 行.
NOTIC: [2] http_build_query(): Parameter 1 expected to be Array or Object.  Incorrect value given C:\phpDemo\test01\ThinkPHP\Common\functions.php 第 997 行.

[ 2018-09-12T09:51:55+08:00 ] 127.0.0.1 /admin.php?&c=login
INFO: [ app_init ] --START--
INFO: Run Behavior\BuildLiteBehavior [ RunTime:0.000045s ]
INFO: [ app_init ] --END-- [ RunTime:0.000959s ]
INFO: [ app_begin ] --START--
INFO: Run Behavior\ReadHtmlCacheBehavior [ RunTime:0.001541s ]
INFO: [ app_begin ] --END-- [ RunTime:0.001797s ]
INFO: [ view_parse ] --START--
INFO: [ template_filter ] --START--
INFO: Run Behavior\ContentReplaceBehavior [ RunTime:0.000122s ]
INFO: [ template_filter ] --END-- [ RunTime:0.000368s ]
INFO: Run Behavior\ParseTemplateBehavior [ RunTime:0.014995s ]
INFO: [ view_parse ] --END-- [ RunTime:0.015230s ]
INFO: [ view_filter ] --START--
INFO: Run Behavior\WriteHtmlCacheBehavior [ RunTime:0.001147s ]
INFO: [ view_filter ] --END-- [ RunTime:0.001349s ]
INFO: [ app_end ] --START--
INFO: Run Behavior\ShowPageTraceBehavior [ RunTime:0.001548s ]
INFO: [ app_end ] --END-- [ RunTime:0.001786s ]

[ 2018-09-12T09:52:02+08:00 ] 127.0.0.1 /admin.php?c=login&a=check
INFO: [ app_init ] --START--
INFO: Run Behavior\BuildLiteBehavior [ RunTime:0.000065s ]
INFO: [ app_init ] --END-- [ RunTime:0.001226s ]
INFO: [ app_begin ] --START--
INFO: Run Behavior\ReadHtmlCacheBehavior [ RunTime:0.001823s ]
INFO: [ app_begin ] --END-- [ RunTime:0.002086s ]
SQL: SHOW COLUMNS FROM `cms_admin` [ RunTime:0.0012s ]
SQL: SELECT * FROM `cms_admin` WHERE ( username="admin" ) LIMIT 1   [ RunTime:0.0006s ]
SQL: UPDATE `cms_admin` SET `lastlogintime`='1536717122' WHERE ( admin_id=1 ) [ RunTime:0.0007s ]

[ 2018-09-12T09:52:03+08:00 ] 127.0.0.1 /admin.php?c=index
INFO: [ app_init ] --START--
INFO: Run Behavior\BuildLiteBehavior [ RunTime:0.000105s ]
INFO: [ app_init ] --END-- [ RunTime:0.001858s ]
INFO: [ app_begin ] --START--
INFO: Run Behavior\ReadHtmlCacheBehavior [ RunTime:0.002251s ]
INFO: [ app_begin ] --END-- [ RunTime:0.002654s ]
NOTIC: [2048] Declaration of Common\Model\NewsModel::find() should be compatible with Think\Model::find($options = Array) C:\phpDemo\test01\Application\Common\Model\NewsModel.class.php 第 8 行.
SQL: SHOW COLUMNS FROM `cms_news` [ RunTime:0.0017s ]
SQL: SELECT * FROM `cms_news` WHERE `status` = 1 ORDER BY count desc LIMIT 1   [ RunTime:0.0012s ]
SQL: SELECT COUNT(*) AS tp_count FROM `cms_news` WHERE `status` <> -1 LIMIT 1   [ RunTime:0.0007s ]
NOTIC: [2048] Declaration of Common\Model\PositionModel::find() should be compatible with Think\Model::find($options = Array) C:\phpDemo\test01\Application\Common\Model\PositionModel.class.php 第 80 行.
SQL: SHOW COLUMNS FROM `cms_position` [ RunTime:0.0018s ]
SQL: SELECT COUNT(*) AS tp_count FROM `cms_position` WHERE `status` = 1 LIMIT 1   [ RunTime:0.0018s ]
SQL: SHOW COLUMNS FROM `cms_admin` [ RunTime:0.0226s ]
SQL: SELECT COUNT(*) AS tp_count FROM `cms_admin` WHERE `status` = 1 AND `lastlogintime` > 1536681600 LIMIT 1   [ RunTime:0.0008s ]
NOTIC: [2] Illegal string offset 'tp_count' C:\phpDemo\test01\Application\Common\Model\AdminModel.class.php 第 74 行.
INFO: [ view_parse ] --START--
INFO: [ template_filter ] --START--
INFO: Run Behavior\ContentReplaceBehavior [ RunTime:0.000272s ]
INFO: [ template_filter ] --END-- [ RunTime:0.000617s ]
NOTIC: [2048] Declaration of Common\Model\MenuModel::find() should be compatible with Think\Model::find($options = Array) C:\phpDemo\test01\Application\Common\Model\MenuModel.class.php 第 92 行.
SQL: SHOW COLUMNS FROM `cms_menu` [ RunTime:0.0009s ]
SQL: SELECT * FROM `cms_menu` WHERE `status` <> -1 AND `type` = 1 ORDER BY listorder desc,menu_id desc  [ RunTime:0.0006s ]
NOTIC: [8] Undefined index: a C:\phpDemo\test01\Application\Common\Common\function.php 第 33 行.
NOTIC: [8] Undefined index: a C:\phpDemo\test01\Application\Common\Common\function.php 第 33 行.
NOTIC: [8] Undefined index: a C:\phpDemo\test01\Application\Common\Common\function.php 第 33 行.
NOTIC: [8] Undefined index: a C:\phpDemo\test01\Application\Common\Common\function.php 第 33 行.
NOTIC: [8] Undefined index: a C:\phpDemo\test01\Application\Common\Common\function.php 第 33 行.
NOTIC: [8] Undefined index: a C:\phpDemo\test01\Application\Common\Common\function.php 第 33 行.
INFO: Run Behavior\ParseTemplateBehavior [ RunTime:0.084838s ]
INFO: [ view_parse ] --END-- [ RunTime:0.085116s ]
INFO: [ view_filter ] --START--
INFO: Run Behavior\WriteHtmlCacheBehavior [ RunTime:0.000934s ]
INFO: [ view_filter ] --END-- [ RunTime:0.001193s ]
INFO: [ app_end ] --START--
INFO: Run Behavior\ShowPageTraceBehavior [ RunTime:0.001299s ]
INFO: [ app_end ] --END-- [ RunTime:0.001559s ]

[ 2018-09-12T10:49:41+08:00 ] 127.0.0.1 /admin.php
INFO: [ app_init ] --START--
INFO: Run Behavior\BuildLiteBehavior [ RunTime:0.000044s ]
INFO: [ app_init ] --END-- [ RunTime:0.000875s ]
INFO: [ app_begin ] --START--
INFO: Run Behavior\ReadHtmlCacheBehavior [ RunTime:0.001442s ]
INFO: [ app_begin ] --END-- [ RunTime:0.001681s ]
NOTIC: [2048] Declaration of Common\Model\NewsModel::find() should be compatible with Think\Model::find($options = Array) C:\phpDemo\test01\Application\Common\Model\NewsModel.class.php 第 8 行.
SQL: SHOW COLUMNS FROM `cms_news` [ RunTime:0.0013s ]
SQL: SELECT * FROM `cms_news` WHERE `status` = 1 ORDER BY count desc LIMIT 1   [ RunTime:0.0008s ]
SQL: SELECT COUNT(*) AS tp_count FROM `cms_news` WHERE `status` <> -1 LIMIT 1   [ RunTime:0.0005s ]
NOTIC: [2048] Declaration of Common\Model\PositionModel::find() should be compatible with Think\Model::find($options = Array) C:\phpDemo\test01\Application\Common\Model\PositionModel.class.php 第 80 行.
SQL: SHOW COLUMNS FROM `cms_position` [ RunTime:0.0007s ]
SQL: SELECT COUNT(*) AS tp_count FROM `cms_position` WHERE `status` = 1 LIMIT 1   [ RunTime:0.0004s ]
SQL: SHOW COLUMNS FROM `cms_admin` [ RunTime:0.0007s ]
SQL: SELECT COUNT(*) AS tp_count FROM `cms_admin` WHERE `status` = 1 AND `lastlogintime` > 1536681600 LIMIT 1   [ RunTime:0.0004s ]
NOTIC: [2] Illegal string offset 'tp_count' C:\phpDemo\test01\Application\Common\Model\AdminModel.class.php 第 74 行.
INFO: [ view_parse ] --START--
INFO: [ template_filter ] --START--
INFO: Run Behavior\ContentReplaceBehavior [ RunTime:0.000117s ]
INFO: [ template_filter ] --END-- [ RunTime:0.000269s ]
NOTIC: [2048] Declaration of Common\Model\MenuModel::find() should be compatible with Think\Model::find($options = Array) C:\phpDemo\test01\Application\Common\Model\MenuModel.class.php 第 92 行.
SQL: SHOW COLUMNS FROM `cms_menu` [ RunTime:0.0008s ]
SQL: SELECT * FROM `cms_menu` WHERE `status` <> -1 AND `type` = 1 ORDER BY listorder desc,menu_id desc  [ RunTime:0.0004s ]
NOTIC: [8] Undefined index: a C:\phpDemo\test01\Application\Common\Common\function.php 第 33 行.
NOTIC: [8] Undefined index: a C:\phpDemo\test01\Application\Common\Common\function.php 第 33 行.
NOTIC: [8] Undefined index: a C:\phpDemo\test01\Application\Common\Common\function.php 第 33 行.
NOTIC: [8] Undefined index: a C:\phpDemo\test01\Application\Common\Common\function.php 第 33 行.
NOTIC: [8] Undefined index: a C:\phpDemo\test01\Application\Common\Common\function.php 第 33 行.
NOTIC: [8] Undefined index: a C:\phpDemo\test01\Application\Common\Common\function.php 第 33 行.
INFO: Run Behavior\ParseTemplateBehavior [ RunTime:0.042135s ]
INFO: [ view_parse ] --END-- [ RunTime:0.042290s ]
INFO: [ view_filter ] --START--
INFO: Run Behavior\WriteHtmlCacheBehavior [ RunTime:0.000740s ]
INFO: [ view_filter ] --END-- [ RunTime:0.000884s ]
INFO: [ app_end ] --START--
INFO: Run Behavior\ShowPageTraceBehavior [ RunTime:0.000958s ]
INFO: [ app_end ] --END-- [ RunTime:0.001127s ]

[ 2018-09-12T10:49:46+08:00 ] 127.0.0.1 /admin.php?c=admin
INFO: [ app_init ] --START--
INFO: Run Behavior\BuildLiteBehavior [ RunTime:0.000032s ]
INFO: [ app_init ] --END-- [ RunTime:0.000749s ]
INFO: [ app_begin ] --START--
INFO: Run Behavior\ReadHtmlCacheBehavior [ RunTime:0.000999s ]
INFO: [ app_begin ] --END-- [ RunTime:0.001205s ]
NOTIC: [2048] Declaration of Admin\Controller\AdminController::setStatus() should be compatible with Admin\Controller\CommonController::setStatus($data, $models) C:\phpDemo\test01\Application\Admin\Controller\AdminController.class.php 第 9 行.
SQL: SHOW COLUMNS FROM `cms_admin` [ RunTime:0.0013s ]
SQL: SELECT * FROM `cms_admin` WHERE `status` <> -1 ORDER BY admin_id desc  [ RunTime:0.0007s ]
INFO: [ view_parse ] --START--
INFO: [ template_filter ] --START--
INFO: Run Behavior\ContentReplaceBehavior [ RunTime:0.000344s ]
INFO: [ template_filter ] --END-- [ RunTime:0.000792s ]
NOTIC: [2048] Declaration of Common\Model\MenuModel::find() should be compatible with Think\Model::find($options = Array) C:\phpDemo\test01\Application\Common\Model\MenuModel.class.php 第 92 行.
SQL: SHOW COLUMNS FROM `cms_menu` [ RunTime:0.0016s ]
SQL: SELECT * FROM `cms_menu` WHERE `status` <> -1 AND `type` = 1 ORDER BY listorder desc,menu_id desc  [ RunTime:0.0010s ]
NOTIC: [8] Undefined index: a C:\phpDemo\test01\Application\Common\Common\function.php 第 33 行.
NOTIC: [8] Undefined index: a C:\phpDemo\test01\Application\Common\Common\function.php 第 33 行.
NOTIC: [8] Undefined index: a C:\phpDemo\test01\Application\Common\Common\function.php 第 33 行.
NOTIC: [8] Undefined index: a C:\phpDemo\test01\Application\Common\Common\function.php 第 33 行.
NOTIC: [8] Undefined index: a C:\phpDemo\test01\Application\Common\Common\function.php 第 33 行.
NOTIC: [8] Undefined index: a C:\phpDemo\test01\Application\Common\Common\function.php 第 33 行.
NOTIC: [8] Undefined variable: nav C:\phpDemo\test01\Application\Runtime\Cache\Admin\b682812e058c4f7cab74d08ab9eabe11.php 第 101 行.
INFO: Run Behavior\ParseTemplateBehavior [ RunTime:0.141800s ]
INFO: [ view_parse ] --END-- [ RunTime:0.142200s ]
INFO: [ view_filter ] --START--
INFO: Run Behavior\WriteHtmlCacheBehavior [ RunTime:0.001994s ]
INFO: [ view_filter ] --END-- [ RunTime:0.002344s ]
INFO: [ app_end ] --START--
INFO: Run Behavior\ShowPageTraceBehavior [ RunTime:0.002533s ]
INFO: [ app_end ] --END-- [ RunTime:0.002913s ]

[ 2018-09-12T10:49:53+08:00 ] 127.0.0.1 /admin.php?c=basic
INFO: [ app_init ] --START--
INFO: Run Behavior\BuildLiteBehavior [ RunTime:0.000071s ]
INFO: [ app_init ] --END-- [ RunTime:0.001439s ]
INFO: [ app_begin ] --START--
INFO: Run Behavior\ReadHtmlCacheBehavior [ RunTime:0.002265s ]
INFO: [ app_begin ] --END-- [ RunTime:0.002632s ]
NOTIC: [2048] Declaration of Common\Model\BasicModel::save() should be compatible with Think\Model::save($data = '', $options = Array) C:\phpDemo\test01\Application\Common\Model\BasicModel.class.php 第 8 行.
NOTIC: [2048] Declaration of Common\Model\BasicModel::select() should be compatible with Think\Model::select($options = Array) C:\phpDemo\test01\Application\Common\Model\BasicModel.class.php 第 8 行.
INFO: [ view_parse ] --START--
INFO: [ template_filter ] --START--
INFO: Run Behavior\ContentReplaceBehavior [ RunTime:0.000191s ]
INFO: [ template_filter ] --END-- [ RunTime:0.000464s ]
NOTIC: [2048] Declaration of Common\Model\MenuModel::find() should be compatible with Think\Model::find($options = Array) C:\phpDemo\test01\Application\Common\Model\MenuModel.class.php 第 92 行.
SQL: SHOW COLUMNS FROM `cms_menu` [ RunTime:0.0018s ]
SQL: SELECT * FROM `cms_menu` WHERE `status` <> -1 AND `type` = 1 ORDER BY listorder desc,menu_id desc  [ RunTime:0.0011s ]
NOTIC: [8] Undefined index: a C:\phpDemo\test01\Application\Common\Common\function.php 第 33 行.
NOTIC: [8] Undefined index: a C:\phpDemo\test01\Application\Common\Common\function.php 第 33 行.
NOTIC: [8] Undefined index: a C:\phpDemo\test01\Application\Common\Common\function.php 第 33 行.
NOTIC: [8] Undefined index: a C:\phpDemo\test01\Application\Common\Common\function.php 第 33 行.
NOTIC: [8] Undefined index: a C:\phpDemo\test01\Application\Common\Common\function.php 第 33 行.
NOTIC: [8] Undefined index: a C:\phpDemo\test01\Application\Common\Common\function.php 第 33 行.
INFO: Run Behavior\ParseTemplateBehavior [ RunTime:0.115105s ]
INFO: [ view_parse ] --END-- [ RunTime:0.115411s ]
INFO: [ view_filter ] --START--
INFO: Run Behavior\WriteHtmlCacheBehavior [ RunTime:0.002055s ]
INFO: [ view_filter ] --END-- [ RunTime:0.002381s ]
INFO: [ app_end ] --START--
INFO: Run Behavior\ShowPageTraceBehavior [ RunTime:0.002444s ]
INFO: [ app_end ] --END-- [ RunTime:0.002809s ]

[ 2018-09-12T10:49:55+08:00 ] 127.0.0.1 /admin.php?c=positioncontent
INFO: [ app_init ] --START--
INFO: Run Behavior\BuildLiteBehavior [ RunTime:0.000105s ]
INFO: [ app_init ] --END-- [ RunTime:0.001509s ]
INFO: [ app_begin ] --START--
INFO: Run Behavior\ReadHtmlCacheBehavior [ RunTime:0.001638s ]
INFO: [ app_begin ] --END-- [ RunTime:0.001916s ]
NOTIC: [2048] Declaration of Admin\Controller\PositioncontentController::setStatus() should be compatible with Admin\Controller\CommonController::setStatus($data, $models) C:\phpDemo\test01\Application\Admin\Controller\PositioncontentController.class.php 第 9 行.
NOTIC: [2048] Declaration of Admin\Controller\PositioncontentController::listorder() should be compatible with Admin\Controller\CommonController::listorder($model = '') C:\phpDemo\test01\Application\Admin\Controller\PositioncontentController.class.php 第 9 行.
NOTIC: [2048] Declaration of Common\Model\PositionModel::find() should be compatible with Think\Model::find($options = Array) C:\phpDemo\test01\Application\Common\Model\PositionModel.class.php 第 8 行.
SQL: SHOW COLUMNS FROM `cms_position` [ RunTime:0.0012s ]
SQL: SELECT * FROM `cms_position` WHERE `status` = 1 ORDER BY id  [ RunTime:0.0007s ]
NOTIC: [8] Undefined index: title C:\phpDemo\test01\Application\Admin\Controller\PositioncontentController.class.php 第 14 行.
NOTIC: [8] Undefined index: position_id C:\phpDemo\test01\Application\Admin\Controller\PositioncontentController.class.php 第 18 行.
NOTIC: [2048] Declaration of Common\Model\PositionContentModel::find() should be compatible with Think\Model::find($options = Array) C:\phpDemo\test01\Application\Common\Model\PositionContentModel.class.php 第 88 行.
SQL: SHOW COLUMNS FROM `cms_position_content` [ RunTime:0.0012s ]
NOTIC: [8] Undefined index: title C:\phpDemo\test01\Application\Common\Model\PositionContentModel.class.php 第 17 行.
SQL: SELECT * FROM `cms_position_content` WHERE `status` <> -1 AND `position_id` = 2 ORDER BY listorder desc ,id desc  [ RunTime:0.0008s ]
INFO: [ view_parse ] --START--
INFO: [ template_filter ] --START--
INFO: Run Behavior\ContentReplaceBehavior [ RunTime:0.000319s ]
INFO: [ template_filter ] --END-- [ RunTime:0.000630s ]
NOTIC: [2048] Declaration of Common\Model\MenuModel::find() should be compatible with Think\Model::find($options = Array) C:\phpDemo\test01\Application\Common\Model\MenuModel.class.php 第 92 行.
SQL: SHOW COLUMNS FROM `cms_menu` [ RunTime:0.0013s ]
SQL: SELECT * FROM `cms_menu` WHERE `status` <> -1 AND `type` = 1 ORDER BY listorder desc,menu_id desc  [ RunTime:0.0008s ]
NOTIC: [8] Undefined index: a C:\phpDemo\test01\Application\Common\Common\function.php 第 33 行.
NOTIC: [8] Undefined index: a C:\phpDemo\test01\Application\Common\Common\function.php 第 33 行.
NOTIC: [8] Undefined index: a C:\phpDemo\test01\Application\Common\Common\function.php 第 33 行.
NOTIC: [8] Undefined index: a C:\phpDemo\test01\Application\Common\Common\function.php 第 33 行.
NOTIC: [8] Undefined index: a C:\phpDemo\test01\Application\Common\Common\function.php 第 33 行.
NOTIC: [8] Undefined index: a C:\phpDemo\test01\Application\Common\Common\function.php 第 33 行.
NOTIC: [8] Undefined variable: title C:\phpDemo\test01\Application\Runtime\Cache\Admin\b8a8b9d170e6c07d7b463ea02385894d.php 第 120 行.
INFO: Run Behavior\ParseTemplateBehavior [ RunTime:0.133586s ]
INFO: [ view_parse ] --END-- [ RunTime:0.133859s ]
INFO: [ view_filter ] --START--
INFO: Run Behavior\WriteHtmlCacheBehavior [ RunTime:0.001558s ]
INFO: [ view_filter ] --END-- [ RunTime:0.001821s ]
INFO: [ app_end ] --START--
INFO: Run Behavior\ShowPageTraceBehavior [ RunTime:0.002037s ]
INFO: [ app_end ] --END-- [ RunTime:0.002346s ]

[ 2018-09-12T10:50:01+08:00 ] 127.0.0.1 /admin.php?c=position
INFO: [ app_init ] --START--
INFO: Run Behavior\BuildLiteBehavior [ RunTime:0.000095s ]
INFO: [ app_init ] --END-- [ RunTime:0.001017s ]
INFO: [ app_begin ] --START--
INFO: Run Behavior\ReadHtmlCacheBehavior [ RunTime:0.001340s ]
INFO: [ app_begin ] --END-- [ RunTime:0.001566s ]
NOTIC: [2048] Declaration of Admin\Controller\PositionController::setStatus() should be compatible with Admin\Controller\CommonController::setStatus($data, $models) C:\phpDemo\test01\Application\Admin\Controller\PositionController.class.php 第 7 行.
NOTIC: [2048] Declaration of Common\Model\PositionModel::find() should be compatible with Think\Model::find($options = Array) C:\phpDemo\test01\Application\Common\Model\PositionModel.class.php 第 8 行.
SQL: SHOW COLUMNS FROM `cms_position` [ RunTime:0.0014s ]
SQL: SELECT * FROM `cms_position` WHERE `status` <> -1 ORDER BY id  [ RunTime:0.0008s ]
INFO: [ view_parse ] --START--
INFO: [ template_filter ] --START--
INFO: Run Behavior\ContentReplaceBehavior [ RunTime:0.000224s ]
INFO: [ template_filter ] --END-- [ RunTime:0.000530s ]
NOTIC: [2048] Declaration of Common\Model\MenuModel::find() should be compatible with Think\Model::find($options = Array) C:\phpDemo\test01\Application\Common\Model\MenuModel.class.php 第 92 行.
SQL: SHOW COLUMNS FROM `cms_menu` [ RunTime:0.0013s ]
SQL: SELECT * FROM `cms_menu` WHERE `status` <> -1 AND `type` = 1 ORDER BY listorder desc,menu_id desc  [ RunTime:0.0009s ]
NOTIC: [8] Undefined index: a C:\phpDemo\test01\Application\Common\Common\function.php 第 33 行.
NOTIC: [8] Undefined index: a C:\phpDemo\test01\Application\Common\Common\function.php 第 33 行.
NOTIC: [8] Undefined index: a C:\phpDemo\test01\Application\Common\Common\function.php 第 33 行.
NOTIC: [8] Undefined index: a C:\phpDemo\test01\Application\Common\Common\function.php 第 33 行.
NOTIC: [8] Undefined index: a C:\phpDemo\test01\Application\Common\Common\function.php 第 33 行.
NOTIC: [8] Undefined index: a C:\phpDemo\test01\Application\Common\Common\function.php 第 33 行.
INFO: Run Behavior\ParseTemplateBehavior [ RunTime:0.112305s ]
INFO: [ view_parse ] --END-- [ RunTime:0.112631s ]
INFO: [ view_filter ] --START--
INFO: Run Behavior\WriteHtmlCacheBehavior [ RunTime:0.001656s ]
INFO: [ view_filter ] --END-- [ RunTime:0.001942s ]
INFO: [ app_end ] --START--
INFO: Run Behavior\ShowPageTraceBehavior [ RunTime:0.002139s ]
INFO: [ app_end ] --END-- [ RunTime:0.002469s ]

[ 2018-09-12T10:50:02+08:00 ] 127.0.0.1 /admin.php?c=positioncontent
INFO: [ app_init ] --START--
INFO: Run Behavior\BuildLiteBehavior [ RunTime:0.000047s ]
INFO: [ app_init ] --END-- [ RunTime:0.001296s ]
INFO: [ app_begin ] --START--
INFO: Run Behavior\ReadHtmlCacheBehavior [ RunTime:0.001329s ]
INFO: [ app_begin ] --END-- [ RunTime:0.001552s ]
NOTIC: [2048] Declaration of Admin\Controller\PositioncontentController::setStatus() should be compatible with Admin\Controller\CommonController::setStatus($data, $models) C:\phpDemo\test01\Application\Admin\Controller\PositioncontentController.class.php 第 9 行.
NOTIC: [2048] Declaration of Admin\Controller\PositioncontentController::listorder() should be compatible with Admin\Controller\CommonController::listorder($model = '') C:\phpDemo\test01\Application\Admin\Controller\PositioncontentController.class.php 第 9 行.
NOTIC: [2048] Declaration of Common\Model\PositionModel::find() should be compatible with Think\Model::find($options = Array) C:\phpDemo\test01\Application\Common\Model\PositionModel.class.php 第 8 行.
SQL: SHOW COLUMNS FROM `cms_position` [ RunTime:0.0010s ]
SQL: SELECT * FROM `cms_position` WHERE `status` = 1 ORDER BY id  [ RunTime:0.0006s ]
NOTIC: [8] Undefined index: title C:\phpDemo\test01\Application\Admin\Controller\PositioncontentController.class.php 第 14 行.
NOTIC: [8] Undefined index: position_id C:\phpDemo\test01\Application\Admin\Controller\PositioncontentController.class.php 第 18 行.
NOTIC: [2048] Declaration of Common\Model\PositionContentModel::find() should be compatible with Think\Model::find($options = Array) C:\phpDemo\test01\Application\Common\Model\PositionContentModel.class.php 第 88 行.
SQL: SHOW COLUMNS FROM `cms_position_content` [ RunTime:0.0026s ]
NOTIC: [8] Undefined index: title C:\phpDemo\test01\Application\Common\Model\PositionContentModel.class.php 第 17 行.
SQL: SELECT * FROM `cms_position_content` WHERE `status` <> -1 AND `position_id` = 2 ORDER BY listorder desc ,id desc  [ RunTime:0.0007s ]
INFO: [ view_parse ] --START--
INFO: [ template_filter ] --START--
INFO: Run Behavior\ContentReplaceBehavior [ RunTime:0.000191s ]
INFO: [ template_filter ] --END-- [ RunTime:0.000428s ]
NOTIC: [2048] Declaration of Common\Model\MenuModel::find() should be compatible with Think\Model::find($options = Array) C:\phpDemo\test01\Application\Common\Model\MenuModel.class.php 第 92 行.
SQL: SHOW COLUMNS FROM `cms_menu` [ RunTime:0.0010s ]
SQL: SELECT * FROM `cms_menu` WHERE `status` <> -1 AND `type` = 1 ORDER BY listorder desc,menu_id desc  [ RunTime:0.0007s ]
NOTIC: [8] Undefined index: a C:\phpDemo\test01\Application\Common\Common\function.php 第 33 行.
NOTIC: [8] Undefined index: a C:\phpDemo\test01\Application\Common\Common\function.php 第 33 行.
NOTIC: [8] Undefined index: a C:\phpDemo\test01\Application\Common\Common\function.php 第 33 行.
NOTIC: [8] Undefined index: a C:\phpDemo\test01\Application\Common\Common\function.php 第 33 行.
NOTIC: [8] Undefined index: a C:\phpDemo\test01\Application\Common\Common\function.php 第 33 行.
NOTIC: [8] Undefined index: a C:\phpDemo\test01\Application\Common\Common\function.php 第 33 行.
NOTIC: [8] Undefined variable: title C:\phpDemo\test01\Application\Runtime\Cache\Admin\b8a8b9d170e6c07d7b463ea02385894d.php 第 120 行.
INFO: Run Behavior\ParseTemplateBehavior [ RunTime:0.104321s ]
INFO: [ view_parse ] --END-- [ RunTime:0.104564s ]
INFO: [ view_filter ] --START--
INFO: Run Behavior\WriteHtmlCacheBehavior [ RunTime:0.001229s ]
INFO: [ view_filter ] --END-- [ RunTime:0.001459s ]
INFO: [ app_end ] --START--
INFO: Run Behavior\ShowPageTraceBehavior [ RunTime:0.001587s ]
INFO: [ app_end ] --END-- [ RunTime:0.001839s ]

[ 2018-09-12T10:50:07+08:00 ] 127.0.0.1 /admin.php?c=positioncontent&a=listorder
INFO: [ app_init ] --START--
INFO: Run Behavior\BuildLiteBehavior [ RunTime:0.000045s ]
INFO: [ app_init ] --END-- [ RunTime:0.000840s ]
INFO: [ app_begin ] --START--
INFO: Run Behavior\ReadHtmlCacheBehavior [ RunTime:0.001280s ]
INFO: [ app_begin ] --END-- [ RunTime:0.001463s ]
NOTIC: [2048] Declaration of Admin\Controller\PositioncontentController::setStatus() should be compatible with Admin\Controller\CommonController::setStatus($data, $models) C:\phpDemo\test01\Application\Admin\Controller\PositioncontentController.class.php 第 9 行.
NOTIC: [2048] Declaration of Admin\Controller\PositioncontentController::listorder() should be compatible with Admin\Controller\CommonController::listorder($model = '') C:\phpDemo\test01\Application\Admin\Controller\PositioncontentController.class.php 第 9 行.
NOTIC: [2048] Declaration of Common\Model\PositionContentModel::find() should be compatible with Think\Model::find($options = Array) C:\phpDemo\test01\Application\Common\Model\PositionContentModel.class.php 第 8 行.
SQL: SHOW COLUMNS FROM `cms_position_content` [ RunTime:0.0011s ]
SQL: UPDATE `cms_position_content` SET `listorder`='0' WHERE ( id=35 ) [ RunTime:0.0005s ]
SQL: UPDATE `cms_position_content` SET `listorder`='3' WHERE ( id=34 ) [ RunTime:0.0006s ]
SQL: UPDATE `cms_position_content` SET `listorder`='0' WHERE ( id=28 ) [ RunTime:0.0005s ]

[ 2018-09-12T10:50:08+08:00 ] 127.0.0.1 /admin.php?c=positioncontent
INFO: [ app_init ] --START--
INFO: Run Behavior\BuildLiteBehavior [ RunTime:0.000119s ]
INFO: [ app_init ] --END-- [ RunTime:0.001971s ]
INFO: [ app_begin ] --START--
INFO: Run Behavior\ReadHtmlCacheBehavior [ RunTime:0.002378s ]
INFO: [ app_begin ] --END-- [ RunTime:0.002774s ]
NOTIC: [2048] Declaration of Admin\Controller\PositioncontentController::setStatus() should be compatible with Admin\Controller\CommonController::setStatus($data, $models) C:\phpDemo\test01\Application\Admin\Controller\PositioncontentController.class.php 第 9 行.
NOTIC: [2048] Declaration of Admin\Controller\PositioncontentController::listorder() should be compatible with Admin\Controller\CommonController::listorder($model = '') C:\phpDemo\test01\Application\Admin\Controller\PositioncontentController.class.php 第 9 行.
NOTIC: [2048] Declaration of Common\Model\PositionModel::find() should be compatible with Think\Model::find($options = Array) C:\phpDemo\test01\Application\Common\Model\PositionModel.class.php 第 8 行.
SQL: SHOW COLUMNS FROM `cms_position` [ RunTime:0.0011s ]
SQL: SELECT * FROM `cms_position` WHERE `status` = 1 ORDER BY id  [ RunTime:0.0006s ]
NOTIC: [8] Undefined index: title C:\phpDemo\test01\Application\Admin\Controller\PositioncontentController.class.php 第 14 行.
NOTIC: [8] Undefined index: position_id C:\phpDemo\test01\Application\Admin\Controller\PositioncontentController.class.php 第 18 行.
NOTIC: [2048] Declaration of Common\Model\PositionContentModel::find() should be compatible with Think\Model::find($options = Array) C:\phpDemo\test01\Application\Common\Model\PositionContentModel.class.php 第 88 行.
SQL: SHOW COLUMNS FROM `cms_position_content` [ RunTime:0.0012s ]
NOTIC: [8] Undefined index: title C:\phpDemo\test01\Application\Common\Model\PositionContentModel.class.php 第 17 行.
SQL: SELECT * FROM `cms_position_content` WHERE `status` <> -1 AND `position_id` = 2 ORDER BY listorder desc ,id desc  [ RunTime:0.0009s ]
INFO: [ view_parse ] --START--
INFO: [ template_filter ] --START--
INFO: Run Behavior\ContentReplaceBehavior [ RunTime:0.000203s ]
INFO: [ template_filter ] --END-- [ RunTime:0.000458s ]
NOTIC: [2048] Declaration of Common\Model\MenuModel::find() should be compatible with Think\Model::find($options = Array) C:\phpDemo\test01\Application\Common\Model\MenuModel.class.php 第 92 行.
SQL: SHOW COLUMNS FROM `cms_menu` [ RunTime:0.0010s ]
SQL: SELECT * FROM `cms_menu` WHERE `status` <> -1 AND `type` = 1 ORDER BY listorder desc,menu_id desc  [ RunTime:0.0006s ]
NOTIC: [8] Undefined index: a C:\phpDemo\test01\Application\Common\Common\function.php 第 33 行.
NOTIC: [8] Undefined index: a C:\phpDemo\test01\Application\Common\Common\function.php 第 33 行.
NOTIC: [8] Undefined index: a C:\phpDemo\test01\Application\Common\Common\function.php 第 33 行.
NOTIC: [8] Undefined index: a C:\phpDemo\test01\Application\Common\Common\function.php 第 33 行.
NOTIC: [8] Undefined index: a C:\phpDemo\test01\Application\Common\Common\function.php 第 33 行.
NOTIC: [8] Undefined index: a C:\phpDemo\test01\Application\Common\Common\function.php 第 33 行.
NOTIC: [8] Undefined variable: title C:\phpDemo\test01\Application\Runtime\Cache\Admin\b8a8b9d170e6c07d7b463ea02385894d.php 第 120 行.
INFO: Run Behavior\ParseTemplateBehavior [ RunTime:0.103902s ]
INFO: [ view_parse ] --END-- [ RunTime:0.104139s ]
INFO: [ view_filter ] --START--
INFO: Run Behavior\WriteHtmlCacheBehavior [ RunTime:0.001105s ]
INFO: [ view_filter ] --END-- [ RunTime:0.001307s ]
INFO: [ app_end ] --START--
INFO: Run Behavior\ShowPageTraceBehavior [ RunTime:0.001586s ]
INFO: [ app_end ] --END-- [ RunTime:0.001809s ]

[ 2018-09-12T11:04:46+08:00 ] 127.0.0.1 /admin.php?c=menu
INFO: [ app_init ] --START--
INFO: Run Behavior\BuildLiteBehavior [ RunTime:0.000117s ]
INFO: [ app_init ] --END-- [ RunTime:0.002304s ]
INFO: [ app_begin ] --START--
INFO: Run Behavior\ReadHtmlCacheBehavior [ RunTime:0.002857s ]
INFO: [ app_begin ] --END-- [ RunTime:0.003322s ]
NOTIC: [2048] Declaration of Admin\Controller\MenuController::setStatus() should be compatible with Admin\Controller\CommonController::setStatus($data, $models) C:\phpDemo\test01\Application\Admin\Controller\MenuController.class.php 第 9 行.
NOTIC: [2048] Declaration of Admin\Controller\MenuController::listorder() should be compatible with Admin\Controller\CommonController::listorder($model = '') C:\phpDemo\test01\Application\Admin\Controller\MenuController.class.php 第 9 行.
NOTIC: [8] Undefined index: p C:\phpDemo\test01\Application\Admin\Controller\MenuController.class.php 第 51 行.
NOTIC: [8] Undefined index: pageSize C:\phpDemo\test01\Application\Admin\Controller\MenuController.class.php 第 52 行.
NOTIC: [2048] Declaration of Common\Model\MenuModel::find() should be compatible with Think\Model::find($options = Array) C:\phpDemo\test01\Application\Common\Model\MenuModel.class.php 第 5 行.
SQL: SHOW COLUMNS FROM `cms_menu` [ RunTime:0.0021s ]
SQL: SELECT * FROM `cms_menu` WHERE `status` <> -1 ORDER BY listorder desc,menu_id desc LIMIT 0,3   [ RunTime:0.0011s ]
SQL: SELECT COUNT(*) AS tp_count FROM `cms_menu` WHERE `status` <> -1 LIMIT 1   [ RunTime:0.0008s ]
NOTIC: [8] Undefined variable: sing_path C:\phpDemo\test01\ThinkPHP\Common\functions.php 第 991 行.
INFO: [ view_parse ] --START--
INFO: [ template_filter ] --START--
INFO: Run Behavior\ContentReplaceBehavior [ RunTime:0.000322s ]
INFO: [ template_filter ] --END-- [ RunTime:0.000721s ]
SQL: SELECT * FROM `cms_menu` WHERE `status` <> -1 AND `type` = 1 ORDER BY listorder desc,menu_id desc  [ RunTime:0.0012s ]
NOTIC: [8] Undefined index: a C:\phpDemo\test01\Application\Common\Common\function.php 第 33 行.
NOTIC: [8] Undefined index: a C:\phpDemo\test01\Application\Common\Common\function.php 第 33 行.
NOTIC: [8] Undefined index: a C:\phpDemo\test01\Application\Common\Common\function.php 第 33 行.
NOTIC: [8] Undefined index: a C:\phpDemo\test01\Application\Common\Common\function.php 第 33 行.
NOTIC: [8] Undefined index: a C:\phpDemo\test01\Application\Common\Common\function.php 第 33 行.
NOTIC: [8] Undefined index: a C:\phpDemo\test01\Application\Common\Common\function.php 第 33 行.
NOTIC: [8] Undefined variable: nav C:\phpDemo\test01\Application\Runtime\Cache\Admin\b956215329b6f9aca22277599a4efdfc.php 第 101 行.
INFO: Run Behavior\ParseTemplateBehavior [ RunTime:0.139382s ]
INFO: [ view_parse ] --END-- [ RunTime:0.139763s ]
INFO: [ view_filter ] --START--
INFO: Run Behavior\WriteHtmlCacheBehavior [ RunTime:0.002224s ]
INFO: [ view_filter ] --END-- [ RunTime:0.002590s ]
INFO: [ app_end ] --START--
INFO: Run Behavior\ShowPageTraceBehavior [ RunTime:0.004195s ]
INFO: [ app_end ] --END-- [ RunTime:0.004785s ]

[ 2018-09-12T11:05:08+08:00 ] 127.0.0.1 /admin.php?c=menu&a=listorder
INFO: [ app_init ] --START--
INFO: Run Behavior\BuildLiteBehavior [ RunTime:0.000064s ]
INFO: [ app_init ] --END-- [ RunTime:0.001219s ]
INFO: [ app_begin ] --START--
INFO: Run Behavior\ReadHtmlCacheBehavior [ RunTime:0.001883s ]
INFO: [ app_begin ] --END-- [ RunTime:0.002149s ]
NOTIC: [2048] Declaration of Admin\Controller\MenuController::setStatus() should be compatible with Admin\Controller\CommonController::setStatus($data, $models) C:\phpDemo\test01\Application\Admin\Controller\MenuController.class.php 第 9 行.
NOTIC: [2048] Declaration of Admin\Controller\MenuController::listorder() should be compatible with Admin\Controller\CommonController::listorder($model = '') C:\phpDemo\test01\Application\Admin\Controller\MenuController.class.php 第 9 行.
NOTIC: [2048] Declaration of Common\Model\MenuModel::find() should be compatible with Think\Model::find($options = Array) C:\phpDemo\test01\Application\Common\Model\MenuModel.class.php 第 5 行.
SQL: SHOW COLUMNS FROM `cms_menu` [ RunTime:0.0013s ]
SQL: UPDATE `cms_menu` SET `listorder`='10' WHERE ( menu_id=1 ) [ RunTime:0.0007s ]
SQL: UPDATE `cms_menu` SET `listorder`='9' WHERE ( menu_id=6 ) [ RunTime:0.0005s ]
SQL: UPDATE `cms_menu` SET `listorder`='11' WHERE ( menu_id=9 ) [ RunTime:0.0026s ]

[ 2018-09-12T11:05:09+08:00 ] 127.0.0.1 /admin.php?c=menu
INFO: [ app_init ] --START--
INFO: Run Behavior\BuildLiteBehavior [ RunTime:0.000045s ]
INFO: [ app_init ] --END-- [ RunTime:0.000842s ]
INFO: [ app_begin ] --START--
INFO: Run Behavior\ReadHtmlCacheBehavior [ RunTime:0.001413s ]
INFO: [ app_begin ] --END-- [ RunTime:0.001752s ]
NOTIC: [2048] Declaration of Admin\Controller\MenuController::setStatus() should be compatible with Admin\Controller\CommonController::setStatus($data, $models) C:\phpDemo\test01\Application\Admin\Controller\MenuController.class.php 第 9 行.
NOTIC: [2048] Declaration of Admin\Controller\MenuController::listorder() should be compatible with Admin\Controller\CommonController::listorder($model = '') C:\phpDemo\test01\Application\Admin\Controller\MenuController.class.php 第 9 行.
NOTIC: [8] Undefined index: p C:\phpDemo\test01\Application\Admin\Controller\MenuController.class.php 第 51 行.
NOTIC: [8] Undefined index: pageSize C:\phpDemo\test01\Application\Admin\Controller\MenuController.class.php 第 52 行.
NOTIC: [2048] Declaration of Common\Model\MenuModel::find() should be compatible with Think\Model::find($options = Array) C:\phpDemo\test01\Application\Common\Model\MenuModel.class.php 第 5 行.
SQL: SHOW COLUMNS FROM `cms_menu` [ RunTime:0.0012s ]
SQL: SELECT * FROM `cms_menu` WHERE `status` <> -1 ORDER BY listorder desc,menu_id desc LIMIT 0,3   [ RunTime:0.0006s ]
SQL: SELECT COUNT(*) AS tp_count FROM `cms_menu` WHERE `status` <> -1 LIMIT 1   [ RunTime:0.0005s ]
NOTIC: [8] Undefined variable: sing_path C:\phpDemo\test01\ThinkPHP\Common\functions.php 第 991 行.
INFO: [ view_parse ] --START--
INFO: [ template_filter ] --START--
INFO: Run Behavior\ContentReplaceBehavior [ RunTime:0.000183s ]
INFO: [ template_filter ] --END-- [ RunTime:0.000421s ]
SQL: SELECT * FROM `cms_menu` WHERE `status` <> -1 AND `type` = 1 ORDER BY listorder desc,menu_id desc  [ RunTime:0.0009s ]
NOTIC: [8] Undefined index: a C:\phpDemo\test01\Application\Common\Common\function.php 第 33 行.
NOTIC: [8] Undefined index: a C:\phpDemo\test01\Application\Common\Common\function.php 第 33 行.
NOTIC: [8] Undefined index: a C:\phpDemo\test01\Application\Common\Common\function.php 第 33 行.
NOTIC: [8] Undefined index: a C:\phpDemo\test01\Application\Common\Common\function.php 第 33 行.
NOTIC: [8] Undefined index: a C:\phpDemo\test01\Application\Common\Common\function.php 第 33 行.
NOTIC: [8] Undefined index: a C:\phpDemo\test01\Application\Common\Common\function.php 第 33 行.
NOTIC: [8] Undefined variable: nav C:\phpDemo\test01\Application\Runtime\Cache\Admin\b956215329b6f9aca22277599a4efdfc.php 第 101 行.
INFO: Run Behavior\ParseTemplateBehavior [ RunTime:0.032795s ]
INFO: [ view_parse ] --END-- [ RunTime:0.033039s ]
INFO: [ view_filter ] --START--
INFO: Run Behavior\WriteHtmlCacheBehavior [ RunTime:0.001273s ]
INFO: [ view_filter ] --END-- [ RunTime:0.001524s ]
INFO: [ app_end ] --START--
INFO: Run Behavior\ShowPageTraceBehavior [ RunTime:0.001599s ]
INFO: [ app_end ] --END-- [ RunTime:0.001859s ]

[ 2018-09-12T11:05:09+08:00 ] 127.0.0.1 /admin.php?c=menu
INFO: [ app_init ] --START--
INFO: Run Behavior\BuildLiteBehavior [ RunTime:0.000072s ]
INFO: [ app_init ] --END-- [ RunTime:0.001286s ]
INFO: [ app_begin ] --START--
INFO: Run Behavior\ReadHtmlCacheBehavior [ RunTime:0.001463s ]
INFO: [ app_begin ] --END-- [ RunTime:0.001719s ]
NOTIC: [2048] Declaration of Admin\Controller\MenuController::setStatus() should be compatible with Admin\Controller\CommonController::setStatus($data, $models) C:\phpDemo\test01\Application\Admin\Controller\MenuController.class.php 第 9 行.
NOTIC: [2048] Declaration of Admin\Controller\MenuController::listorder() should be compatible with Admin\Controller\CommonController::listorder($model = '') C:\phpDemo\test01\Application\Admin\Controller\MenuController.class.php 第 9 行.
NOTIC: [8] Undefined index: p C:\phpDemo\test01\Application\Admin\Controller\MenuController.class.php 第 51 行.
NOTIC: [8] Undefined index: pageSize C:\phpDemo\test01\Application\Admin\Controller\MenuController.class.php 第 52 行.
NOTIC: [2048] Declaration of Common\Model\MenuModel::find() should be compatible with Think\Model::find($options = Array) C:\phpDemo\test01\Application\Common\Model\MenuModel.class.php 第 5 行.
SQL: SHOW COLUMNS FROM `cms_menu` [ RunTime:0.0011s ]
SQL: SELECT * FROM `cms_menu` WHERE `status` <> -1 ORDER BY listorder desc,menu_id desc LIMIT 0,3   [ RunTime:0.0006s ]
SQL: SELECT COUNT(*) AS tp_count FROM `cms_menu` WHERE `status` <> -1 LIMIT 1   [ RunTime:0.0005s ]
NOTIC: [8] Undefined variable: sing_path C:\phpDemo\test01\ThinkPHP\Common\functions.php 第 991 行.
INFO: [ view_parse ] --START--
INFO: [ template_filter ] --START--
INFO: Run Behavior\ContentReplaceBehavior [ RunTime:0.000176s ]
INFO: [ template_filter ] --END-- [ RunTime:0.000394s ]
SQL: SELECT * FROM `cms_menu` WHERE `status` <> -1 AND `type` = 1 ORDER BY listorder desc,menu_id desc  [ RunTime:0.0008s ]
NOTIC: [8] Undefined index: a C:\phpDemo\test01\Application\Common\Common\function.php 第 33 行.
NOTIC: [8] Undefined index: a C:\phpDemo\test01\Application\Common\Common\function.php 第 33 行.
NOTIC: [8] Undefined index: a C:\phpDemo\test01\Application\Common\Common\function.php 第 33 行.
NOTIC: [8] Undefined index: a C:\phpDemo\test01\Application\Common\Common\function.php 第 33 行.
NOTIC: [8] Undefined index: a C:\phpDemo\test01\Application\Common\Common\function.php 第 33 行.
NOTIC: [8] Undefined index: a C:\phpDemo\test01\Application\Common\Common\function.php 第 33 行.
NOTIC: [8] Undefined variable: nav C:\phpDemo\test01\Application\Runtime\Cache\Admin\b956215329b6f9aca22277599a4efdfc.php 第 101 行.
INFO: Run Behavior\ParseTemplateBehavior [ RunTime:0.029311s ]
INFO: [ view_parse ] --END-- [ RunTime:0.029522s ]
INFO: [ view_filter ] --START--
INFO: Run Behavior\WriteHtmlCacheBehavior [ RunTime:0.001314s ]
INFO: [ view_filter ] --END-- [ RunTime:0.001528s ]
INFO: [ app_end ] --START--
INFO: Run Behavior\ShowPageTraceBehavior [ RunTime:0.001661s ]
INFO: [ app_end ] --END-- [ RunTime:0.001918s ]

[ 2018-09-12T11:05:14+08:00 ] 127.0.0.1 /admin.php?c=menu&a=listorder
INFO: [ app_init ] --START--
INFO: Run Behavior\BuildLiteBehavior [ RunTime:0.000056s ]
INFO: [ app_init ] --END-- [ RunTime:0.001034s ]
INFO: [ app_begin ] --START--
INFO: Run Behavior\ReadHtmlCacheBehavior [ RunTime:0.001575s ]
INFO: [ app_begin ] --END-- [ RunTime:0.001806s ]
NOTIC: [2048] Declaration of Admin\Controller\MenuController::setStatus() should be compatible with Admin\Controller\CommonController::setStatus($data, $models) C:\phpDemo\test01\Application\Admin\Controller\MenuController.class.php 第 9 行.
NOTIC: [2048] Declaration of Admin\Controller\MenuController::listorder() should be compatible with Admin\Controller\CommonController::listorder($model = '') C:\phpDemo\test01\Application\Admin\Controller\MenuController.class.php 第 9 行.
NOTIC: [2048] Declaration of Common\Model\MenuModel::find() should be compatible with Think\Model::find($options = Array) C:\phpDemo\test01\Application\Common\Model\MenuModel.class.php 第 5 行.
SQL: SHOW COLUMNS FROM `cms_menu` [ RunTime:0.0014s ]
SQL: UPDATE `cms_menu` SET `listorder`='7' WHERE ( menu_id=9 ) [ RunTime:0.0007s ]
SQL: UPDATE `cms_menu` SET `listorder`='10' WHERE ( menu_id=1 ) [ RunTime:0.0005s ]
SQL: UPDATE `cms_menu` SET `listorder`='9' WHERE ( menu_id=6 ) [ RunTime:0.0005s ]

[ 2018-09-12T11:05:15+08:00 ] 127.0.0.1 /admin.php?c=menu
INFO: [ app_init ] --START--
INFO: Run Behavior\BuildLiteBehavior [ RunTime:0.000045s ]
INFO: [ app_init ] --END-- [ RunTime:0.000828s ]
INFO: [ app_begin ] --START--
INFO: Run Behavior\ReadHtmlCacheBehavior [ RunTime:0.001327s ]
INFO: [ app_begin ] --END-- [ RunTime:0.001660s ]
NOTIC: [2048] Declaration of Admin\Controller\MenuController::setStatus() should be compatible with Admin\Controller\CommonController::setStatus($data, $models) C:\phpDemo\test01\Application\Admin\Controller\MenuController.class.php 第 9 行.
NOTIC: [2048] Declaration of Admin\Controller\MenuController::listorder() should be compatible with Admin\Controller\CommonController::listorder($model = '') C:\phpDemo\test01\Application\Admin\Controller\MenuController.class.php 第 9 行.
NOTIC: [8] Undefined index: p C:\phpDemo\test01\Application\Admin\Controller\MenuController.class.php 第 51 行.
NOTIC: [8] Undefined index: pageSize C:\phpDemo\test01\Application\Admin\Controller\MenuController.class.php 第 52 行.
NOTIC: [2048] Declaration of Common\Model\MenuModel::find() should be compatible with Think\Model::find($options = Array) C:\phpDemo\test01\Application\Common\Model\MenuModel.class.php 第 5 行.
SQL: SHOW COLUMNS FROM `cms_menu` [ RunTime:0.0017s ]
SQL: SELECT * FROM `cms_menu` WHERE `status` <> -1 ORDER BY listorder desc,menu_id desc LIMIT 0,3   [ RunTime:0.0006s ]
SQL: SELECT COUNT(*) AS tp_count FROM `cms_menu` WHERE `status` <> -1 LIMIT 1   [ RunTime:0.0005s ]
NOTIC: [8] Undefined variable: sing_path C:\phpDemo\test01\ThinkPHP\Common\functions.php 第 991 行.
INFO: [ view_parse ] --START--
INFO: [ template_filter ] --START--
INFO: Run Behavior\ContentReplaceBehavior [ RunTime:0.000224s ]
INFO: [ template_filter ] --END-- [ RunTime:0.000504s ]
SQL: SELECT * FROM `cms_menu` WHERE `status` <> -1 AND `type` = 1 ORDER BY listorder desc,menu_id desc  [ RunTime:0.0009s ]
NOTIC: [8] Undefined index: a C:\phpDemo\test01\Application\Common\Common\function.php 第 33 行.
NOTIC: [8] Undefined index: a C:\phpDemo\test01\Application\Common\Common\function.php 第 33 行.
NOTIC: [8] Undefined index: a C:\phpDemo\test01\Application\Common\Common\function.php 第 33 行.
NOTIC: [8] Undefined index: a C:\phpDemo\test01\Application\Common\Common\function.php 第 33 行.
NOTIC: [8] Undefined index: a C:\phpDemo\test01\Application\Common\Common\function.php 第 33 行.
NOTIC: [8] Undefined index: a C:\phpDemo\test01\Application\Common\Common\function.php 第 33 行.
NOTIC: [8] Undefined variable: nav C:\phpDemo\test01\Application\Runtime\Cache\Admin\b956215329b6f9aca22277599a4efdfc.php 第 101 行.
INFO: Run Behavior\ParseTemplateBehavior [ RunTime:0.034949s ]
INFO: [ view_parse ] --END-- [ RunTime:0.035187s ]
INFO: [ view_filter ] --START--
INFO: Run Behavior\WriteHtmlCacheBehavior [ RunTime:0.001548s ]
INFO: [ view_filter ] --END-- [ RunTime:0.001806s ]
INFO: [ app_end ] --START--
INFO: Run Behavior\ShowPageTraceBehavior [ RunTime:0.001947s ]
INFO: [ app_end ] --END-- [ RunTime:0.002266s ]

[ 2018-09-12T11:05:17+08:00 ] 127.0.0.1 /admin.php?c=menu&a=add
INFO: [ app_init ] --START--
INFO: Run Behavior\BuildLiteBehavior [ RunTime:0.000045s ]
INFO: [ app_init ] --END-- [ RunTime:0.000823s ]
INFO: [ app_begin ] --START--
INFO: Run Behavior\ReadHtmlCacheBehavior [ RunTime:0.001511s ]
INFO: [ app_begin ] --END-- [ RunTime:0.001825s ]
NOTIC: [2048] Declaration of Admin\Controller\MenuController::setStatus() should be compatible with Admin\Controller\CommonController::setStatus($data, $models) C:\phpDemo\test01\Application\Admin\Controller\MenuController.class.php 第 9 行.
NOTIC: [2048] Declaration of Admin\Controller\MenuController::listorder() should be compatible with Admin\Controller\CommonController::listorder($model = '') C:\phpDemo\test01\Application\Admin\Controller\MenuController.class.php 第 9 行.
INFO: [ view_parse ] --START--
INFO: [ template_filter ] --START--
INFO: Run Behavior\ContentReplaceBehavior [ RunTime:0.000177s ]
INFO: [ template_filter ] --END-- [ RunTime:0.000394s ]
NOTIC: [2048] Declaration of Common\Model\MenuModel::find() should be compatible with Think\Model::find($options = Array) C:\phpDemo\test01\Application\Common\Model\MenuModel.class.php 第 5 行.
SQL: SHOW COLUMNS FROM `cms_menu` [ RunTime:0.0016s ]
SQL: SELECT * FROM `cms_menu` WHERE `status` <> -1 AND `type` = 1 ORDER BY listorder desc,menu_id desc  [ RunTime:0.0010s ]
NOTIC: [8] Undefined index: a C:\phpDemo\test01\Application\Common\Common\function.php 第 33 行.
NOTIC: [8] Undefined index: a C:\phpDemo\test01\Application\Common\Common\function.php 第 33 行.
NOTIC: [8] Undefined index: a C:\phpDemo\test01\Application\Common\Common\function.php 第 33 行.
NOTIC: [8] Undefined index: a C:\phpDemo\test01\Application\Common\Common\function.php 第 33 行.
NOTIC: [8] Undefined index: a C:\phpDemo\test01\Application\Common\Common\function.php 第 33 行.
NOTIC: [8] Undefined index: a C:\phpDemo\test01\Application\Common\Common\function.php 第 33 行.
NOTIC: [8] Undefined variable: menus C:\phpDemo\test01\Application\Runtime\Cache\Admin\31553d7bb41170a30982ff9dddd5d67e.php 第 123 行.
INFO: Run Behavior\ParseTemplateBehavior [ RunTime:0.100464s ]
INFO: [ view_parse ] --END-- [ RunTime:0.100758s ]
INFO: [ view_filter ] --START--
INFO: Run Behavior\WriteHtmlCacheBehavior [ RunTime:0.007219s ]
INFO: [ view_filter ] --END-- [ RunTime:0.007519s ]
INFO: [ app_end ] --START--
INFO: Run Behavior\ShowPageTraceBehavior [ RunTime:0.002684s ]
INFO: [ app_end ] --END-- [ RunTime:0.003078s ]

[ 2018-09-12T11:05:31+08:00 ] 127.0.0.1 /admin.php?c=menu
INFO: [ app_init ] --START--
INFO: Run Behavior\BuildLiteBehavior [ RunTime:0.000039s ]
INFO: [ app_init ] --END-- [ RunTime:0.000948s ]
INFO: [ app_begin ] --START--
INFO: Run Behavior\ReadHtmlCacheBehavior [ RunTime:0.002279s ]
INFO: [ app_begin ] --END-- [ RunTime:0.002679s ]
NOTIC: [2048] Declaration of Admin\Controller\MenuController::setStatus() should be compatible with Admin\Controller\CommonController::setStatus($data, $models) C:\phpDemo\test01\Application\Admin\Controller\MenuController.class.php 第 9 行.
NOTIC: [2048] Declaration of Admin\Controller\MenuController::listorder() should be compatible with Admin\Controller\CommonController::listorder($model = '') C:\phpDemo\test01\Application\Admin\Controller\MenuController.class.php 第 9 行.
NOTIC: [8] Undefined index: p C:\phpDemo\test01\Application\Admin\Controller\MenuController.class.php 第 51 行.
NOTIC: [8] Undefined index: pageSize C:\phpDemo\test01\Application\Admin\Controller\MenuController.class.php 第 52 行.
NOTIC: [2048] Declaration of Common\Model\MenuModel::find() should be compatible with Think\Model::find($options = Array) C:\phpDemo\test01\Application\Common\Model\MenuModel.class.php 第 5 行.
SQL: SHOW COLUMNS FROM `cms_menu` [ RunTime:0.0015s ]
SQL: SELECT * FROM `cms_menu` WHERE `status` <> -1 ORDER BY listorder desc,menu_id desc LIMIT 0,3   [ RunTime:0.0018s ]
SQL: SELECT COUNT(*) AS tp_count FROM `cms_menu` WHERE `status` <> -1 LIMIT 1   [ RunTime:0.0007s ]
NOTIC: [8] Undefined variable: sing_path C:\phpDemo\test01\ThinkPHP\Common\functions.php 第 991 行.
INFO: [ view_parse ] --START--
INFO: [ template_filter ] --START--
INFO: Run Behavior\ContentReplaceBehavior [ RunTime:0.000261s ]
INFO: [ template_filter ] --END-- [ RunTime:0.000584s ]
SQL: SELECT * FROM `cms_menu` WHERE `status` <> -1 AND `type` = 1 ORDER BY listorder desc,menu_id desc  [ RunTime:0.0011s ]
NOTIC: [8] Undefined index: a C:\phpDemo\test01\Application\Common\Common\function.php 第 33 行.
NOTIC: [8] Undefined index: a C:\phpDemo\test01\Application\Common\Common\function.php 第 33 行.
NOTIC: [8] Undefined index: a C:\phpDemo\test01\Application\Common\Common\function.php 第 33 行.
NOTIC: [8] Undefined index: a C:\phpDemo\test01\Application\Common\Common\function.php 第 33 行.
NOTIC: [8] Undefined index: a C:\phpDemo\test01\Application\Common\Common\function.php 第 33 行.
NOTIC: [8] Undefined index: a C:\phpDemo\test01\Application\Common\Common\function.php 第 33 行.
NOTIC: [8] Undefined variable: nav C:\phpDemo\test01\Application\Runtime\Cache\Admin\b956215329b6f9aca22277599a4efdfc.php 第 101 行.
INFO: Run Behavior\ParseTemplateBehavior [ RunTime:0.043757s ]
INFO: [ view_parse ] --END-- [ RunTime:0.044085s ]
INFO: [ view_filter ] --START--
INFO: Run Behavior\WriteHtmlCacheBehavior [ RunTime:0.001735s ]
INFO: [ view_filter ] --END-- [ RunTime:0.002025s ]
INFO: [ app_end ] --START--
INFO: Run Behavior\ShowPageTraceBehavior [ RunTime:0.002220s ]
INFO: [ app_end ] --END-- [ RunTime:0.002611s ]

[ 2018-09-12T11:05:34+08:00 ] 127.0.0.1 /admin.php?type=&c=menu&a=index
INFO: [ app_init ] --START--
INFO: Run Behavior\BuildLiteBehavior [ RunTime:0.000044s ]
INFO: [ app_init ] --END-- [ RunTime:0.000834s ]
INFO: [ app_begin ] --START--
INFO: Run Behavior\ReadHtmlCacheBehavior [ RunTime:0.001283s ]
INFO: [ app_begin ] --END-- [ RunTime:0.001518s ]
NOTIC: [2048] Declaration of Admin\Controller\MenuController::setStatus() should be compatible with Admin\Controller\CommonController::setStatus($data, $models) C:\phpDemo\test01\Application\Admin\Controller\MenuController.class.php 第 9 行.
NOTIC: [2048] Declaration of Admin\Controller\MenuController::listorder() should be compatible with Admin\Controller\CommonController::listorder($model = '') C:\phpDemo\test01\Application\Admin\Controller\MenuController.class.php 第 9 行.
NOTIC: [8] Undefined index: p C:\phpDemo\test01\Application\Admin\Controller\MenuController.class.php 第 51 行.
NOTIC: [8] Undefined index: pageSize C:\phpDemo\test01\Application\Admin\Controller\MenuController.class.php 第 52 行.
NOTIC: [2048] Declaration of Common\Model\MenuModel::find() should be compatible with Think\Model::find($options = Array) C:\phpDemo\test01\Application\Common\Model\MenuModel.class.php 第 5 行.
SQL: SHOW COLUMNS FROM `cms_menu` [ RunTime:0.0011s ]
SQL: SELECT * FROM `cms_menu` WHERE `type` = 0 AND `status` <> -1 ORDER BY listorder desc,menu_id desc LIMIT 0,3   [ RunTime:0.0007s ]
SQL: SELECT COUNT(*) AS tp_count FROM `cms_menu` WHERE `type` = 0 AND `status` <> -1 LIMIT 1   [ RunTime:0.0005s ]
NOTIC: [8] Undefined variable: sing_path C:\phpDemo\test01\ThinkPHP\Common\functions.php 第 991 行.
INFO: [ view_parse ] --START--
INFO: [ template_filter ] --START--
INFO: Run Behavior\ContentReplaceBehavior [ RunTime:0.000179s ]
INFO: [ template_filter ] --END-- [ RunTime:0.000402s ]
SQL: SELECT * FROM `cms_menu` WHERE `status` <> -1 AND `type` = 1 ORDER BY listorder desc,menu_id desc  [ RunTime:0.0008s ]
NOTIC: [8] Undefined index: a C:\phpDemo\test01\Application\Common\Common\function.php 第 33 行.
NOTIC: [8] Undefined index: a C:\phpDemo\test01\Application\Common\Common\function.php 第 33 行.
NOTIC: [8] Undefined index: a C:\phpDemo\test01\Application\Common\Common\function.php 第 33 行.
NOTIC: [8] Undefined index: a C:\phpDemo\test01\Application\Common\Common\function.php 第 33 行.
NOTIC: [8] Undefined index: a C:\phpDemo\test01\Application\Common\Common\function.php 第 33 行.
NOTIC: [8] Undefined index: a C:\phpDemo\test01\Application\Common\Common\function.php 第 33 行.
NOTIC: [8] Undefined variable: nav C:\phpDemo\test01\Application\Runtime\Cache\Admin\b956215329b6f9aca22277599a4efdfc.php 第 101 行.
INFO: Run Behavior\ParseTemplateBehavior [ RunTime:0.030161s ]
INFO: [ view_parse ] --END-- [ RunTime:0.030382s ]
INFO: [ view_filter ] --START--
INFO: Run Behavior\WriteHtmlCacheBehavior [ RunTime:0.001163s ]
INFO: [ view_filter ] --END-- [ RunTime:0.001367s ]
INFO: [ app_end ] --START--
INFO: Run Behavior\ShowPageTraceBehavior [ RunTime:0.001467s ]
INFO: [ app_end ] --END-- [ RunTime:0.001718s ]

[ 2018-09-12T11:05:38+08:00 ] 127.0.0.1 /admin.php?type=1&c=menu&a=index
INFO: [ app_init ] --START--
INFO: Run Behavior\BuildLiteBehavior [ RunTime:0.000050s ]
INFO: [ app_init ] --END-- [ RunTime:0.000950s ]
INFO: [ app_begin ] --START--
INFO: Run Behavior\ReadHtmlCacheBehavior [ RunTime:0.001750s ]
INFO: [ app_begin ] --END-- [ RunTime:0.002078s ]
NOTIC: [2048] Declaration of Admin\Controller\MenuController::setStatus() should be compatible with Admin\Controller\CommonController::setStatus($data, $models) C:\phpDemo\test01\Application\Admin\Controller\MenuController.class.php 第 9 行.
NOTIC: [2048] Declaration of Admin\Controller\MenuController::listorder() should be compatible with Admin\Controller\CommonController::listorder($model = '') C:\phpDemo\test01\Application\Admin\Controller\MenuController.class.php 第 9 行.
NOTIC: [8] Undefined index: p C:\phpDemo\test01\Application\Admin\Controller\MenuController.class.php 第 51 行.
NOTIC: [8] Undefined index: pageSize C:\phpDemo\test01\Application\Admin\Controller\MenuController.class.php 第 52 行.
NOTIC: [2048] Declaration of Common\Model\MenuModel::find() should be compatible with Think\Model::find($options = Array) C:\phpDemo\test01\Application\Common\Model\MenuModel.class.php 第 5 行.
SQL: SHOW COLUMNS FROM `cms_menu` [ RunTime:0.0010s ]
SQL: SELECT * FROM `cms_menu` WHERE `type` = 1 AND `status` <> -1 ORDER BY listorder desc,menu_id desc LIMIT 0,3   [ RunTime:0.0006s ]
SQL: SELECT COUNT(*) AS tp_count FROM `cms_menu` WHERE `type` = 1 AND `status` <> -1 LIMIT 1   [ RunTime:0.0005s ]
NOTIC: [8] Undefined variable: sing_path C:\phpDemo\test01\ThinkPHP\Common\functions.php 第 991 行.
INFO: [ view_parse ] --START--
INFO: [ template_filter ] --START--
INFO: Run Behavior\ContentReplaceBehavior [ RunTime:0.000178s ]
INFO: [ template_filter ] --END-- [ RunTime:0.000404s ]
SQL: SELECT * FROM `cms_menu` WHERE `status` <> -1 AND `type` = 1 ORDER BY listorder desc,menu_id desc  [ RunTime:0.0008s ]
NOTIC: [8] Undefined index: a C:\phpDemo\test01\Application\Common\Common\function.php 第 33 行.
NOTIC: [8] Undefined index: a C:\phpDemo\test01\Application\Common\Common\function.php 第 33 行.
NOTIC: [8] Undefined index: a C:\phpDemo\test01\Application\Common\Common\function.php 第 33 行.
NOTIC: [8] Undefined index: a C:\phpDemo\test01\Application\Common\Common\function.php 第 33 行.
NOTIC: [8] Undefined index: a C:\phpDemo\test01\Application\Common\Common\function.php 第 33 行.
NOTIC: [8] Undefined index: a C:\phpDemo\test01\Application\Common\Common\function.php 第 33 行.
NOTIC: [8] Undefined variable: nav C:\phpDemo\test01\Application\Runtime\Cache\Admin\b956215329b6f9aca22277599a4efdfc.php 第 101 行.
INFO: Run Behavior\ParseTemplateBehavior [ RunTime:0.030993s ]
INFO: [ view_parse ] --END-- [ RunTime:0.031258s ]
INFO: [ view_filter ] --START--
INFO: Run Behavior\WriteHtmlCacheBehavior [ RunTime:0.009731s ]
INFO: [ view_filter ] --END-- [ RunTime:0.010058s ]
INFO: [ app_end ] --START--
INFO: Run Behavior\ShowPageTraceBehavior [ RunTime:0.003170s ]
INFO: [ app_end ] --END-- [ RunTime:0.003736s ]

[ 2018-09-12T11:05:42+08:00 ] 127.0.0.1 /admin.php?type=0&c=menu&a=index
INFO: [ app_init ] --START--
INFO: Run Behavior\BuildLiteBehavior [ RunTime:0.000045s ]
INFO: [ app_init ] --END-- [ RunTime:0.000852s ]
INFO: [ app_begin ] --START--
INFO: Run Behavior\ReadHtmlCacheBehavior [ RunTime:0.001473s ]
INFO: [ app_begin ] --END-- [ RunTime:0.001761s ]
NOTIC: [2048] Declaration of Admin\Controller\MenuController::setStatus() should be compatible with Admin\Controller\CommonController::setStatus($data, $models) C:\phpDemo\test01\Application\Admin\Controller\MenuController.class.php 第 9 行.
NOTIC: [2048] Declaration of Admin\Controller\MenuController::listorder() should be compatible with Admin\Controller\CommonController::listorder($model = '') C:\phpDemo\test01\Application\Admin\Controller\MenuController.class.php 第 9 行.
NOTIC: [8] Undefined index: p C:\phpDemo\test01\Application\Admin\Controller\MenuController.class.php 第 51 行.
NOTIC: [8] Undefined index: pageSize C:\phpDemo\test01\Application\Admin\Controller\MenuController.class.php 第 52 行.
NOTIC: [2048] Declaration of Common\Model\MenuModel::find() should be compatible with Think\Model::find($options = Array) C:\phpDemo\test01\Application\Common\Model\MenuModel.class.php 第 5 行.
SQL: SHOW COLUMNS FROM `cms_menu` [ RunTime:0.0010s ]
SQL: SELECT * FROM `cms_menu` WHERE `type` = 0 AND `status` <> -1 ORDER BY listorder desc,menu_id desc LIMIT 0,3   [ RunTime:0.0006s ]
SQL: SELECT COUNT(*) AS tp_count FROM `cms_menu` WHERE `type` = 0 AND `status` <> -1 LIMIT 1   [ RunTime:0.0010s ]
NOTIC: [8] Undefined variable: sing_path C:\phpDemo\test01\ThinkPHP\Common\functions.php 第 991 行.
INFO: [ view_parse ] --START--
INFO: [ template_filter ] --START--
INFO: Run Behavior\ContentReplaceBehavior [ RunTime:0.000178s ]
INFO: [ template_filter ] --END-- [ RunTime:0.000410s ]
SQL: SELECT * FROM `cms_menu` WHERE `status` <> -1 AND `type` = 1 ORDER BY listorder desc,menu_id desc  [ RunTime:0.0009s ]
NOTIC: [8] Undefined index: a C:\phpDemo\test01\Application\Common\Common\function.php 第 33 行.
NOTIC: [8] Undefined index: a C:\phpDemo\test01\Application\Common\Common\function.php 第 33 行.
NOTIC: [8] Undefined index: a C:\phpDemo\test01\Application\Common\Common\function.php 第 33 行.
NOTIC: [8] Undefined index: a C:\phpDemo\test01\Application\Common\Common\function.php 第 33 行.
NOTIC: [8] Undefined index: a C:\phpDemo\test01\Application\Common\Common\function.php 第 33 行.
NOTIC: [8] Undefined index: a C:\phpDemo\test01\Application\Common\Common\function.php 第 33 行.
NOTIC: [8] Undefined variable: nav C:\phpDemo\test01\Application\Runtime\Cache\Admin\b956215329b6f9aca22277599a4efdfc.php 第 101 行.
INFO: Run Behavior\ParseTemplateBehavior [ RunTime:0.032057s ]
INFO: [ view_parse ] --END-- [ RunTime:0.032283s ]
INFO: [ view_filter ] --START--
INFO: Run Behavior\WriteHtmlCacheBehavior [ RunTime:0.001176s ]
INFO: [ view_filter ] --END-- [ RunTime:0.001380s ]
INFO: [ app_end ] --START--
INFO: Run Behavior\ShowPageTraceBehavior [ RunTime:0.001471s ]
INFO: [ app_end ] --END-- [ RunTime:0.001718s ]

[ 2018-09-12T11:05:53+08:00 ] 127.0.0.1 /admin.php?c=menu&a=listorder
INFO: [ app_init ] --START--
INFO: Run Behavior\BuildLiteBehavior [ RunTime:0.000066s ]
INFO: [ app_init ] --END-- [ RunTime:0.000971s ]
INFO: [ app_begin ] --START--
INFO: Run Behavior\ReadHtmlCacheBehavior [ RunTime:0.001449s ]
INFO: [ app_begin ] --END-- [ RunTime:0.001660s ]
NOTIC: [2048] Declaration of Admin\Controller\MenuController::setStatus() should be compatible with Admin\Controller\CommonController::setStatus($data, $models) C:\phpDemo\test01\Application\Admin\Controller\MenuController.class.php 第 9 行.
NOTIC: [2048] Declaration of Admin\Controller\MenuController::listorder() should be compatible with Admin\Controller\CommonController::listorder($model = '') C:\phpDemo\test01\Application\Admin\Controller\MenuController.class.php 第 9 行.
NOTIC: [2048] Declaration of Common\Model\MenuModel::find() should be compatible with Think\Model::find($options = Array) C:\phpDemo\test01\Application\Common\Model\MenuModel.class.php 第 5 行.
SQL: SHOW COLUMNS FROM `cms_menu` [ RunTime:0.0011s ]
SQL: UPDATE `cms_menu` SET `listorder`='3' WHERE ( menu_id=3 ) [ RunTime:0.0005s ]
SQL: UPDATE `cms_menu` SET `listorder`='0' WHERE ( menu_id=12 ) [ RunTime:0.0004s ]
SQL: UPDATE `cms_menu` SET `listorder`='0' WHERE ( menu_id=8 ) [ RunTime:0.0004s ]

[ 2018-09-12T11:05:54+08:00 ] 127.0.0.1 /admin.php?type=0&c=menu&a=index
INFO: [ app_init ] --START--
INFO: Run Behavior\BuildLiteBehavior [ RunTime:0.000082s ]
INFO: [ app_init ] --END-- [ RunTime:0.001920s ]
INFO: [ app_begin ] --START--
INFO: Run Behavior\ReadHtmlCacheBehavior [ RunTime:0.002382s ]
INFO: [ app_begin ] --END-- [ RunTime:0.002782s ]
NOTIC: [2048] Declaration of Admin\Controller\MenuController::setStatus() should be compatible with Admin\Controller\CommonController::setStatus($data, $models) C:\phpDemo\test01\Application\Admin\Controller\MenuController.class.php 第 9 行.
NOTIC: [2048] Declaration of Admin\Controller\MenuController::listorder() should be compatible with Admin\Controller\CommonController::listorder($model = '') C:\phpDemo\test01\Application\Admin\Controller\MenuController.class.php 第 9 行.
NOTIC: [8] Undefined index: p C:\phpDemo\test01\Application\Admin\Controller\MenuController.class.php 第 51 行.
NOTIC: [8] Undefined index: pageSize C:\phpDemo\test01\Application\Admin\Controller\MenuController.class.php 第 52 行.
NOTIC: [2048] Declaration of Common\Model\MenuModel::find() should be compatible with Think\Model::find($options = Array) C:\phpDemo\test01\Application\Common\Model\MenuModel.class.php 第 5 行.
SQL: SHOW COLUMNS FROM `cms_menu` [ RunTime:0.0009s ]
SQL: SELECT * FROM `cms_menu` WHERE `type` = 0 AND `status` <> -1 ORDER BY listorder desc,menu_id desc LIMIT 0,3   [ RunTime:0.0006s ]
SQL: SELECT COUNT(*) AS tp_count FROM `cms_menu` WHERE `type` = 0 AND `status` <> -1 LIMIT 1   [ RunTime:0.0004s ]
NOTIC: [8] Undefined variable: sing_path C:\phpDemo\test01\ThinkPHP\Common\functions.php 第 991 行.
INFO: [ view_parse ] --START--
INFO: [ template_filter ] --START--
INFO: Run Behavior\ContentReplaceBehavior [ RunTime:0.000179s ]
INFO: [ template_filter ] --END-- [ RunTime:0.000402s ]
SQL: SELECT * FROM `cms_menu` WHERE `status` <> -1 AND `type` = 1 ORDER BY listorder desc,menu_id desc  [ RunTime:0.0007s ]
NOTIC: [8] Undefined index: a C:\phpDemo\test01\Application\Common\Common\function.php 第 33 行.
NOTIC: [8] Undefined index: a C:\phpDemo\test01\Application\Common\Common\function.php 第 33 行.
NOTIC: [8] Undefined index: a C:\phpDemo\test01\Application\Common\Common\function.php 第 33 行.
NOTIC: [8] Undefined index: a C:\phpDemo\test01\Application\Common\Common\function.php 第 33 行.
NOTIC: [8] Undefined index: a C:\phpDemo\test01\Application\Common\Common\function.php 第 33 行.
NOTIC: [8] Undefined index: a C:\phpDemo\test01\Application\Common\Common\function.php 第 33 行.
NOTIC: [8] Undefined variable: nav C:\phpDemo\test01\Application\Runtime\Cache\Admin\b956215329b6f9aca22277599a4efdfc.php 第 101 行.
INFO: Run Behavior\ParseTemplateBehavior [ RunTime:0.028666s ]
INFO: [ view_parse ] --END-- [ RunTime:0.028869s ]
INFO: [ view_filter ] --START--
INFO: Run Behavior\WriteHtmlCacheBehavior [ RunTime:0.001205s ]
INFO: [ view_filter ] --END-- [ RunTime:0.001406s ]
INFO: [ app_end ] --START--
INFO: Run Behavior\ShowPageTraceBehavior [ RunTime:0.001542s ]
INFO: [ app_end ] --END-- [ RunTime:0.001884s ]

[ 2018-09-12T11:06:03+08:00 ] 127.0.0.1 /admin.php?c=menu&a=add
INFO: [ app_init ] --START--
INFO: Run Behavior\BuildLiteBehavior [ RunTime:0.000075s ]
INFO: [ app_init ] --END-- [ RunTime:0.001670s ]
INFO: [ app_begin ] --START--
INFO: Run Behavior\ReadHtmlCacheBehavior [ RunTime:0.001446s ]
INFO: [ app_begin ] --END-- [ RunTime:0.001699s ]
NOTIC: [2048] Declaration of Admin\Controller\MenuController::setStatus() should be compatible with Admin\Controller\CommonController::setStatus($data, $models) C:\phpDemo\test01\Application\Admin\Controller\MenuController.class.php 第 9 行.
NOTIC: [2048] Declaration of Admin\Controller\MenuController::listorder() should be compatible with Admin\Controller\CommonController::listorder($model = '') C:\phpDemo\test01\Application\Admin\Controller\MenuController.class.php 第 9 行.
INFO: [ view_parse ] --START--
INFO: [ template_filter ] --START--
INFO: Run Behavior\ContentReplaceBehavior [ RunTime:0.000200s ]
INFO: [ template_filter ] --END-- [ RunTime:0.000540s ]
NOTIC: [2048] Declaration of Common\Model\MenuModel::find() should be compatible with Think\Model::find($options = Array) C:\phpDemo\test01\Application\Common\Model\MenuModel.class.php 第 5 行.
SQL: SHOW COLUMNS FROM `cms_menu` [ RunTime:0.0011s ]
SQL: SELECT * FROM `cms_menu` WHERE `status` <> -1 AND `type` = 1 ORDER BY listorder desc,menu_id desc  [ RunTime:0.0006s ]
NOTIC: [8] Undefined index: a C:\phpDemo\test01\Application\Common\Common\function.php 第 33 行.
NOTIC: [8] Undefined index: a C:\phpDemo\test01\Application\Common\Common\function.php 第 33 行.
NOTIC: [8] Undefined index: a C:\phpDemo\test01\Application\Common\Common\function.php 第 33 行.
NOTIC: [8] Undefined index: a C:\phpDemo\test01\Application\Common\Common\function.php 第 33 行.
NOTIC: [8] Undefined index: a C:\phpDemo\test01\Application\Common\Common\function.php 第 33 行.
NOTIC: [8] Undefined index: a C:\phpDemo\test01\Application\Common\Common\function.php 第 33 行.
NOTIC: [8] Undefined variable: menus C:\phpDemo\test01\Application\Runtime\Cache\Admin\31553d7bb41170a30982ff9dddd5d67e.php 第 123 行.
INFO: Run Behavior\ParseTemplateBehavior [ RunTime:0.103935s ]
INFO: [ view_parse ] --END-- [ RunTime:0.104163s ]
INFO: [ view_filter ] --START--
INFO: Run Behavior\WriteHtmlCacheBehavior [ RunTime:0.001195s ]
INFO: [ view_filter ] --END-- [ RunTime:0.001401s ]
INFO: [ app_end ] --START--
INFO: Run Behavior\ShowPageTraceBehavior [ RunTime:0.001713s ]
INFO: [ app_end ] --END-- [ RunTime:0.001969s ]

[ 2018-09-12T11:06:09+08:00 ] 127.0.0.1 /admin.php?c=menu&a=add
INFO: [ app_init ] --START--
INFO: Run Behavior\BuildLiteBehavior [ RunTime:0.000058s ]
INFO: [ app_init ] --END-- [ RunTime:0.001085s ]
INFO: [ app_begin ] --START--
INFO: Run Behavior\ReadHtmlCacheBehavior [ RunTime:0.001728s ]
INFO: [ app_begin ] --END-- [ RunTime:0.001965s ]
NOTIC: [2048] Declaration of Admin\Controller\MenuController::setStatus() should be compatible with Admin\Controller\CommonController::setStatus($data, $models) C:\phpDemo\test01\Application\Admin\Controller\MenuController.class.php 第 9 行.
NOTIC: [2048] Declaration of Admin\Controller\MenuController::listorder() should be compatible with Admin\Controller\CommonController::listorder($model = '') C:\phpDemo\test01\Application\Admin\Controller\MenuController.class.php 第 9 行.

[ 2018-09-12T11:06:11+08:00 ] 127.0.0.1 /admin.php?c=menu
INFO: [ app_init ] --START--
INFO: Run Behavior\BuildLiteBehavior [ RunTime:0.000043s ]
INFO: [ app_init ] --END-- [ RunTime:0.000840s ]
INFO: [ app_begin ] --START--
INFO: Run Behavior\ReadHtmlCacheBehavior [ RunTime:0.001656s ]
INFO: [ app_begin ] --END-- [ RunTime:0.001947s ]
NOTIC: [2048] Declaration of Admin\Controller\MenuController::setStatus() should be compatible with Admin\Controller\CommonController::setStatus($data, $models) C:\phpDemo\test01\Application\Admin\Controller\MenuController.class.php 第 9 行.
NOTIC: [2048] Declaration of Admin\Controller\MenuController::listorder() should be compatible with Admin\Controller\CommonController::listorder($model = '') C:\phpDemo\test01\Application\Admin\Controller\MenuController.class.php 第 9 行.
NOTIC: [8] Undefined index: p C:\phpDemo\test01\Application\Admin\Controller\MenuController.class.php 第 51 行.
NOTIC: [8] Undefined index: pageSize C:\phpDemo\test01\Application\Admin\Controller\MenuController.class.php 第 52 行.
NOTIC: [2048] Declaration of Common\Model\MenuModel::find() should be compatible with Think\Model::find($options = Array) C:\phpDemo\test01\Application\Common\Model\MenuModel.class.php 第 5 行.
SQL: SHOW COLUMNS FROM `cms_menu` [ RunTime:0.0011s ]
SQL: SELECT * FROM `cms_menu` WHERE `status` <> -1 ORDER BY listorder desc,menu_id desc LIMIT 0,3   [ RunTime:0.0007s ]
SQL: SELECT COUNT(*) AS tp_count FROM `cms_menu` WHERE `status` <> -1 LIMIT 1   [ RunTime:0.0007s ]
NOTIC: [8] Undefined variable: sing_path C:\phpDemo\test01\ThinkPHP\Common\functions.php 第 991 行.
INFO: [ view_parse ] --START--
INFO: [ template_filter ] --START--
INFO: Run Behavior\ContentReplaceBehavior [ RunTime:0.000175s ]
INFO: [ template_filter ] --END-- [ RunTime:0.000398s ]
SQL: SELECT * FROM `cms_menu` WHERE `status` <> -1 AND `type` = 1 ORDER BY listorder desc,menu_id desc  [ RunTime:0.0008s ]
NOTIC: [8] Undefined index: a C:\phpDemo\test01\Application\Common\Common\function.php 第 33 行.
NOTIC: [8] Undefined index: a C:\phpDemo\test01\Application\Common\Common\function.php 第 33 行.
NOTIC: [8] Undefined index: a C:\phpDemo\test01\Application\Common\Common\function.php 第 33 行.
NOTIC: [8] Undefined index: a C:\phpDemo\test01\Application\Common\Common\function.php 第 33 行.
NOTIC: [8] Undefined index: a C:\phpDemo\test01\Application\Common\Common\function.php 第 33 行.
NOTIC: [8] Undefined index: a C:\phpDemo\test01\Application\Common\Common\function.php 第 33 行.
NOTIC: [8] Undefined variable: nav C:\phpDemo\test01\Application\Runtime\Cache\Admin\b956215329b6f9aca22277599a4efdfc.php 第 101 行.
INFO: Run Behavior\ParseTemplateBehavior [ RunTime:0.031471s ]
INFO: [ view_parse ] --END-- [ RunTime:0.031696s ]
INFO: [ view_filter ] --START--
INFO: Run Behavior\WriteHtmlCacheBehavior [ RunTime:0.001334s ]
INFO: [ view_filter ] --END-- [ RunTime:0.001599s ]
INFO: [ app_end ] --START--
INFO: Run Behavior\ShowPageTraceBehavior [ RunTime:0.001894s ]
INFO: [ app_end ] --END-- [ RunTime:0.002151s ]

[ 2018-09-12T13:31:52+08:00 ] 127.0.0.1 /admin.php?c=login&a=loginout
INFO: [ app_init ] --START--
INFO: Run Behavior\BuildLiteBehavior [ RunTime:0.000047s ]
INFO: [ app_init ] --END-- [ RunTime:0.024912s ]
INFO: [ app_begin ] --START--
INFO: Run Behavior\ReadHtmlCacheBehavior [ RunTime:0.027353s ]
INFO: [ app_begin ] --END-- [ RunTime:0.027636s ]
NOTIC: [8] Undefined variable: sing_path C:\phpDemo\test01\ThinkPHP\Common\functions.php 第 991 行.
NOTIC: [8] Undefined variable: module C:\phpDemo\test01\ThinkPHP\Common\functions.php 第 994 行.
NOTIC: [8] Undefined variable: var C:\phpDemo\test01\ThinkPHP\Common\functions.php 第 997 行.
NOTIC: [2] array_reverse() expects parameter 1 to be array, null given C:\phpDemo\test01\ThinkPHP\Common\functions.php 第 997 行.
NOTIC: [2] http_build_query(): Parameter 1 expected to be Array or Object.  Incorrect value given C:\phpDemo\test01\ThinkPHP\Common\functions.php 第 997 行.

[ 2018-09-12T13:31:52+08:00 ] 127.0.0.1 /admin.php?&c=login
INFO: [ app_init ] --START--
INFO: Run Behavior\BuildLiteBehavior [ RunTime:0.000047s ]
INFO: [ app_init ] --END-- [ RunTime:0.001025s ]
INFO: [ app_begin ] --START--
INFO: Run Behavior\ReadHtmlCacheBehavior [ RunTime:0.001593s ]
INFO: [ app_begin ] --END-- [ RunTime:0.001847s ]
INFO: [ view_parse ] --START--
INFO: [ template_filter ] --START--
INFO: Run Behavior\ContentReplaceBehavior [ RunTime:0.000142s ]
INFO: [ template_filter ] --END-- [ RunTime:0.000334s ]
INFO: Run Behavior\ParseTemplateBehavior [ RunTime:0.161783s ]
INFO: [ view_parse ] --END-- [ RunTime:0.161972s ]
INFO: [ view_filter ] --START--
INFO: Run Behavior\WriteHtmlCacheBehavior [ RunTime:0.014916s ]
INFO: [ view_filter ] --END-- [ RunTime:0.015100s ]
INFO: [ app_end ] --START--
INFO: Run Behavior\ShowPageTraceBehavior [ RunTime:0.015863s ]
INFO: [ app_end ] --END-- [ RunTime:0.016113s ]

[ 2018-09-12T13:32:02+08:00 ] 127.0.0.1 /admin.php?c=login&a=check
INFO: [ app_init ] --START--
INFO: Run Behavior\BuildLiteBehavior [ RunTime:0.000058s ]
INFO: [ app_init ] --END-- [ RunTime:0.000912s ]
INFO: [ app_begin ] --START--
INFO: Run Behavior\ReadHtmlCacheBehavior [ RunTime:0.001488s ]
INFO: [ app_begin ] --END-- [ RunTime:0.001705s ]
SQL: SHOW COLUMNS FROM `cms_admin` [ RunTime:0.0014s ]
SQL: SELECT * FROM `cms_admin` WHERE ( username="admin" ) LIMIT 1   [ RunTime:0.0004s ]
SQL: UPDATE `cms_admin` SET `lastlogintime`='1536730322' WHERE ( admin_id=1 ) [ RunTime:0.0005s ]

[ 2018-09-12T13:32:03+08:00 ] 127.0.0.1 /admin.php?c=index
INFO: [ app_init ] --START--
INFO: Run Behavior\BuildLiteBehavior [ RunTime:0.000022s ]
INFO: [ app_init ] --END-- [ RunTime:0.000369s ]
INFO: [ app_begin ] --START--
INFO: Run Behavior\ReadHtmlCacheBehavior [ RunTime:0.000731s ]
INFO: [ app_begin ] --END-- [ RunTime:0.000868s ]
NOTIC: [2048] Declaration of Common\Model\NewsModel::find() should be compatible with Think\Model::find($options = Array) C:\phpDemo\test01\Application\Common\Model\NewsModel.class.php 第 8 行.
SQL: SHOW COLUMNS FROM `cms_news` [ RunTime:0.0017s ]
SQL: SELECT * FROM `cms_news` WHERE `status` = 1 ORDER BY count desc LIMIT 1   [ RunTime:0.0011s ]
SQL: SELECT COUNT(*) AS tp_count FROM `cms_news` WHERE `status` <> -1 LIMIT 1   [ RunTime:0.0005s ]
NOTIC: [2048] Declaration of Common\Model\PositionModel::find() should be compatible with Think\Model::find($options = Array) C:\phpDemo\test01\Application\Common\Model\PositionModel.class.php 第 80 行.
SQL: SHOW COLUMNS FROM `cms_position` [ RunTime:0.0013s ]
SQL: SELECT COUNT(*) AS tp_count FROM `cms_position` WHERE `status` = 1 LIMIT 1   [ RunTime:0.0005s ]
SQL: SHOW COLUMNS FROM `cms_admin` [ RunTime:0.0010s ]
SQL: SELECT COUNT(*) AS tp_count FROM `cms_admin` WHERE `status` = 1 AND `lastlogintime` > 1536681600 LIMIT 1   [ RunTime:0.0005s ]
NOTIC: [2] Illegal string offset 'tp_count' C:\phpDemo\test01\Application\Common\Model\AdminModel.class.php 第 74 行.
INFO: [ view_parse ] --START--
INFO: [ template_filter ] --START--
INFO: Run Behavior\ContentReplaceBehavior [ RunTime:0.000192s ]
INFO: [ template_filter ] --END-- [ RunTime:0.000418s ]
NOTIC: [2048] Declaration of Common\Model\MenuModel::find() should be compatible with Think\Model::find($options = Array) C:\phpDemo\test01\Application\Common\Model\MenuModel.class.php 第 92 行.
SQL: SHOW COLUMNS FROM `cms_menu` [ RunTime:0.0012s ]
SQL: SELECT * FROM `cms_menu` WHERE `status` <> -1 AND `type` = 1 ORDER BY listorder desc,menu_id desc  [ RunTime:0.0007s ]
NOTIC: [8] Undefined index: a C:\phpDemo\test01\Application\Common\Common\function.php 第 33 行.
NOTIC: [8] Undefined index: a C:\phpDemo\test01\Application\Common\Common\function.php 第 33 行.
NOTIC: [8] Undefined index: a C:\phpDemo\test01\Application\Common\Common\function.php 第 33 行.
NOTIC: [8] Undefined index: a C:\phpDemo\test01\Application\Common\Common\function.php 第 33 行.
NOTIC: [8] Undefined index: a C:\phpDemo\test01\Application\Common\Common\function.php 第 33 行.
NOTIC: [8] Undefined index: a C:\phpDemo\test01\Application\Common\Common\function.php 第 33 行.
INFO: Run Behavior\ParseTemplateBehavior [ RunTime:0.135848s ]
INFO: [ view_parse ] --END-- [ RunTime:0.136064s ]
INFO: [ view_filter ] --START--
INFO: Run Behavior\WriteHtmlCacheBehavior [ RunTime:0.001299s ]
INFO: [ view_filter ] --END-- [ RunTime:0.001573s ]
INFO: [ app_end ] --START--
INFO: Run Behavior\ShowPageTraceBehavior [ RunTime:0.001754s ]
INFO: [ app_end ] --END-- [ RunTime:0.002091s ]

[ 2018-09-12T14:02:52+08:00 ] 127.0.0.1 /admin.php?c=login&a=loginout
INFO: [ app_init ] --START--
INFO: Run Behavior\BuildLiteBehavior [ RunTime:0.000051s ]
INFO: [ app_init ] --END-- [ RunTime:0.001016s ]
INFO: [ app_begin ] --START--
INFO: Run Behavior\ReadHtmlCacheBehavior [ RunTime:0.001562s ]
INFO: [ app_begin ] --END-- [ RunTime:0.001819s ]
NOTIC: [8] Undefined variable: sing_path C:\phpDemo\test01\ThinkPHP\Common\functions.php 第 991 行.
NOTIC: [8] Undefined variable: module C:\phpDemo\test01\ThinkPHP\Common\functions.php 第 994 行.
NOTIC: [8] Undefined variable: var C:\phpDemo\test01\ThinkPHP\Common\functions.php 第 997 行.
NOTIC: [2] array_reverse() expects parameter 1 to be array, null given C:\phpDemo\test01\ThinkPHP\Common\functions.php 第 997 行.
NOTIC: [2] http_build_query(): Parameter 1 expected to be Array or Object.  Incorrect value given C:\phpDemo\test01\ThinkPHP\Common\functions.php 第 997 行.

[ 2018-09-12T14:02:52+08:00 ] 127.0.0.1 /admin.php?&c=login
INFO: [ app_init ] --START--
INFO: Run Behavior\BuildLiteBehavior [ RunTime:0.000071s ]
INFO: [ app_init ] --END-- [ RunTime:0.001599s ]
INFO: [ app_begin ] --START--
INFO: Run Behavior\ReadHtmlCacheBehavior [ RunTime:0.002479s ]
INFO: [ app_begin ] --END-- [ RunTime:0.002894s ]
INFO: [ view_parse ] --START--
INFO: [ template_filter ] --START--
INFO: Run Behavior\ContentReplaceBehavior [ RunTime:0.000210s ]
INFO: [ template_filter ] --END-- [ RunTime:0.000569s ]
INFO: Run Behavior\ParseTemplateBehavior [ RunTime:0.023583s ]
INFO: [ view_parse ] --END-- [ RunTime:0.023998s ]
INFO: [ view_filter ] --START--
INFO: Run Behavior\WriteHtmlCacheBehavior [ RunTime:0.001923s ]
INFO: [ view_filter ] --END-- [ RunTime:0.002269s ]
INFO: [ app_end ] --START--
INFO: Run Behavior\ShowPageTraceBehavior [ RunTime:0.002455s ]
INFO: [ app_end ] --END-- [ RunTime:0.002832s ]

[ 2018-09-12T14:02:53+08:00 ] 127.0.0.1 /admin.php?c=login&a=check
INFO: [ app_init ] --START--
INFO: Run Behavior\BuildLiteBehavior [ RunTime:0.000052s ]
INFO: [ app_init ] --END-- [ RunTime:0.001016s ]
INFO: [ app_begin ] --START--
INFO: Run Behavior\ReadHtmlCacheBehavior [ RunTime:0.001473s ]
INFO: [ app_begin ] --END-- [ RunTime:0.001695s ]

[ 2018-09-12T14:02:55+08:00 ] 127.0.0.1 /admin.php?c=login&a=check
INFO: [ app_init ] --START--
INFO: Run Behavior\BuildLiteBehavior [ RunTime:0.000041s ]
INFO: [ app_init ] --END-- [ RunTime:0.000844s ]
INFO: [ app_begin ] --START--
INFO: Run Behavior\ReadHtmlCacheBehavior [ RunTime:0.001361s ]
INFO: [ app_begin ] --END-- [ RunTime:0.001556s ]

[ 2018-09-12T14:02:57+08:00 ] 127.0.0.1 /admin.php?c=login&a=check
INFO: [ app_init ] --START--
INFO: Run Behavior\BuildLiteBehavior [ RunTime:0.000041s ]
INFO: [ app_init ] --END-- [ RunTime:0.001123s ]
INFO: [ app_begin ] --START--
INFO: Run Behavior\ReadHtmlCacheBehavior [ RunTime:0.001344s ]
INFO: [ app_begin ] --END-- [ RunTime:0.001523s ]

[ 2018-09-12T14:02:58+08:00 ] 127.0.0.1 /admin.php?c=login&a=check
INFO: [ app_init ] --START--
INFO: Run Behavior\BuildLiteBehavior [ RunTime:0.000038s ]
INFO: [ app_init ] --END-- [ RunTime:0.000774s ]
INFO: [ app_begin ] --START--
INFO: Run Behavior\ReadHtmlCacheBehavior [ RunTime:0.001095s ]
INFO: [ app_begin ] --END-- [ RunTime:0.001293s ]

[ 2018-09-12T14:03:00+08:00 ] 127.0.0.1 /admin.php?c=login&a=check
INFO: [ app_init ] --START--
INFO: Run Behavior\BuildLiteBehavior [ RunTime:0.000036s ]
INFO: [ app_init ] --END-- [ RunTime:0.001205s ]
INFO: [ app_begin ] --START--
INFO: Run Behavior\ReadHtmlCacheBehavior [ RunTime:0.001077s ]
INFO: [ app_begin ] --END-- [ RunTime:0.001230s ]

[ 2018-09-12T14:41:54+08:00 ] 127.0.0.1 /admin.php?c=login&a=check
INFO: [ app_init ] --START--
INFO: Run Behavior\BuildLiteBehavior [ RunTime:0.000088s ]
INFO: [ app_init ] --END-- [ RunTime:0.021770s ]
INFO: [ app_begin ] --START--
INFO: Run Behavior\ReadHtmlCacheBehavior [ RunTime:0.048913s ]
INFO: [ app_begin ] --END-- [ RunTime:0.049154s ]

[ 2018-09-12T14:42:00+08:00 ] 127.0.0.1 /admin.php?c=login&a=check
INFO: [ app_init ] --START--
INFO: Run Behavior\BuildLiteBehavior [ RunTime:0.000049s ]
INFO: [ app_init ] --END-- [ RunTime:0.000880s ]
INFO: [ app_begin ] --START--
INFO: Run Behavior\ReadHtmlCacheBehavior [ RunTime:0.001775s ]
INFO: [ app_begin ] --END-- [ RunTime:0.001997s ]

[ 2018-09-12T14:42:03+08:00 ] 127.0.0.1 /admin.php?c=login&a=check
INFO: [ app_init ] --START--
INFO: Run Behavior\BuildLiteBehavior [ RunTime:0.000043s ]
INFO: [ app_init ] --END-- [ RunTime:0.000776s ]
INFO: [ app_begin ] --START--
INFO: Run Behavior\ReadHtmlCacheBehavior [ RunTime:0.001298s ]
INFO: [ app_begin ] --END-- [ RunTime:0.001479s ]

[ 2018-09-12T14:42:04+08:00 ] 127.0.0.1 /admin.php?c=login&a=check
INFO: [ app_init ] --START--
INFO: Run Behavior\BuildLiteBehavior [ RunTime:0.000052s ]
INFO: [ app_init ] --END-- [ RunTime:0.000956s ]
INFO: [ app_begin ] --START--
INFO: Run Behavior\ReadHtmlCacheBehavior [ RunTime:0.001562s ]
INFO: [ app_begin ] --END-- [ RunTime:0.001788s ]

[ 2018-09-12T14:42:05+08:00 ] 127.0.0.1 /admin.php?c=login&a=check
INFO: [ app_init ] --START--
INFO: Run Behavior\BuildLiteBehavior [ RunTime:0.000043s ]
INFO: [ app_init ] --END-- [ RunTime:0.000812s ]
INFO: [ app_begin ] --START--
INFO: Run Behavior\ReadHtmlCacheBehavior [ RunTime:0.001475s ]
INFO: [ app_begin ] --END-- [ RunTime:0.001685s ]

[ 2018-09-12T14:42:09+08:00 ] 127.0.0.1 /admin.php?c=login&a=check
INFO: [ app_init ] --START--
INFO: Run Behavior\BuildLiteBehavior [ RunTime:0.000042s ]
INFO: [ app_init ] --END-- [ RunTime:0.000761s ]
INFO: [ app_begin ] --START--
INFO: Run Behavior\ReadHtmlCacheBehavior [ RunTime:0.001575s ]
INFO: [ app_begin ] --END-- [ RunTime:0.001864s ]

[ 2018-09-12T14:42:11+08:00 ] 127.0.0.1 /admin.php?c=login&a=check
INFO: [ app_init ] --START--
INFO: Run Behavior\BuildLiteBehavior [ RunTime:0.000047s ]
INFO: [ app_init ] --END-- [ RunTime:0.000876s ]
INFO: [ app_begin ] --START--
INFO: Run Behavior\ReadHtmlCacheBehavior [ RunTime:0.001382s ]
INFO: [ app_begin ] --END-- [ RunTime:0.001580s ]

[ 2018-09-12T14:45:46+08:00 ] 127.0.0.1 /admin.php?c=login&a=check
INFO: [ app_init ] --START--
INFO: Run Behavior\BuildLiteBehavior [ RunTime:0.000049s ]
INFO: [ app_init ] --END-- [ RunTime:0.000933s ]
INFO: [ app_begin ] --START--
INFO: Run Behavior\ReadHtmlCacheBehavior [ RunTime:0.001463s ]
INFO: [ app_begin ] --END-- [ RunTime:0.001675s ]
SQL: SHOW COLUMNS FROM `cms_admin` [ RunTime:0.0184s ]
SQL: SELECT * FROM `cms_admin` WHERE ( username="admin" ) LIMIT 1   [ RunTime:0.0007s ]
SQL: UPDATE `cms_admin` SET `lastlogintime`='1536734746' WHERE ( admin_id=1 ) [ RunTime:0.0010s ]

[ 2018-09-12T14:45:48+08:00 ] 127.0.0.1 /admin.php?c=index
INFO: [ app_init ] --START--
INFO: Run Behavior\BuildLiteBehavior [ RunTime:0.000044s ]
INFO: [ app_init ] --END-- [ RunTime:0.000817s ]
INFO: [ app_begin ] --START--
INFO: Run Behavior\ReadHtmlCacheBehavior [ RunTime:0.001495s ]
INFO: [ app_begin ] --END-- [ RunTime:0.001731s ]
NOTIC: [2048] Declaration of Common\Model\NewsModel::find() should be compatible with Think\Model::find($options = Array) C:\phpDemo\test01\Application\Common\Model\NewsModel.class.php 第 8 行.
SQL: SHOW COLUMNS FROM `cms_news` [ RunTime:0.0026s ]
SQL: SELECT * FROM `cms_news` WHERE `status` = 1 ORDER BY count desc LIMIT 1   [ RunTime:0.0016s ]
SQL: SELECT COUNT(*) AS tp_count FROM `cms_news` WHERE `status` <> -1 LIMIT 1   [ RunTime:0.0008s ]
NOTIC: [2048] Declaration of Common\Model\PositionModel::find() should be compatible with Think\Model::find($options = Array) C:\phpDemo\test01\Application\Common\Model\PositionModel.class.php 第 80 行.
SQL: SHOW COLUMNS FROM `cms_position` [ RunTime:0.0121s ]
SQL: SELECT COUNT(*) AS tp_count FROM `cms_position` WHERE `status` = 1 LIMIT 1   [ RunTime:0.0008s ]
SQL: SHOW COLUMNS FROM `cms_admin` [ RunTime:0.0023s ]
SQL: SELECT COUNT(*) AS tp_count FROM `cms_admin` WHERE `status` = 1 AND `lastlogintime` > 1536681600 LIMIT 1   [ RunTime:0.0009s ]
NOTIC: [2] Illegal string offset 'tp_count' C:\phpDemo\test01\Application\Common\Model\AdminModel.class.php 第 74 行.
INFO: [ view_parse ] --START--
INFO: [ template_filter ] --START--
INFO: Run Behavior\ContentReplaceBehavior [ RunTime:0.000186s ]
INFO: [ template_filter ] --END-- [ RunTime:0.000393s ]
NOTIC: [2048] Declaration of Common\Model\MenuModel::find() should be compatible with Think\Model::find($options = Array) C:\phpDemo\test01\Application\Common\Model\MenuModel.class.php 第 92 行.
SQL: SHOW COLUMNS FROM `cms_menu` [ RunTime:0.0014s ]
SQL: SELECT * FROM `cms_menu` WHERE `status` <> -1 AND `type` = 1 ORDER BY listorder desc,menu_id desc  [ RunTime:0.0007s ]
NOTIC: [8] Undefined index: a C:\phpDemo\test01\Application\Common\Common\function.php 第 33 行.
NOTIC: [8] Undefined index: a C:\phpDemo\test01\Application\Common\Common\function.php 第 33 行.
NOTIC: [8] Undefined index: a C:\phpDemo\test01\Application\Common\Common\function.php 第 33 行.
NOTIC: [8] Undefined index: a C:\phpDemo\test01\Application\Common\Common\function.php 第 33 行.
NOTIC: [8] Undefined index: a C:\phpDemo\test01\Application\Common\Common\function.php 第 33 行.
NOTIC: [8] Undefined index: a C:\phpDemo\test01\Application\Common\Common\function.php 第 33 行.
INFO: Run Behavior\ParseTemplateBehavior [ RunTime:0.358226s ]
INFO: [ view_parse ] --END-- [ RunTime:0.358578s ]
INFO: [ view_filter ] --START--
INFO: Run Behavior\WriteHtmlCacheBehavior [ RunTime:0.018422s ]
INFO: [ view_filter ] --END-- [ RunTime:0.018648s ]
INFO: [ app_end ] --START--
INFO: Run Behavior\ShowPageTraceBehavior [ RunTime:0.018178s ]
INFO: [ app_end ] --END-- [ RunTime:0.018423s ]

[ 2018-09-12T14:46:23+08:00 ] 127.0.0.1 /admin.php?c=index
INFO: [ app_init ] --START--
INFO: Run Behavior\BuildLiteBehavior [ RunTime:0.000054s ]
INFO: [ app_init ] --END-- [ RunTime:0.001007s ]
INFO: [ app_begin ] --START--
INFO: Run Behavior\ReadHtmlCacheBehavior [ RunTime:0.001541s ]
INFO: [ app_begin ] --END-- [ RunTime:0.001800s ]
NOTIC: [2048] Declaration of Common\Model\NewsModel::find() should be compatible with Think\Model::find($options = Array) C:\phpDemo\test01\Application\Common\Model\NewsModel.class.php 第 8 行.
SQL: SHOW COLUMNS FROM `cms_news` [ RunTime:0.0016s ]
SQL: SELECT * FROM `cms_news` WHERE `status` = 1 ORDER BY count desc LIMIT 1   [ RunTime:0.0009s ]
SQL: SELECT COUNT(*) AS tp_count FROM `cms_news` WHERE `status` <> -1 LIMIT 1   [ RunTime:0.0005s ]
NOTIC: [2048] Declaration of Common\Model\PositionModel::find() should be compatible with Think\Model::find($options = Array) C:\phpDemo\test01\Application\Common\Model\PositionModel.class.php 第 80 行.
SQL: SHOW COLUMNS FROM `cms_position` [ RunTime:0.0011s ]
SQL: SELECT COUNT(*) AS tp_count FROM `cms_position` WHERE `status` = 1 LIMIT 1   [ RunTime:0.0007s ]
SQL: SHOW COLUMNS FROM `cms_admin` [ RunTime:0.0012s ]
SQL: SELECT COUNT(*) AS tp_count FROM `cms_admin` WHERE `status` = 1 AND `lastlogintime` > 1536681600 LIMIT 1   [ RunTime:0.0006s ]
NOTIC: [2] Illegal string offset 'tp_count' C:\phpDemo\test01\Application\Common\Model\AdminModel.class.php 第 74 行.
INFO: [ view_parse ] --START--
INFO: [ template_filter ] --START--
INFO: Run Behavior\ContentReplaceBehavior [ RunTime:0.000194s ]
INFO: [ template_filter ] --END-- [ RunTime:0.000417s ]
NOTIC: [2048] Declaration of Common\Model\MenuModel::find() should be compatible with Think\Model::find($options = Array) C:\phpDemo\test01\Application\Common\Model\MenuModel.class.php 第 92 行.
SQL: SHOW COLUMNS FROM `cms_menu` [ RunTime:0.0011s ]
SQL: SELECT * FROM `cms_menu` WHERE `status` <> -1 AND `type` = 1 ORDER BY listorder desc,menu_id desc  [ RunTime:0.0006s ]
NOTIC: [8] Undefined index: a C:\phpDemo\test01\Application\Common\Common\function.php 第 33 行.
NOTIC: [8] Undefined index: a C:\phpDemo\test01\Application\Common\Common\function.php 第 33 行.
NOTIC: [8] Undefined index: a C:\phpDemo\test01\Application\Common\Common\function.php 第 33 行.
NOTIC: [8] Undefined index: a C:\phpDemo\test01\Application\Common\Common\function.php 第 33 行.
NOTIC: [8] Undefined index: a C:\phpDemo\test01\Application\Common\Common\function.php 第 33 行.
NOTIC: [8] Undefined index: a C:\phpDemo\test01\Application\Common\Common\function.php 第 33 行.
INFO: Run Behavior\ParseTemplateBehavior [ RunTime:0.062217s ]
INFO: [ view_parse ] --END-- [ RunTime:0.062446s ]
INFO: [ view_filter ] --START--
INFO: Run Behavior\WriteHtmlCacheBehavior [ RunTime:0.001376s ]
INFO: [ view_filter ] --END-- [ RunTime:0.001602s ]
INFO: [ app_end ] --START--
INFO: Run Behavior\ShowPageTraceBehavior [ RunTime:0.002035s ]
INFO: [ app_end ] --END-- [ RunTime:0.002329s ]

[ 2018-09-12T15:45:20+08:00 ] 127.0.0.1 /admin.php?c=index
INFO: [ app_init ] --START--
INFO: Run Behavior\BuildLiteBehavior [ RunTime:0.000055s ]
INFO: [ app_init ] --END-- [ RunTime:0.000961s ]
INFO: [ app_begin ] --START--
INFO: Run Behavior\ReadHtmlCacheBehavior [ RunTime:0.001618s ]
INFO: [ app_begin ] --END-- [ RunTime:0.001855s ]
NOTIC: [2048] Declaration of Common\Model\NewsModel::find() should be compatible with Think\Model::find($options = Array) C:\phpDemo\test01\Application\Common\Model\NewsModel.class.php 第 8 行.
SQL: SHOW COLUMNS FROM `cms_news` [ RunTime:0.0041s ]
SQL: SELECT * FROM `cms_news` WHERE `status` = 1 ORDER BY count desc LIMIT 1   [ RunTime:0.0015s ]
SQL: SELECT COUNT(*) AS tp_count FROM `cms_news` WHERE `status` <> -1 LIMIT 1   [ RunTime:0.0005s ]
NOTIC: [2048] Declaration of Common\Model\PositionModel::find() should be compatible with Think\Model::find($options = Array) C:\phpDemo\test01\Application\Common\Model\PositionModel.class.php 第 80 行.
SQL: SHOW COLUMNS FROM `cms_position` [ RunTime:0.0012s ]
SQL: SELECT COUNT(*) AS tp_count FROM `cms_position` WHERE `status` = 1 LIMIT 1   [ RunTime:0.0005s ]
SQL: SHOW COLUMNS FROM `cms_admin` [ RunTime:0.0013s ]
SQL: SELECT COUNT(*) AS tp_count FROM `cms_admin` WHERE `status` = 1 AND `lastlogintime` > 1536681600 LIMIT 1   [ RunTime:0.0006s ]
NOTIC: [2] Illegal string offset 'tp_count' C:\phpDemo\test01\Application\Common\Model\AdminModel.class.php 第 74 行.
INFO: [ view_parse ] --START--
INFO: [ template_filter ] --START--
INFO: Run Behavior\ContentReplaceBehavior [ RunTime:0.000316s ]
INFO: [ template_filter ] --END-- [ RunTime:0.000708s ]
NOTIC: [2048] Declaration of Common\Model\MenuModel::find() should be compatible with Think\Model::find($options = Array) C:\phpDemo\test01\Application\Common\Model\MenuModel.class.php 第 92 行.
SQL: SHOW COLUMNS FROM `cms_menu` [ RunTime:0.0016s ]
SQL: SELECT * FROM `cms_menu` WHERE `status` <> -1 AND `type` = 1 ORDER BY listorder desc,menu_id desc  [ RunTime:0.0009s ]
NOTIC: [8] Undefined index: a C:\phpDemo\test01\Application\Common\Common\function.php 第 33 行.
NOTIC: [8] Undefined index: a C:\phpDemo\test01\Application\Common\Common\function.php 第 33 行.
NOTIC: [8] Undefined index: a C:\phpDemo\test01\Application\Common\Common\function.php 第 33 行.
NOTIC: [8] Undefined index: a C:\phpDemo\test01\Application\Common\Common\function.php 第 33 行.
NOTIC: [8] Undefined index: a C:\phpDemo\test01\Application\Common\Common\function.php 第 33 行.
NOTIC: [8] Undefined index: a C:\phpDemo\test01\Application\Common\Common\function.php 第 33 行.
INFO: Run Behavior\ParseTemplateBehavior [ RunTime:0.075707s ]
INFO: [ view_parse ] --END-- [ RunTime:0.075956s ]
INFO: [ view_filter ] --START--
INFO: Run Behavior\WriteHtmlCacheBehavior [ RunTime:0.001658s ]
INFO: [ view_filter ] --END-- [ RunTime:0.001921s ]
INFO: [ app_end ] --START--
INFO: Run Behavior\ShowPageTraceBehavior [ RunTime:0.002895s ]
INFO: [ app_end ] --END-- [ RunTime:0.003250s ]

[ 2018-09-12T15:45:22+08:00 ] 127.0.0.1 /admin.php?c=index
INFO: [ app_init ] --START--
INFO: Run Behavior\BuildLiteBehavior [ RunTime:0.000046s ]
INFO: [ app_init ] --END-- [ RunTime:0.000769s ]
INFO: [ app_begin ] --START--
INFO: Run Behavior\ReadHtmlCacheBehavior [ RunTime:0.001286s ]
INFO: [ app_begin ] --END-- [ RunTime:0.001488s ]
NOTIC: [2048] Declaration of Common\Model\NewsModel::find() should be compatible with Think\Model::find($options = Array) C:\phpDemo\test01\Application\Common\Model\NewsModel.class.php 第 8 行.
SQL: SHOW COLUMNS FROM `cms_news` [ RunTime:0.0014s ]
SQL: SELECT * FROM `cms_news` WHERE `status` = 1 ORDER BY count desc LIMIT 1   [ RunTime:0.0009s ]
SQL: SELECT COUNT(*) AS tp_count FROM `cms_news` WHERE `status` <> -1 LIMIT 1   [ RunTime:0.0006s ]
NOTIC: [2048] Declaration of Common\Model\PositionModel::find() should be compatible with Think\Model::find($options = Array) C:\phpDemo\test01\Application\Common\Model\PositionModel.class.php 第 80 行.
SQL: SHOW COLUMNS FROM `cms_position` [ RunTime:0.0012s ]
SQL: SELECT COUNT(*) AS tp_count FROM `cms_position` WHERE `status` = 1 LIMIT 1   [ RunTime:0.0005s ]
SQL: SHOW COLUMNS FROM `cms_admin` [ RunTime:0.0010s ]
SQL: SELECT COUNT(*) AS tp_count FROM `cms_admin` WHERE `status` = 1 AND `lastlogintime` > 1536681600 LIMIT 1   [ RunTime:0.0005s ]
NOTIC: [2] Illegal string offset 'tp_count' C:\phpDemo\test01\Application\Common\Model\AdminModel.class.php 第 74 行.
INFO: [ view_parse ] --START--
INFO: [ template_filter ] --START--
INFO: Run Behavior\ContentReplaceBehavior [ RunTime:0.000114s ]
INFO: [ template_filter ] --END-- [ RunTime:0.000255s ]
NOTIC: [2048] Declaration of Common\Model\MenuModel::find() should be compatible with Think\Model::find($options = Array) C:\phpDemo\test01\Application\Common\Model\MenuModel.class.php 第 92 行.
SQL: SHOW COLUMNS FROM `cms_menu` [ RunTime:0.0011s ]
SQL: SELECT * FROM `cms_menu` WHERE `status` <> -1 AND `type` = 1 ORDER BY listorder desc,menu_id desc  [ RunTime:0.0007s ]
NOTIC: [8] Undefined index: a C:\phpDemo\test01\Application\Common\Common\function.php 第 33 行.
NOTIC: [8] Undefined index: a C:\phpDemo\test01\Application\Common\Common\function.php 第 33 行.
NOTIC: [8] Undefined index: a C:\phpDemo\test01\Application\Common\Common\function.php 第 33 行.
NOTIC: [8] Undefined index: a C:\phpDemo\test01\Application\Common\Common\function.php 第 33 行.
NOTIC: [8] Undefined index: a C:\phpDemo\test01\Application\Common\Common\function.php 第 33 行.
NOTIC: [8] Undefined index: a C:\phpDemo\test01\Application\Common\Common\function.php 第 33 行.
INFO: Run Behavior\ParseTemplateBehavior [ RunTime:0.065137s ]
INFO: [ view_parse ] --END-- [ RunTime:0.065359s ]
INFO: [ view_filter ] --START--
INFO: Run Behavior\WriteHtmlCacheBehavior [ RunTime:0.001228s ]
INFO: [ view_filter ] --END-- [ RunTime:0.001434s ]
INFO: [ app_end ] --START--
INFO: Run Behavior\ShowPageTraceBehavior [ RunTime:0.001608s ]
INFO: [ app_end ] --END-- [ RunTime:0.001941s ]

[ 2018-09-12T16:16:49+08:00 ] 127.0.0.1 /admin.php
INFO: [ app_init ] --START--
INFO: Run Behavior\BuildLiteBehavior [ RunTime:0.000050s ]
INFO: [ app_init ] --END-- [ RunTime:0.000968s ]
INFO: [ app_begin ] --START--
INFO: Run Behavior\ReadHtmlCacheBehavior [ RunTime:0.001235s ]
INFO: [ app_begin ] --END-- [ RunTime:0.001490s ]
NOTIC: [2048] Declaration of Common\Model\NewsModel::find() should be compatible with Think\Model::find($options = Array) C:\phpDemo\test01\Application\Common\Model\NewsModel.class.php 第 8 行.
SQL: SHOW COLUMNS FROM `cms_news` [ RunTime:0.0020s ]
SQL: SELECT * FROM `cms_news` WHERE `status` = 1 ORDER BY count desc LIMIT 1   [ RunTime:0.0009s ]
SQL: SELECT COUNT(*) AS tp_count FROM `cms_news` WHERE `status` <> -1 LIMIT 1   [ RunTime:0.0007s ]
NOTIC: [2048] Declaration of Common\Model\PositionModel::find() should be compatible with Think\Model::find($options = Array) C:\phpDemo\test01\Application\Common\Model\PositionModel.class.php 第 80 行.
SQL: SHOW COLUMNS FROM `cms_position` [ RunTime:0.0254s ]
SQL: SELECT COUNT(*) AS tp_count FROM `cms_position` WHERE `status` = 1 LIMIT 1   [ RunTime:0.0006s ]
SQL: SHOW COLUMNS FROM `cms_admin` [ RunTime:0.0092s ]
SQL: SELECT COUNT(*) AS tp_count FROM `cms_admin` WHERE `status` = 1 AND `lastlogintime` > 1536681600 LIMIT 1   [ RunTime:0.0006s ]
NOTIC: [2] Illegal string offset 'tp_count' C:\phpDemo\test01\Application\Common\Model\AdminModel.class.php 第 74 行.
INFO: [ view_parse ] --START--
INFO: [ template_filter ] --START--
INFO: Run Behavior\ContentReplaceBehavior [ RunTime:0.000142s ]
INFO: [ template_filter ] --END-- [ RunTime:0.000339s ]
NOTIC: [2048] Declaration of Common\Model\MenuModel::find() should be compatible with Think\Model::find($options = Array) C:\phpDemo\test01\Application\Common\Model\MenuModel.class.php 第 92 行.
SQL: SHOW COLUMNS FROM `cms_menu` [ RunTime:0.0014s ]
SQL: SELECT * FROM `cms_menu` WHERE `status` <> -1 AND `type` = 1 ORDER BY listorder desc,menu_id desc  [ RunTime:0.0007s ]
NOTIC: [8] Undefined index: a C:\phpDemo\test01\Application\Common\Common\function.php 第 33 行.
NOTIC: [8] Undefined index: a C:\phpDemo\test01\Application\Common\Common\function.php 第 33 行.
NOTIC: [8] Undefined index: a C:\phpDemo\test01\Application\Common\Common\function.php 第 33 行.
NOTIC: [8] Undefined index: a C:\phpDemo\test01\Application\Common\Common\function.php 第 33 行.
NOTIC: [8] Undefined index: a C:\phpDemo\test01\Application\Common\Common\function.php 第 33 行.
NOTIC: [8] Undefined index: a C:\phpDemo\test01\Application\Common\Common\function.php 第 33 行.
INFO: Run Behavior\ParseTemplateBehavior [ RunTime:0.056764s ]
INFO: [ view_parse ] --END-- [ RunTime:0.057118s ]
INFO: [ view_filter ] --START--
INFO: Run Behavior\WriteHtmlCacheBehavior [ RunTime:0.000938s ]
INFO: [ view_filter ] --END-- [ RunTime:0.001164s ]
INFO: [ app_end ] --START--
INFO: Run Behavior\ShowPageTraceBehavior [ RunTime:0.001262s ]
INFO: [ app_end ] --END-- [ RunTime:0.001487s ]

[ 2018-09-12T16:17:00+08:00 ] 127.0.0.1 /admin.php?c=login&a=loginout
INFO: [ app_init ] --START--
INFO: Run Behavior\BuildLiteBehavior [ RunTime:0.000044s ]
INFO: [ app_init ] --END-- [ RunTime:0.000766s ]
INFO: [ app_begin ] --START--
INFO: Run Behavior\ReadHtmlCacheBehavior [ RunTime:0.001077s ]
INFO: [ app_begin ] --END-- [ RunTime:0.001311s ]
NOTIC: [8] Undefined variable: sing_path C:\phpDemo\test01\ThinkPHP\Common\functions.php 第 991 行.
NOTIC: [8] Undefined variable: module C:\phpDemo\test01\ThinkPHP\Common\functions.php 第 994 行.
NOTIC: [8] Undefined variable: var C:\phpDemo\test01\ThinkPHP\Common\functions.php 第 997 行.
NOTIC: [2] array_reverse() expects parameter 1 to be array, null given C:\phpDemo\test01\ThinkPHP\Common\functions.php 第 997 行.
NOTIC: [2] http_build_query(): Parameter 1 expected to be Array or Object.  Incorrect value given C:\phpDemo\test01\ThinkPHP\Common\functions.php 第 997 行.

[ 2018-09-12T16:17:00+08:00 ] 127.0.0.1 /admin.php?&c=login
INFO: [ app_init ] --START--
INFO: Run Behavior\BuildLiteBehavior [ RunTime:0.000044s ]
INFO: [ app_init ] --END-- [ RunTime:0.000781s ]
INFO: [ app_begin ] --START--
INFO: Run Behavior\ReadHtmlCacheBehavior [ RunTime:0.001442s ]
INFO: [ app_begin ] --END-- [ RunTime:0.001718s ]
INFO: [ view_parse ] --START--
INFO: [ template_filter ] --START--
INFO: Run Behavior\ContentReplaceBehavior [ RunTime:0.000123s ]
INFO: [ template_filter ] --END-- [ RunTime:0.000351s ]
INFO: Run Behavior\ParseTemplateBehavior [ RunTime:0.024246s ]
INFO: [ view_parse ] --END-- [ RunTime:0.024509s ]
INFO: [ view_filter ] --START--
INFO: Run Behavior\WriteHtmlCacheBehavior [ RunTime:0.000894s ]
INFO: [ view_filter ] --END-- [ RunTime:0.001115s ]
INFO: [ app_end ] --START--
INFO: Run Behavior\ShowPageTraceBehavior [ RunTime:0.001222s ]
INFO: [ app_end ] --END-- [ RunTime:0.001435s ]

