[ 2018-09-11T17:38:35+08:00 ] 127.0.0.1 /admin.php
INFO: [ app_init ] --START--
INFO: Run Behavior\BuildLiteBehavior [ RunTime:0.000044s ]
INFO: [ app_init ] --END-- [ RunTime:0.000695s ]
INFO: [ app_begin ] --START--
INFO: Run Behavior\ReadHtmlCacheBehavior [ RunTime:0.000858s ]
INFO: [ app_begin ] --END-- [ RunTime:0.001076s ]
NOTIC: [8] Undefined variable: sing_path C:\phpDemo\test01\ThinkPHP\Common\functions.php 第 991 行.
NOTIC: [8] Undefined variable: module C:\phpDemo\test01\ThinkPHP\Common\functions.php 第 994 行.
NOTIC: [8] Undefined variable: var C:\phpDemo\test01\ThinkPHP\Common\functions.php 第 997 行.
NOTIC: [2] array_reverse() expects parameter 1 to be array, null given C:\phpDemo\test01\ThinkPHP\Common\functions.php 第 997 行.
NOTIC: [2] http_build_query(): Parameter 1 expected to be Array or Object.  Incorrect value given C:\phpDemo\test01\ThinkPHP\Common\functions.php 第 997 行.

[ 2018-09-11T17:38:35+08:00 ] 127.0.0.1 /admin.php?&c=login
INFO: [ app_init ] --START--
INFO: Run Behavior\BuildLiteBehavior [ RunTime:0.000045s ]
INFO: [ app_init ] --END-- [ RunTime:0.000693s ]
INFO: [ app_begin ] --START--
INFO: Run Behavior\ReadHtmlCacheBehavior [ RunTime:0.000792s ]
INFO: [ app_begin ] --END-- [ RunTime:0.000998s ]
INFO: [ view_parse ] --START--
INFO: [ template_filter ] --START--
INFO: Run Behavior\ContentReplaceBehavior [ RunTime:0.000113s ]
INFO: [ template_filter ] --END-- [ RunTime:0.000318s ]
INFO: Run Behavior\ParseTemplateBehavior [ RunTime:0.025996s ]
INFO: [ view_parse ] --END-- [ RunTime:0.026239s ]
INFO: [ view_filter ] --START--
INFO: Run Behavior\WriteHtmlCacheBehavior [ RunTime:0.000902s ]
INFO: [ view_filter ] --END-- [ RunTime:0.001110s ]
INFO: [ app_end ] --START--
INFO: Run Behavior\ShowPageTraceBehavior [ RunTime:0.001227s ]
INFO: [ app_end ] --END-- [ RunTime:0.001443s ]

[ 2018-09-11T17:38:44+08:00 ] 127.0.0.1 /admin.php?c=login&a=check
INFO: [ app_init ] --START--
INFO: Run Behavior\BuildLiteBehavior [ RunTime:0.000043s ]
INFO: [ app_init ] --END-- [ RunTime:0.000693s ]
INFO: [ app_begin ] --START--
INFO: Run Behavior\ReadHtmlCacheBehavior [ RunTime:0.000807s ]
INFO: [ app_begin ] --END-- [ RunTime:0.000980s ]
SQL: SHOW COLUMNS FROM `cms_admin` [ RunTime:0.0018s ]
SQL: SELECT * FROM `cms_admin` WHERE ( username="admin" ) LIMIT 1   [ RunTime:0.0005s ]
SQL: UPDATE `cms_admin` SET `lastlogintime`='1536658724' WHERE ( admin_id=1 ) [ RunTime:0.0006s ]

[ 2018-09-11T17:38:46+08:00 ] 127.0.0.1 /admin.php?c=index
INFO: [ app_init ] --START--
INFO: Run Behavior\BuildLiteBehavior [ RunTime:0.000050s ]
INFO: [ app_init ] --END-- [ RunTime:0.000769s ]
INFO: [ app_begin ] --START--
INFO: Run Behavior\ReadHtmlCacheBehavior [ RunTime:0.000829s ]
INFO: [ app_begin ] --END-- [ RunTime:0.001045s ]
NOTIC: [2048] Declaration of Common\Model\NewsModel::find() should be compatible with Think\Model::find($options = Array) C:\phpDemo\test01\Application\Common\Model\NewsModel.class.php 第 8 行.
SQL: SHOW COLUMNS FROM `cms_news` [ RunTime:0.0009s ]
SQL: SELECT * FROM `cms_news` WHERE `status` = 1 ORDER BY count desc LIMIT 1   [ RunTime:0.0007s ]
SQL: SELECT COUNT(*) AS tp_count FROM `cms_news` WHERE `status` <> -1 LIMIT 1   [ RunTime:0.0004s ]
NOTIC: [2048] Declaration of Common\Model\PositionModel::find() should be compatible with Think\Model::find($options = Array) C:\phpDemo\test01\Application\Common\Model\PositionModel.class.php 第 80 行.
SQL: SHOW COLUMNS FROM `cms_position` [ RunTime:0.0018s ]
SQL: SELECT COUNT(*) AS tp_count FROM `cms_position` WHERE `status` = 1 LIMIT 1   [ RunTime:0.0006s ]
SQL: SHOW COLUMNS FROM `cms_admin` [ RunTime:0.0157s ]
SQL: SELECT COUNT(*) AS tp_count FROM `cms_admin` WHERE `status` = 1 AND `lastlogintime` > 1536595200 LIMIT 1   [ RunTime:0.0005s ]
NOTIC: [2] Illegal string offset 'tp_count' C:\phpDemo\test01\Application\Common\Model\AdminModel.class.php 第 74 行.
INFO: [ view_parse ] --START--
INFO: [ template_filter ] --START--
INFO: Run Behavior\ContentReplaceBehavior [ RunTime:0.000210s ]
INFO: [ template_filter ] --END-- [ RunTime:0.000516s ]
NOTIC: [2048] Declaration of Common\Model\MenuModel::find() should be compatible with Think\Model::find($options = Array) C:\phpDemo\test01\Application\Common\Model\MenuModel.class.php 第 92 行.
SQL: SHOW COLUMNS FROM `cms_menu` [ RunTime:0.0013s ]
SQL: SELECT * FROM `cms_menu` WHERE `status` <> -1 AND `type` = 1 ORDER BY listorder desc,menu_id desc  [ RunTime:0.0006s ]
NOTIC: [8] Undefined index: a C:\phpDemo\test01\Application\Common\Common\function.php 第 33 行.
NOTIC: [8] Undefined index: a C:\phpDemo\test01\Application\Common\Common\function.php 第 33 行.
NOTIC: [8] Undefined index: a C:\phpDemo\test01\Application\Common\Common\function.php 第 33 行.
NOTIC: [8] Undefined index: a C:\phpDemo\test01\Application\Common\Common\function.php 第 33 行.
NOTIC: [8] Undefined index: a C:\phpDemo\test01\Application\Common\Common\function.php 第 33 行.
NOTIC: [8] Undefined index: a C:\phpDemo\test01\Application\Common\Common\function.php 第 33 行.
INFO: Run Behavior\ParseTemplateBehavior [ RunTime:0.064821s ]
INFO: [ view_parse ] --END-- [ RunTime:0.065047s ]
INFO: [ view_filter ] --START--
INFO: Run Behavior\WriteHtmlCacheBehavior [ RunTime:0.000754s ]
INFO: [ view_filter ] --END-- [ RunTime:0.000966s ]
INFO: [ app_end ] --START--
INFO: Run Behavior\ShowPageTraceBehavior [ RunTime:0.001839s ]
INFO: [ app_end ] --END-- [ RunTime:0.002161s ]

[ 2018-09-11T17:38:51+08:00 ] 127.0.0.1 /admin.php?c=content&a=index
INFO: [ app_init ] --START--
INFO: Run Behavior\BuildLiteBehavior [ RunTime:0.000043s ]
INFO: [ app_init ] --END-- [ RunTime:0.000676s ]
INFO: [ app_begin ] --START--
INFO: Run Behavior\ReadHtmlCacheBehavior [ RunTime:0.001318s ]
INFO: [ app_begin ] --END-- [ RunTime:0.001692s ]
NOTIC: [2048] Declaration of Admin\Controller\ContentController::setStatus() should be compatible with Admin\Controller\CommonController::setStatus($data, $models) C:\phpDemo\test01\Application\Admin\Controller\ContentController.class.php 第 12 行.
NOTIC: [2048] Declaration of Admin\Controller\ContentController::listorder() should be compatible with Admin\Controller\CommonController::listorder($model = '') C:\phpDemo\test01\Application\Admin\Controller\ContentController.class.php 第 12 行.
NOTIC: [8] Undefined index: title C:\phpDemo\test01\Application\Admin\Controller\ContentController.class.php 第 16 行.
NOTIC: [8] Undefined index: catid C:\phpDemo\test01\Application\Admin\Controller\ContentController.class.php 第 20 行.
NOTIC: [8] Undefined index: p C:\phpDemo\test01\Application\Admin\Controller\ContentController.class.php 第 24 行.
NOTIC: [2048] Declaration of Common\Model\NewsModel::find() should be compatible with Think\Model::find($options = Array) C:\phpDemo\test01\Application\Common\Model\NewsModel.class.php 第 8 行.
SQL: SHOW COLUMNS FROM `cms_news` [ RunTime:0.0006s ]
SQL: SELECT * FROM `cms_news` WHERE `status` <> -1 ORDER BY listorder desc ,news_id desc LIMIT 0,10   [ RunTime:0.0004s ]
SQL: SELECT COUNT(*) AS tp_count FROM `cms_news` WHERE `status` <> -1 LIMIT 1   [ RunTime:0.0002s ]
NOTIC: [8] Undefined variable: sing_path C:\phpDemo\test01\ThinkPHP\Common\functions.php 第 991 行.
NOTIC: [2048] Declaration of Common\Model\PositionModel::find() should be compatible with Think\Model::find($options = Array) C:\phpDemo\test01\Application\Common\Model\PositionModel.class.php 第 80 行.
SQL: SHOW COLUMNS FROM `cms_position` [ RunTime:0.0006s ]
SQL: SELECT * FROM `cms_position` WHERE `status` = 1 ORDER BY id  [ RunTime:0.0003s ]
NOTIC: [2048] Declaration of Common\Model\MenuModel::find() should be compatible with Think\Model::find($options = Array) C:\phpDemo\test01\Application\Common\Model\MenuModel.class.php 第 92 行.
SQL: SHOW COLUMNS FROM `cms_menu` [ RunTime:0.0004s ]
SQL: SELECT * FROM `cms_menu` WHERE `status` = 1 AND `type` = 0 ORDER BY listorder desc,menu_id desc  [ RunTime:0.0003s ]
INFO: [ view_parse ] --START--
INFO: [ template_filter ] --START--
INFO: Run Behavior\ContentReplaceBehavior [ RunTime:0.000221s ]
INFO: [ template_filter ] --END-- [ RunTime:0.000457s ]
SQL: SELECT * FROM `cms_menu` WHERE `status` <> -1 AND `type` = 1 ORDER BY listorder desc,menu_id desc  [ RunTime:0.0008s ]
NOTIC: [8] Undefined index: a C:\phpDemo\test01\Application\Common\Common\function.php 第 33 行.
NOTIC: [8] Undefined index: a C:\phpDemo\test01\Application\Common\Common\function.php 第 33 行.
NOTIC: [8] Undefined index: a C:\phpDemo\test01\Application\Common\Common\function.php 第 33 行.
NOTIC: [8] Undefined index: a C:\phpDemo\test01\Application\Common\Common\function.php 第 33 行.
NOTIC: [8] Undefined index: a C:\phpDemo\test01\Application\Common\Common\function.php 第 33 行.
NOTIC: [8] Undefined index: a C:\phpDemo\test01\Application\Common\Common\function.php 第 33 行.
INFO: Run Behavior\ParseTemplateBehavior [ RunTime:0.141696s ]
INFO: [ view_parse ] --END-- [ RunTime:0.141865s ]
INFO: [ view_filter ] --START--
INFO: Run Behavior\WriteHtmlCacheBehavior [ RunTime:0.000996s ]
INFO: [ view_filter ] --END-- [ RunTime:0.001216s ]
INFO: [ app_end ] --START--
INFO: Run Behavior\ShowPageTraceBehavior [ RunTime:0.001345s ]
INFO: [ app_end ] --END-- [ RunTime:0.001595s ]

[ 2018-09-11T17:38:54+08:00 ] 127.0.0.1 /admin.php?c=content&a=edit&id=23
INFO: [ app_init ] --START--
INFO: Run Behavior\BuildLiteBehavior [ RunTime:0.000072s ]
INFO: [ app_init ] --END-- [ RunTime:0.001107s ]
INFO: [ app_begin ] --START--
INFO: Run Behavior\ReadHtmlCacheBehavior [ RunTime:0.001269s ]
INFO: [ app_begin ] --END-- [ RunTime:0.001593s ]
NOTIC: [2048] Declaration of Admin\Controller\ContentController::setStatus() should be compatible with Admin\Controller\CommonController::setStatus($data, $models) C:\phpDemo\test01\Application\Admin\Controller\ContentController.class.php 第 12 行.
NOTIC: [2048] Declaration of Admin\Controller\ContentController::listorder() should be compatible with Admin\Controller\CommonController::listorder($model = '') C:\phpDemo\test01\Application\Admin\Controller\ContentController.class.php 第 12 行.
NOTIC: [2048] Declaration of Common\Model\NewsModel::find() should be compatible with Think\Model::find($options = Array) C:\phpDemo\test01\Application\Common\Model\NewsModel.class.php 第 8 行.
SQL: SHOW COLUMNS FROM `cms_news` [ RunTime:0.0014s ]
SQL: SELECT * FROM `cms_news` WHERE ( news_id=23 ) LIMIT 1   [ RunTime:0.0008s ]
NOTIC: [2048] Declaration of Common\Model\NewsContentModel::find() should be compatible with Think\Model::find($options = Array) C:\phpDemo\test01\Application\Common\Model\NewsContentModel.class.php 第 45 行.
SQL: SHOW COLUMNS FROM `cms_news_content` [ RunTime:0.0012s ]
SQL: SELECT * FROM `cms_news_content` WHERE ( news_id=23 ) LIMIT 1   [ RunTime:0.0007s ]
NOTIC: [2048] Declaration of Common\Model\MenuModel::find() should be compatible with Think\Model::find($options = Array) C:\phpDemo\test01\Application\Common\Model\MenuModel.class.php 第 92 行.
SQL: SHOW COLUMNS FROM `cms_menu` [ RunTime:0.0012s ]
SQL: SELECT * FROM `cms_menu` WHERE `status` = 1 AND `type` = 0 ORDER BY listorder desc,menu_id desc  [ RunTime:0.0007s ]
INFO: [ view_parse ] --START--
INFO: [ template_filter ] --START--
INFO: Run Behavior\ContentReplaceBehavior [ RunTime:0.000340s ]
INFO: [ template_filter ] --END-- [ RunTime:0.000656s ]
SQL: SELECT * FROM `cms_menu` WHERE `status` <> -1 AND `type` = 1 ORDER BY listorder desc,menu_id desc  [ RunTime:0.0006s ]
NOTIC: [8] Undefined index: a C:\phpDemo\test01\Application\Common\Common\function.php 第 33 行.
NOTIC: [8] Undefined index: a C:\phpDemo\test01\Application\Common\Common\function.php 第 33 行.
NOTIC: [8] Undefined index: a C:\phpDemo\test01\Application\Common\Common\function.php 第 33 行.
NOTIC: [8] Undefined index: a C:\phpDemo\test01\Application\Common\Common\function.php 第 33 行.
NOTIC: [8] Undefined index: a C:\phpDemo\test01\Application\Common\Common\function.php 第 33 行.
NOTIC: [8] Undefined index: a C:\phpDemo\test01\Application\Common\Common\function.php 第 33 行.
INFO: Run Behavior\ParseTemplateBehavior [ RunTime:0.132458s ]
INFO: [ view_parse ] --END-- [ RunTime:0.132685s ]
INFO: [ view_filter ] --START--
INFO: Run Behavior\WriteHtmlCacheBehavior [ RunTime:0.000398s ]
INFO: [ view_filter ] --END-- [ RunTime:0.000504s ]
INFO: [ app_end ] --START--
INFO: Run Behavior\ShowPageTraceBehavior [ RunTime:0.000793s ]
INFO: [ app_end ] --END-- [ RunTime:0.000914s ]

[ 2018-09-11T17:39:02+08:00 ] 127.0.0.1 /admin.php?c=position
INFO: [ app_init ] --START--
INFO: Run Behavior\BuildLiteBehavior [ RunTime:0.000050s ]
INFO: [ app_init ] --END-- [ RunTime:0.000776s ]
INFO: [ app_begin ] --START--
INFO: Run Behavior\ReadHtmlCacheBehavior [ RunTime:0.001293s ]
INFO: [ app_begin ] --END-- [ RunTime:0.001781s ]
NOTIC: [2048] Declaration of Admin\Controller\PositionController::setStatus() should be compatible with Admin\Controller\CommonController::setStatus($data, $models) C:\phpDemo\test01\Application\Admin\Controller\PositionController.class.php 第 7 行.
NOTIC: [2048] Declaration of Common\Model\PositionModel::find() should be compatible with Think\Model::find($options = Array) C:\phpDemo\test01\Application\Common\Model\PositionModel.class.php 第 8 行.
SQL: SHOW COLUMNS FROM `cms_position` [ RunTime:0.0021s ]
SQL: SELECT * FROM `cms_position` WHERE `status` <> -1 ORDER BY id  [ RunTime:0.0008s ]
INFO: [ view_parse ] --START--
INFO: [ template_filter ] --START--
INFO: Run Behavior\ContentReplaceBehavior [ RunTime:0.000349s ]
INFO: [ template_filter ] --END-- [ RunTime:0.000753s ]
NOTIC: [2048] Declaration of Common\Model\MenuModel::find() should be compatible with Think\Model::find($options = Array) C:\phpDemo\test01\Application\Common\Model\MenuModel.class.php 第 92 行.
SQL: SHOW COLUMNS FROM `cms_menu` [ RunTime:0.0016s ]
SQL: SELECT * FROM `cms_menu` WHERE `status` <> -1 AND `type` = 1 ORDER BY listorder desc,menu_id desc  [ RunTime:0.0009s ]
NOTIC: [8] Undefined index: a C:\phpDemo\test01\Application\Common\Common\function.php 第 33 行.
NOTIC: [8] Undefined index: a C:\phpDemo\test01\Application\Common\Common\function.php 第 33 行.
NOTIC: [8] Undefined index: a C:\phpDemo\test01\Application\Common\Common\function.php 第 33 行.
NOTIC: [8] Undefined index: a C:\phpDemo\test01\Application\Common\Common\function.php 第 33 行.
NOTIC: [8] Undefined index: a C:\phpDemo\test01\Application\Common\Common\function.php 第 33 行.
NOTIC: [8] Undefined index: a C:\phpDemo\test01\Application\Common\Common\function.php 第 33 行.
INFO: Run Behavior\ParseTemplateBehavior [ RunTime:0.054514s ]
INFO: [ view_parse ] --END-- [ RunTime:0.054866s ]
INFO: [ view_filter ] --START--
INFO: Run Behavior\WriteHtmlCacheBehavior [ RunTime:0.001465s ]
INFO: [ view_filter ] --END-- [ RunTime:0.001780s ]
INFO: [ app_end ] --START--
INFO: Run Behavior\ShowPageTraceBehavior [ RunTime:0.001908s ]
INFO: [ app_end ] --END-- [ RunTime:0.002241s ]

[ 2018-09-11T17:39:03+08:00 ] 127.0.0.1 /admin.php?c=positioncontent
INFO: [ app_init ] --START--
INFO: Run Behavior\BuildLiteBehavior [ RunTime:0.000044s ]
INFO: [ app_init ] --END-- [ RunTime:0.000669s ]
INFO: [ app_begin ] --START--
INFO: Run Behavior\ReadHtmlCacheBehavior [ RunTime:0.000788s ]
INFO: [ app_begin ] --END-- [ RunTime:0.001007s ]
NOTIC: [2048] Declaration of Admin\Controller\PositioncontentController::setStatus() should be compatible with Admin\Controller\CommonController::setStatus($data, $models) C:\phpDemo\test01\Application\Admin\Controller\PositioncontentController.class.php 第 9 行.
NOTIC: [2048] Declaration of Admin\Controller\PositioncontentController::listorder() should be compatible with Admin\Controller\CommonController::listorder($model = '') C:\phpDemo\test01\Application\Admin\Controller\PositioncontentController.class.php 第 9 行.
NOTIC: [2048] Declaration of Common\Model\PositionModel::find() should be compatible with Think\Model::find($options = Array) C:\phpDemo\test01\Application\Common\Model\PositionModel.class.php 第 8 行.
SQL: SHOW COLUMNS FROM `cms_position` [ RunTime:0.0020s ]
SQL: SELECT * FROM `cms_position` WHERE `status` = 1 ORDER BY id  [ RunTime:0.0008s ]
NOTIC: [8] Undefined index: title C:\phpDemo\test01\Application\Admin\Controller\PositioncontentController.class.php 第 14 行.
NOTIC: [8] Undefined index: position_id C:\phpDemo\test01\Application\Admin\Controller\PositioncontentController.class.php 第 18 行.
NOTIC: [2048] Declaration of Common\Model\PositionContentModel::find() should be compatible with Think\Model::find($options = Array) C:\phpDemo\test01\Application\Common\Model\PositionContentModel.class.php 第 88 行.
SQL: SHOW COLUMNS FROM `cms_position_content` [ RunTime:0.0019s ]
NOTIC: [8] Undefined index: title C:\phpDemo\test01\Application\Common\Model\PositionContentModel.class.php 第 17 行.
SQL: SELECT * FROM `cms_position_content` WHERE `status` <> -1 AND `position_id` = 2 ORDER BY listorder desc ,id desc  [ RunTime:0.0009s ]
INFO: [ view_parse ] --START--
INFO: [ template_filter ] --START--
INFO: Run Behavior\ContentReplaceBehavior [ RunTime:0.000422s ]
INFO: [ template_filter ] --END-- [ RunTime:0.000787s ]
NOTIC: [2048] Declaration of Common\Model\MenuModel::find() should be compatible with Think\Model::find($options = Array) C:\phpDemo\test01\Application\Common\Model\MenuModel.class.php 第 92 行.
SQL: SHOW COLUMNS FROM `cms_menu` [ RunTime:0.0008s ]
SQL: SELECT * FROM `cms_menu` WHERE `status` <> -1 AND `type` = 1 ORDER BY listorder desc,menu_id desc  [ RunTime:0.0003s ]
NOTIC: [8] Undefined index: a C:\phpDemo\test01\Application\Common\Common\function.php 第 33 行.
NOTIC: [8] Undefined index: a C:\phpDemo\test01\Application\Common\Common\function.php 第 33 行.
NOTIC: [8] Undefined index: a C:\phpDemo\test01\Application\Common\Common\function.php 第 33 行.
NOTIC: [8] Undefined index: a C:\phpDemo\test01\Application\Common\Common\function.php 第 33 行.
NOTIC: [8] Undefined index: a C:\phpDemo\test01\Application\Common\Common\function.php 第 33 行.
NOTIC: [8] Undefined index: a C:\phpDemo\test01\Application\Common\Common\function.php 第 33 行.
NOTIC: [8] Undefined variable: title C:\phpDemo\test01\Application\Runtime\Cache\Admin\b8a8b9d170e6c07d7b463ea02385894d.php 第 120 行.
INFO: Run Behavior\ParseTemplateBehavior [ RunTime:0.140074s ]
INFO: [ view_parse ] --END-- [ RunTime:0.140281s ]
INFO: [ view_filter ] --START--
INFO: Run Behavior\WriteHtmlCacheBehavior [ RunTime:0.000425s ]
INFO: [ view_filter ] --END-- [ RunTime:0.000510s ]
INFO: [ app_end ] --START--
INFO: Run Behavior\ShowPageTraceBehavior [ RunTime:0.000801s ]
INFO: [ app_end ] --END-- [ RunTime:0.000947s ]

[ 2018-09-11T17:39:04+08:00 ] 127.0.0.1 /admin.php?c=admin
INFO: [ app_init ] --START--
INFO: Run Behavior\BuildLiteBehavior [ RunTime:0.000043s ]
INFO: [ app_init ] --END-- [ RunTime:0.000680s ]
INFO: [ app_begin ] --START--
INFO: Run Behavior\ReadHtmlCacheBehavior [ RunTime:0.000778s ]
INFO: [ app_begin ] --END-- [ RunTime:0.000977s ]
NOTIC: [2048] Declaration of Admin\Controller\AdminController::setStatus() should be compatible with Admin\Controller\CommonController::setStatus($data, $models) C:\phpDemo\test01\Application\Admin\Controller\AdminController.class.php 第 9 行.
SQL: SHOW COLUMNS FROM `cms_admin` [ RunTime:0.0028s ]
SQL: SELECT * FROM `cms_admin` WHERE `status` <> -1 ORDER BY admin_id desc  [ RunTime:0.0008s ]
INFO: [ view_parse ] --START--
INFO: [ template_filter ] --START--
INFO: Run Behavior\ContentReplaceBehavior [ RunTime:0.000282s ]
INFO: [ template_filter ] --END-- [ RunTime:0.000768s ]
NOTIC: [2048] Declaration of Common\Model\MenuModel::find() should be compatible with Think\Model::find($options = Array) C:\phpDemo\test01\Application\Common\Model\MenuModel.class.php 第 92 行.
SQL: SHOW COLUMNS FROM `cms_menu` [ RunTime:0.0016s ]
SQL: SELECT * FROM `cms_menu` WHERE `status` <> -1 AND `type` = 1 ORDER BY listorder desc,menu_id desc  [ RunTime:0.0010s ]
NOTIC: [8] Undefined index: a C:\phpDemo\test01\Application\Common\Common\function.php 第 33 行.
NOTIC: [8] Undefined index: a C:\phpDemo\test01\Application\Common\Common\function.php 第 33 行.
NOTIC: [8] Undefined index: a C:\phpDemo\test01\Application\Common\Common\function.php 第 33 行.
NOTIC: [8] Undefined index: a C:\phpDemo\test01\Application\Common\Common\function.php 第 33 行.
NOTIC: [8] Undefined index: a C:\phpDemo\test01\Application\Common\Common\function.php 第 33 行.
NOTIC: [8] Undefined index: a C:\phpDemo\test01\Application\Common\Common\function.php 第 33 行.
NOTIC: [8] Undefined variable: nav C:\phpDemo\test01\Application\Runtime\Cache\Admin\b682812e058c4f7cab74d08ab9eabe11.php 第 101 行.
INFO: Run Behavior\ParseTemplateBehavior [ RunTime:0.077224s ]
INFO: [ view_parse ] --END-- [ RunTime:0.077576s ]
INFO: [ view_filter ] --START--
INFO: Run Behavior\WriteHtmlCacheBehavior [ RunTime:0.001507s ]
INFO: [ view_filter ] --END-- [ RunTime:0.001833s ]
INFO: [ app_end ] --START--
INFO: Run Behavior\ShowPageTraceBehavior [ RunTime:0.001923s ]
INFO: [ app_end ] --END-- [ RunTime:0.002245s ]

[ 2018-09-11T17:39:09+08:00 ] 127.0.0.1 /admin.php?c=basic
INFO: [ app_init ] --START--
INFO: Run Behavior\BuildLiteBehavior [ RunTime:0.000043s ]
INFO: [ app_init ] --END-- [ RunTime:0.000670s ]
INFO: [ app_begin ] --START--
INFO: Run Behavior\ReadHtmlCacheBehavior [ RunTime:0.000771s ]
INFO: [ app_begin ] --END-- [ RunTime:0.000966s ]
NOTIC: [2048] Declaration of Common\Model\BasicModel::save() should be compatible with Think\Model::save($data = '', $options = Array) C:\phpDemo\test01\Application\Common\Model\BasicModel.class.php 第 8 行.
NOTIC: [2048] Declaration of Common\Model\BasicModel::select() should be compatible with Think\Model::select($options = Array) C:\phpDemo\test01\Application\Common\Model\BasicModel.class.php 第 8 行.
INFO: [ view_parse ] --START--
INFO: [ template_filter ] --START--
INFO: Run Behavior\ContentReplaceBehavior [ RunTime:0.000245s ]
INFO: [ template_filter ] --END-- [ RunTime:0.000588s ]
NOTIC: [2048] Declaration of Common\Model\MenuModel::find() should be compatible with Think\Model::find($options = Array) C:\phpDemo\test01\Application\Common\Model\MenuModel.class.php 第 92 行.
SQL: SHOW COLUMNS FROM `cms_menu` [ RunTime:0.0015s ]
SQL: SELECT * FROM `cms_menu` WHERE `status` <> -1 AND `type` = 1 ORDER BY listorder desc,menu_id desc  [ RunTime:0.0010s ]
NOTIC: [8] Undefined index: a C:\phpDemo\test01\Application\Common\Common\function.php 第 33 行.
NOTIC: [8] Undefined index: a C:\phpDemo\test01\Application\Common\Common\function.php 第 33 行.
NOTIC: [8] Undefined index: a C:\phpDemo\test01\Application\Common\Common\function.php 第 33 行.
NOTIC: [8] Undefined index: a C:\phpDemo\test01\Application\Common\Common\function.php 第 33 行.
NOTIC: [8] Undefined index: a C:\phpDemo\test01\Application\Common\Common\function.php 第 33 行.
NOTIC: [8] Undefined index: a C:\phpDemo\test01\Application\Common\Common\function.php 第 33 行.
INFO: Run Behavior\ParseTemplateBehavior [ RunTime:0.135170s ]
INFO: [ view_parse ] --END-- [ RunTime:0.135516s ]
INFO: [ view_filter ] --START--
INFO: Run Behavior\WriteHtmlCacheBehavior [ RunTime:0.001623s ]
INFO: [ view_filter ] --END-- [ RunTime:0.001985s ]
INFO: [ app_end ] --START--
INFO: Run Behavior\ShowPageTraceBehavior [ RunTime:0.001996s ]
INFO: [ app_end ] --END-- [ RunTime:0.002330s ]

[ 2018-09-11T17:39:11+08:00 ] 127.0.0.1 /admin.php
INFO: [ app_init ] --START--
INFO: Run Behavior\BuildLiteBehavior [ RunTime:0.000060s ]
INFO: [ app_init ] --END-- [ RunTime:0.000704s ]
INFO: [ app_begin ] --START--
INFO: Run Behavior\ReadHtmlCacheBehavior [ RunTime:0.000775s ]
INFO: [ app_begin ] --END-- [ RunTime:0.000972s ]
NOTIC: [2048] Declaration of Common\Model\NewsModel::find() should be compatible with Think\Model::find($options = Array) C:\phpDemo\test01\Application\Common\Model\NewsModel.class.php 第 8 行.
SQL: SHOW COLUMNS FROM `cms_news` [ RunTime:0.0014s ]
SQL: SELECT * FROM `cms_news` WHERE `status` = 1 ORDER BY count desc LIMIT 1   [ RunTime:0.0010s ]
SQL: SELECT COUNT(*) AS tp_count FROM `cms_news` WHERE `status` <> -1 LIMIT 1   [ RunTime:0.0005s ]
NOTIC: [2048] Declaration of Common\Model\PositionModel::find() should be compatible with Think\Model::find($options = Array) C:\phpDemo\test01\Application\Common\Model\PositionModel.class.php 第 80 行.
SQL: SHOW COLUMNS FROM `cms_position` [ RunTime:0.0020s ]
SQL: SELECT COUNT(*) AS tp_count FROM `cms_position` WHERE `status` = 1 LIMIT 1   [ RunTime:0.0008s ]
SQL: SHOW COLUMNS FROM `cms_admin` [ RunTime:0.0026s ]
SQL: SELECT COUNT(*) AS tp_count FROM `cms_admin` WHERE `status` = 1 AND `lastlogintime` > 1536595200 LIMIT 1   [ RunTime:0.0007s ]
NOTIC: [2] Illegal string offset 'tp_count' C:\phpDemo\test01\Application\Common\Model\AdminModel.class.php 第 74 行.
INFO: [ view_parse ] --START--
INFO: [ template_filter ] --START--
INFO: Run Behavior\ContentReplaceBehavior [ RunTime:0.000270s ]
INFO: [ template_filter ] --END-- [ RunTime:0.000609s ]
NOTIC: [2048] Declaration of Common\Model\MenuModel::find() should be compatible with Think\Model::find($options = Array) C:\phpDemo\test01\Application\Common\Model\MenuModel.class.php 第 92 行.
SQL: SHOW COLUMNS FROM `cms_menu` [ RunTime:0.0021s ]
SQL: SELECT * FROM `cms_menu` WHERE `status` <> -1 AND `type` = 1 ORDER BY listorder desc,menu_id desc  [ RunTime:0.0010s ]
NOTIC: [8] Undefined index: a C:\phpDemo\test01\Application\Common\Common\function.php 第 33 行.
NOTIC: [8] Undefined index: a C:\phpDemo\test01\Application\Common\Common\function.php 第 33 行.
NOTIC: [8] Undefined index: a C:\phpDemo\test01\Application\Common\Common\function.php 第 33 行.
NOTIC: [8] Undefined index: a C:\phpDemo\test01\Application\Common\Common\function.php 第 33 行.
NOTIC: [8] Undefined index: a C:\phpDemo\test01\Application\Common\Common\function.php 第 33 行.
NOTIC: [8] Undefined index: a C:\phpDemo\test01\Application\Common\Common\function.php 第 33 行.
INFO: Run Behavior\ParseTemplateBehavior [ RunTime:0.085543s ]
INFO: [ view_parse ] --END-- [ RunTime:0.085895s ]
INFO: [ view_filter ] --START--
INFO: Run Behavior\WriteHtmlCacheBehavior [ RunTime:0.001505s ]
INFO: [ view_filter ] --END-- [ RunTime:0.001833s ]
INFO: [ app_end ] --START--
INFO: Run Behavior\ShowPageTraceBehavior [ RunTime:0.002004s ]
INFO: [ app_end ] --END-- [ RunTime:0.002361s ]

[ 2018-09-11T17:39:26+08:00 ] 127.0.0.1 /admin.php?c=login&a=loginout
INFO: [ app_init ] --START--
INFO: Run Behavior\BuildLiteBehavior [ RunTime:0.000044s ]
INFO: [ app_init ] --END-- [ RunTime:0.000788s ]
INFO: [ app_begin ] --START--
INFO: Run Behavior\ReadHtmlCacheBehavior [ RunTime:0.000990s ]
INFO: [ app_begin ] --END-- [ RunTime:0.001190s ]
NOTIC: [8] Undefined variable: sing_path C:\phpDemo\test01\ThinkPHP\Common\functions.php 第 991 行.
NOTIC: [8] Undefined variable: module C:\phpDemo\test01\ThinkPHP\Common\functions.php 第 994 行.
NOTIC: [8] Undefined variable: var C:\phpDemo\test01\ThinkPHP\Common\functions.php 第 997 行.
NOTIC: [2] array_reverse() expects parameter 1 to be array, null given C:\phpDemo\test01\ThinkPHP\Common\functions.php 第 997 行.
NOTIC: [2] http_build_query(): Parameter 1 expected to be Array or Object.  Incorrect value given C:\phpDemo\test01\ThinkPHP\Common\functions.php 第 997 行.

[ 2018-09-11T17:39:26+08:00 ] 127.0.0.1 /admin.php?&c=login
INFO: [ app_init ] --START--
INFO: Run Behavior\BuildLiteBehavior [ RunTime:0.000070s ]
INFO: [ app_init ] --END-- [ RunTime:0.001218s ]
INFO: [ app_begin ] --START--
INFO: Run Behavior\ReadHtmlCacheBehavior [ RunTime:0.001431s ]
INFO: [ app_begin ] --END-- [ RunTime:0.001791s ]
INFO: [ view_parse ] --START--
INFO: [ template_filter ] --START--
INFO: Run Behavior\ContentReplaceBehavior [ RunTime:0.000334s ]
INFO: [ template_filter ] --END-- [ RunTime:0.000932s ]
INFO: Run Behavior\ParseTemplateBehavior [ RunTime:0.020934s ]
INFO: [ view_parse ] --END-- [ RunTime:0.021365s ]
INFO: [ view_filter ] --START--
INFO: Run Behavior\WriteHtmlCacheBehavior [ RunTime:0.001448s ]
INFO: [ view_filter ] --END-- [ RunTime:0.001771s ]
INFO: [ app_end ] --START--
INFO: Run Behavior\ShowPageTraceBehavior [ RunTime:0.001971s ]
INFO: [ app_end ] --END-- [ RunTime:0.002307s ]

[ 2018-09-11T21:45:50+08:00 ] 127.0.0.1 /admin.php
INFO: [ app_init ] --START--
INFO: Run Behavior\BuildLiteBehavior [ RunTime:0.000100s ]
INFO: [ app_init ] --END-- [ RunTime:0.001185s ]
INFO: [ app_begin ] --START--
INFO: Run Behavior\ReadHtmlCacheBehavior [ RunTime:0.001548s ]
INFO: [ app_begin ] --END-- [ RunTime:0.001788s ]
NOTIC: [8] Undefined variable: sing_path C:\phpDemo\test01\ThinkPHP\Common\functions.php 第 991 行.
NOTIC: [8] Undefined variable: module C:\phpDemo\test01\ThinkPHP\Common\functions.php 第 994 行.
NOTIC: [8] Undefined variable: var C:\phpDemo\test01\ThinkPHP\Common\functions.php 第 997 行.
NOTIC: [2] array_reverse() expects parameter 1 to be array, null given C:\phpDemo\test01\ThinkPHP\Common\functions.php 第 997 行.
NOTIC: [2] http_build_query(): Parameter 1 expected to be Array or Object.  Incorrect value given C:\phpDemo\test01\ThinkPHP\Common\functions.php 第 997 行.

[ 2018-09-11T21:45:50+08:00 ] 127.0.0.1 /admin.php?&c=login
INFO: [ app_init ] --START--
INFO: Run Behavior\BuildLiteBehavior [ RunTime:0.000045s ]
INFO: [ app_init ] --END-- [ RunTime:0.000973s ]
INFO: [ app_begin ] --START--
INFO: Run Behavior\ReadHtmlCacheBehavior [ RunTime:0.001491s ]
INFO: [ app_begin ] --END-- [ RunTime:0.001724s ]
INFO: [ view_parse ] --START--
INFO: [ template_filter ] --START--
INFO: Run Behavior\ContentReplaceBehavior [ RunTime:0.000141s ]
INFO: [ template_filter ] --END-- [ RunTime:0.000380s ]
INFO: Run Behavior\ParseTemplateBehavior [ RunTime:0.014728s ]
INFO: [ view_parse ] --END-- [ RunTime:0.014969s ]
INFO: [ view_filter ] --START--
INFO: Run Behavior\WriteHtmlCacheBehavior [ RunTime:0.001185s ]
INFO: [ view_filter ] --END-- [ RunTime:0.001395s ]
INFO: [ app_end ] --START--
INFO: Run Behavior\ShowPageTraceBehavior [ RunTime:0.001582s ]
INFO: [ app_end ] --END-- [ RunTime:0.001805s ]

[ 2018-09-11T21:45:59+08:00 ] 127.0.0.1 /admin.php?c=login&a=check
INFO: [ app_init ] --START--
INFO: Run Behavior\BuildLiteBehavior [ RunTime:0.000046s ]
INFO: [ app_init ] --END-- [ RunTime:0.000786s ]
INFO: [ app_begin ] --START--
INFO: Run Behavior\ReadHtmlCacheBehavior [ RunTime:0.002065s ]
INFO: [ app_begin ] --END-- [ RunTime:0.002431s ]
SQL: SHOW COLUMNS FROM `cms_admin` [ RunTime:0.0023s ]
SQL: SELECT * FROM `cms_admin` WHERE ( username="admin" ) LIMIT 1   [ RunTime:0.0006s ]
SQL: UPDATE `cms_admin` SET `lastlogintime`='1536673559' WHERE ( admin_id=1 ) [ RunTime:0.0008s ]

[ 2018-09-11T21:46:00+08:00 ] 127.0.0.1 /admin.php?c=index
INFO: [ app_init ] --START--
INFO: Run Behavior\BuildLiteBehavior [ RunTime:0.000043s ]
INFO: [ app_init ] --END-- [ RunTime:0.000788s ]
INFO: [ app_begin ] --START--
INFO: Run Behavior\ReadHtmlCacheBehavior [ RunTime:0.001683s ]
INFO: [ app_begin ] --END-- [ RunTime:0.001986s ]
NOTIC: [2048] Declaration of Common\Model\NewsModel::find() should be compatible with Think\Model::find($options = Array) C:\phpDemo\test01\Application\Common\Model\NewsModel.class.php 第 8 行.
SQL: SHOW COLUMNS FROM `cms_news` [ RunTime:0.0019s ]
SQL: SELECT * FROM `cms_news` WHERE `status` = 1 ORDER BY count desc LIMIT 1   [ RunTime:0.0009s ]
SQL: SELECT COUNT(*) AS tp_count FROM `cms_news` WHERE `status` <> -1 LIMIT 1   [ RunTime:0.0005s ]
NOTIC: [2048] Declaration of Common\Model\PositionModel::find() should be compatible with Think\Model::find($options = Array) C:\phpDemo\test01\Application\Common\Model\PositionModel.class.php 第 80 行.
SQL: SHOW COLUMNS FROM `cms_position` [ RunTime:0.0010s ]
SQL: SELECT COUNT(*) AS tp_count FROM `cms_position` WHERE `status` = 1 LIMIT 1   [ RunTime:0.0005s ]
SQL: SHOW COLUMNS FROM `cms_admin` [ RunTime:0.0160s ]
SQL: SELECT COUNT(*) AS tp_count FROM `cms_admin` WHERE `status` = 1 AND `lastlogintime` > 1536595200 LIMIT 1   [ RunTime:0.0005s ]
NOTIC: [2] Illegal string offset 'tp_count' C:\phpDemo\test01\Application\Common\Model\AdminModel.class.php 第 74 行.
INFO: [ view_parse ] --START--
INFO: [ template_filter ] --START--
INFO: Run Behavior\ContentReplaceBehavior [ RunTime:0.000177s ]
INFO: [ template_filter ] --END-- [ RunTime:0.000399s ]
NOTIC: [2048] Declaration of Common\Model\MenuModel::find() should be compatible with Think\Model::find($options = Array) C:\phpDemo\test01\Application\Common\Model\MenuModel.class.php 第 92 行.
SQL: SHOW COLUMNS FROM `cms_menu` [ RunTime:0.0013s ]
SQL: SELECT * FROM `cms_menu` WHERE `status` <> -1 AND `type` = 1 ORDER BY listorder desc,menu_id desc  [ RunTime:0.0009s ]
NOTIC: [8] Undefined index: a C:\phpDemo\test01\Application\Common\Common\function.php 第 33 行.
NOTIC: [8] Undefined index: a C:\phpDemo\test01\Application\Common\Common\function.php 第 33 行.
NOTIC: [8] Undefined index: a C:\phpDemo\test01\Application\Common\Common\function.php 第 33 行.
NOTIC: [8] Undefined index: a C:\phpDemo\test01\Application\Common\Common\function.php 第 33 行.
NOTIC: [8] Undefined index: a C:\phpDemo\test01\Application\Common\Common\function.php 第 33 行.
NOTIC: [8] Undefined index: a C:\phpDemo\test01\Application\Common\Common\function.php 第 33 行.
INFO: Run Behavior\ParseTemplateBehavior [ RunTime:0.064506s ]
INFO: [ view_parse ] --END-- [ RunTime:0.064730s ]
INFO: [ view_filter ] --START--
INFO: Run Behavior\WriteHtmlCacheBehavior [ RunTime:0.001165s ]
INFO: [ view_filter ] --END-- [ RunTime:0.001373s ]
INFO: [ app_end ] --START--
INFO: Run Behavior\ShowPageTraceBehavior [ RunTime:0.001653s ]
INFO: [ app_end ] --END-- [ RunTime:0.002042s ]

[ 2018-09-11T21:46:38+08:00 ] 127.0.0.1 /admin.php?c=positioncontent
INFO: [ app_init ] --START--
INFO: Run Behavior\BuildLiteBehavior [ RunTime:0.000088s ]
INFO: [ app_init ] --END-- [ RunTime:0.001465s ]
INFO: [ app_begin ] --START--
INFO: Run Behavior\ReadHtmlCacheBehavior [ RunTime:0.001491s ]
INFO: [ app_begin ] --END-- [ RunTime:0.001743s ]
NOTIC: [2048] Declaration of Admin\Controller\PositioncontentController::setStatus() should be compatible with Admin\Controller\CommonController::setStatus($data, $models) C:\phpDemo\test01\Application\Admin\Controller\PositioncontentController.class.php 第 9 行.
NOTIC: [2048] Declaration of Admin\Controller\PositioncontentController::listorder() should be compatible with Admin\Controller\CommonController::listorder($model = '') C:\phpDemo\test01\Application\Admin\Controller\PositioncontentController.class.php 第 9 行.
NOTIC: [2048] Declaration of Common\Model\PositionModel::find() should be compatible with Think\Model::find($options = Array) C:\phpDemo\test01\Application\Common\Model\PositionModel.class.php 第 8 行.
SQL: SHOW COLUMNS FROM `cms_position` [ RunTime:0.0014s ]
SQL: SELECT * FROM `cms_position` WHERE `status` = 1 ORDER BY id  [ RunTime:0.0008s ]
NOTIC: [8] Undefined index: title C:\phpDemo\test01\Application\Admin\Controller\PositioncontentController.class.php 第 14 行.
NOTIC: [8] Undefined index: position_id C:\phpDemo\test01\Application\Admin\Controller\PositioncontentController.class.php 第 18 行.
NOTIC: [2048] Declaration of Common\Model\PositionContentModel::find() should be compatible with Think\Model::find($options = Array) C:\phpDemo\test01\Application\Common\Model\PositionContentModel.class.php 第 88 行.
SQL: SHOW COLUMNS FROM `cms_position_content` [ RunTime:0.0009s ]
NOTIC: [8] Undefined index: title C:\phpDemo\test01\Application\Common\Model\PositionContentModel.class.php 第 17 行.
SQL: SELECT * FROM `cms_position_content` WHERE `status` <> -1 AND `position_id` = 2 ORDER BY listorder desc ,id desc  [ RunTime:0.0006s ]
INFO: [ view_parse ] --START--
INFO: [ template_filter ] --START--
INFO: Run Behavior\ContentReplaceBehavior [ RunTime:0.000228s ]
INFO: [ template_filter ] --END-- [ RunTime:0.000450s ]
NOTIC: [2048] Declaration of Common\Model\MenuModel::find() should be compatible with Think\Model::find($options = Array) C:\phpDemo\test01\Application\Common\Model\MenuModel.class.php 第 92 行.
SQL: SHOW COLUMNS FROM `cms_menu` [ RunTime:0.0010s ]
SQL: SELECT * FROM `cms_menu` WHERE `status` <> -1 AND `type` = 1 ORDER BY listorder desc,menu_id desc  [ RunTime:0.0006s ]
NOTIC: [8] Undefined index: a C:\phpDemo\test01\Application\Common\Common\function.php 第 33 行.
NOTIC: [8] Undefined index: a C:\phpDemo\test01\Application\Common\Common\function.php 第 33 行.
NOTIC: [8] Undefined index: a C:\phpDemo\test01\Application\Common\Common\function.php 第 33 行.
NOTIC: [8] Undefined index: a C:\phpDemo\test01\Application\Common\Common\function.php 第 33 行.
NOTIC: [8] Undefined index: a C:\phpDemo\test01\Application\Common\Common\function.php 第 33 行.
NOTIC: [8] Undefined index: a C:\phpDemo\test01\Application\Common\Common\function.php 第 33 行.
NOTIC: [8] Undefined variable: title C:\phpDemo\test01\Application\Runtime\Cache\Admin\b8a8b9d170e6c07d7b463ea02385894d.php 第 120 行.
INFO: Run Behavior\ParseTemplateBehavior [ RunTime:0.094404s ]
INFO: [ view_parse ] --END-- [ RunTime:0.094628s ]
INFO: [ view_filter ] --START--
INFO: Run Behavior\WriteHtmlCacheBehavior [ RunTime:0.001170s ]
INFO: [ view_filter ] --END-- [ RunTime:0.001384s ]
INFO: [ app_end ] --START--
INFO: Run Behavior\ShowPageTraceBehavior [ RunTime:0.001402s ]
INFO: [ app_end ] --END-- [ RunTime:0.001655s ]

[ 2018-09-11T21:46:41+08:00 ] 127.0.0.1 /admin.php?c=positioncontent&a=listorder
INFO: [ app_init ] --START--
INFO: Run Behavior\BuildLiteBehavior [ RunTime:0.000045s ]
INFO: [ app_init ] --END-- [ RunTime:0.000756s ]
INFO: [ app_begin ] --START--
INFO: Run Behavior\ReadHtmlCacheBehavior [ RunTime:0.001150s ]
INFO: [ app_begin ] --END-- [ RunTime:0.001317s ]
NOTIC: [2048] Declaration of Admin\Controller\PositioncontentController::setStatus() should be compatible with Admin\Controller\CommonController::setStatus($data, $models) C:\phpDemo\test01\Application\Admin\Controller\PositioncontentController.class.php 第 9 行.
NOTIC: [2048] Declaration of Admin\Controller\PositioncontentController::listorder() should be compatible with Admin\Controller\CommonController::listorder($model = '') C:\phpDemo\test01\Application\Admin\Controller\PositioncontentController.class.php 第 9 行.
NOTIC: [2048] Declaration of Common\Model\PositionContentModel::find() should be compatible with Think\Model::find($options = Array) C:\phpDemo\test01\Application\Common\Model\PositionContentModel.class.php 第 8 行.
SQL: SHOW COLUMNS FROM `cms_position_content` [ RunTime:0.0011s ]
SQL: UPDATE `cms_position_content` SET `listorder`='0' WHERE ( id=35 ) [ RunTime:0.0006s ]
SQL: UPDATE `cms_position_content` SET `listorder`='0' WHERE ( id=34 ) [ RunTime:0.0004s ]
SQL: UPDATE `cms_position_content` SET `listorder`='0' WHERE ( id=28 ) [ RunTime:0.0004s ]

[ 2018-09-11T21:46:42+08:00 ] 127.0.0.1 /admin.php?c=positioncontent
INFO: [ app_init ] --START--
INFO: Run Behavior\BuildLiteBehavior [ RunTime:0.000048s ]
INFO: [ app_init ] --END-- [ RunTime:0.000725s ]
INFO: [ app_begin ] --START--
INFO: Run Behavior\ReadHtmlCacheBehavior [ RunTime:0.001136s ]
INFO: [ app_begin ] --END-- [ RunTime:0.001332s ]
NOTIC: [2048] Declaration of Admin\Controller\PositioncontentController::setStatus() should be compatible with Admin\Controller\CommonController::setStatus($data, $models) C:\phpDemo\test01\Application\Admin\Controller\PositioncontentController.class.php 第 9 行.
NOTIC: [2048] Declaration of Admin\Controller\PositioncontentController::listorder() should be compatible with Admin\Controller\CommonController::listorder($model = '') C:\phpDemo\test01\Application\Admin\Controller\PositioncontentController.class.php 第 9 行.
NOTIC: [2048] Declaration of Common\Model\PositionModel::find() should be compatible with Think\Model::find($options = Array) C:\phpDemo\test01\Application\Common\Model\PositionModel.class.php 第 8 行.
SQL: SHOW COLUMNS FROM `cms_position` [ RunTime:0.0011s ]
SQL: SELECT * FROM `cms_position` WHERE `status` = 1 ORDER BY id  [ RunTime:0.0006s ]
NOTIC: [8] Undefined index: title C:\phpDemo\test01\Application\Admin\Controller\PositioncontentController.class.php 第 14 行.
NOTIC: [8] Undefined index: position_id C:\phpDemo\test01\Application\Admin\Controller\PositioncontentController.class.php 第 18 行.
NOTIC: [2048] Declaration of Common\Model\PositionContentModel::find() should be compatible with Think\Model::find($options = Array) C:\phpDemo\test01\Application\Common\Model\PositionContentModel.class.php 第 88 行.
SQL: SHOW COLUMNS FROM `cms_position_content` [ RunTime:0.0015s ]
NOTIC: [8] Undefined index: title C:\phpDemo\test01\Application\Common\Model\PositionContentModel.class.php 第 17 行.
SQL: SELECT * FROM `cms_position_content` WHERE `status` <> -1 AND `position_id` = 2 ORDER BY listorder desc ,id desc  [ RunTime:0.0009s ]
INFO: [ view_parse ] --START--
INFO: [ template_filter ] --START--
INFO: Run Behavior\ContentReplaceBehavior [ RunTime:0.000184s ]
INFO: [ template_filter ] --END-- [ RunTime:0.000407s ]
NOTIC: [2048] Declaration of Common\Model\MenuModel::find() should be compatible with Think\Model::find($options = Array) C:\phpDemo\test01\Application\Common\Model\MenuModel.class.php 第 92 行.
SQL: SHOW COLUMNS FROM `cms_menu` [ RunTime:0.0017s ]
SQL: SELECT * FROM `cms_menu` WHERE `status` <> -1 AND `type` = 1 ORDER BY listorder desc,menu_id desc  [ RunTime:0.0011s ]
NOTIC: [8] Undefined index: a C:\phpDemo\test01\Application\Common\Common\function.php 第 33 行.
NOTIC: [8] Undefined index: a C:\phpDemo\test01\Application\Common\Common\function.php 第 33 行.
NOTIC: [8] Undefined index: a C:\phpDemo\test01\Application\Common\Common\function.php 第 33 行.
NOTIC: [8] Undefined index: a C:\phpDemo\test01\Application\Common\Common\function.php 第 33 行.
NOTIC: [8] Undefined index: a C:\phpDemo\test01\Application\Common\Common\function.php 第 33 行.
NOTIC: [8] Undefined index: a C:\phpDemo\test01\Application\Common\Common\function.php 第 33 行.
NOTIC: [8] Undefined variable: title C:\phpDemo\test01\Application\Runtime\Cache\Admin\b8a8b9d170e6c07d7b463ea02385894d.php 第 120 行.
INFO: Run Behavior\ParseTemplateBehavior [ RunTime:0.117993s ]
INFO: [ view_parse ] --END-- [ RunTime:0.118367s ]
INFO: [ view_filter ] --START--
INFO: Run Behavior\WriteHtmlCacheBehavior [ RunTime:0.002223s ]
INFO: [ view_filter ] --END-- [ RunTime:0.002755s ]
INFO: [ app_end ] --START--
INFO: Run Behavior\ShowPageTraceBehavior [ RunTime:0.002658s ]
INFO: [ app_end ] --END-- [ RunTime:0.003201s ]

[ 2018-09-11T21:46:43+08:00 ] 127.0.0.1 /admin.php?c=positioncontent
INFO: [ app_init ] --START--
INFO: Run Behavior\BuildLiteBehavior [ RunTime:0.000065s ]
INFO: [ app_init ] --END-- [ RunTime:0.001288s ]
INFO: [ app_begin ] --START--
INFO: Run Behavior\ReadHtmlCacheBehavior [ RunTime:0.002238s ]
INFO: [ app_begin ] --END-- [ RunTime:0.002688s ]
NOTIC: [2048] Declaration of Admin\Controller\PositioncontentController::setStatus() should be compatible with Admin\Controller\CommonController::setStatus($data, $models) C:\phpDemo\test01\Application\Admin\Controller\PositioncontentController.class.php 第 9 行.
NOTIC: [2048] Declaration of Admin\Controller\PositioncontentController::listorder() should be compatible with Admin\Controller\CommonController::listorder($model = '') C:\phpDemo\test01\Application\Admin\Controller\PositioncontentController.class.php 第 9 行.
NOTIC: [2048] Declaration of Common\Model\PositionModel::find() should be compatible with Think\Model::find($options = Array) C:\phpDemo\test01\Application\Common\Model\PositionModel.class.php 第 8 行.
SQL: SHOW COLUMNS FROM `cms_position` [ RunTime:0.0008s ]
SQL: SELECT * FROM `cms_position` WHERE `status` = 1 ORDER BY id  [ RunTime:0.0005s ]
NOTIC: [8] Undefined index: title C:\phpDemo\test01\Application\Admin\Controller\PositioncontentController.class.php 第 14 行.
NOTIC: [8] Undefined index: position_id C:\phpDemo\test01\Application\Admin\Controller\PositioncontentController.class.php 第 18 行.
NOTIC: [2048] Declaration of Common\Model\PositionContentModel::find() should be compatible with Think\Model::find($options = Array) C:\phpDemo\test01\Application\Common\Model\PositionContentModel.class.php 第 88 行.
SQL: SHOW COLUMNS FROM `cms_position_content` [ RunTime:0.0011s ]
NOTIC: [8] Undefined index: title C:\phpDemo\test01\Application\Common\Model\PositionContentModel.class.php 第 17 行.
SQL: SELECT * FROM `cms_position_content` WHERE `status` <> -1 AND `position_id` = 2 ORDER BY listorder desc ,id desc  [ RunTime:0.0006s ]
INFO: [ view_parse ] --START--
INFO: [ template_filter ] --START--
INFO: Run Behavior\ContentReplaceBehavior [ RunTime:0.000152s ]
INFO: [ template_filter ] --END-- [ RunTime:0.000322s ]
NOTIC: [2048] Declaration of Common\Model\MenuModel::find() should be compatible with Think\Model::find($options = Array) C:\phpDemo\test01\Application\Common\Model\MenuModel.class.php 第 92 行.
SQL: SHOW COLUMNS FROM `cms_menu` [ RunTime:0.0011s ]
SQL: SELECT * FROM `cms_menu` WHERE `status` <> -1 AND `type` = 1 ORDER BY listorder desc,menu_id desc  [ RunTime:0.0007s ]
NOTIC: [8] Undefined index: a C:\phpDemo\test01\Application\Common\Common\function.php 第 33 行.
NOTIC: [8] Undefined index: a C:\phpDemo\test01\Application\Common\Common\function.php 第 33 行.
NOTIC: [8] Undefined index: a C:\phpDemo\test01\Application\Common\Common\function.php 第 33 行.
NOTIC: [8] Undefined index: a C:\phpDemo\test01\Application\Common\Common\function.php 第 33 行.
NOTIC: [8] Undefined index: a C:\phpDemo\test01\Application\Common\Common\function.php 第 33 行.
NOTIC: [8] Undefined index: a C:\phpDemo\test01\Application\Common\Common\function.php 第 33 行.
NOTIC: [8] Undefined variable: title C:\phpDemo\test01\Application\Runtime\Cache\Admin\b8a8b9d170e6c07d7b463ea02385894d.php 第 120 行.
INFO: Run Behavior\ParseTemplateBehavior [ RunTime:0.088021s ]
INFO: [ view_parse ] --END-- [ RunTime:0.088234s ]
INFO: [ view_filter ] --START--
INFO: Run Behavior\WriteHtmlCacheBehavior [ RunTime:0.001231s ]
INFO: [ view_filter ] --END-- [ RunTime:0.001437s ]
INFO: [ app_end ] --START--
INFO: Run Behavior\ShowPageTraceBehavior [ RunTime:0.001675s ]
INFO: [ app_end ] --END-- [ RunTime:0.001907s ]

[ 2018-09-11T21:46:45+08:00 ] 127.0.0.1 /admin.php?c=positioncontent&a=edit&id=35
INFO: [ app_init ] --START--
INFO: Run Behavior\BuildLiteBehavior [ RunTime:0.000070s ]
INFO: [ app_init ] --END-- [ RunTime:0.001864s ]
INFO: [ app_begin ] --START--
INFO: Run Behavior\ReadHtmlCacheBehavior [ RunTime:0.001344s ]
INFO: [ app_begin ] --END-- [ RunTime:0.001663s ]
NOTIC: [2048] Declaration of Admin\Controller\PositioncontentController::setStatus() should be compatible with Admin\Controller\CommonController::setStatus($data, $models) C:\phpDemo\test01\Application\Admin\Controller\PositioncontentController.class.php 第 9 行.
NOTIC: [2048] Declaration of Admin\Controller\PositioncontentController::listorder() should be compatible with Admin\Controller\CommonController::listorder($model = '') C:\phpDemo\test01\Application\Admin\Controller\PositioncontentController.class.php 第 9 行.
NOTIC: [2048] Declaration of Common\Model\PositionContentModel::find() should be compatible with Think\Model::find($options = Array) C:\phpDemo\test01\Application\Common\Model\PositionContentModel.class.php 第 8 行.
SQL: SHOW COLUMNS FROM `cms_position_content` [ RunTime:0.0014s ]
SQL: SELECT * FROM `cms_position_content` WHERE ( id=35 ) LIMIT 1   [ RunTime:0.0006s ]
NOTIC: [2048] Declaration of Common\Model\PositionModel::find() should be compatible with Think\Model::find($options = Array) C:\phpDemo\test01\Application\Common\Model\PositionModel.class.php 第 80 行.
SQL: SHOW COLUMNS FROM `cms_position` [ RunTime:0.0013s ]
SQL: SELECT * FROM `cms_position` WHERE `status` = 1 ORDER BY id  [ RunTime:0.0005s ]
INFO: [ view_parse ] --START--
INFO: [ template_filter ] --START--
INFO: Run Behavior\ContentReplaceBehavior [ RunTime:0.000181s ]
INFO: [ template_filter ] --END-- [ RunTime:0.000417s ]
NOTIC: [2048] Declaration of Common\Model\MenuModel::find() should be compatible with Think\Model::find($options = Array) C:\phpDemo\test01\Application\Common\Model\MenuModel.class.php 第 92 行.
SQL: SHOW COLUMNS FROM `cms_menu` [ RunTime:0.0010s ]
SQL: SELECT * FROM `cms_menu` WHERE `status` <> -1 AND `type` = 1 ORDER BY listorder desc,menu_id desc  [ RunTime:0.0007s ]
NOTIC: [8] Undefined index: a C:\phpDemo\test01\Application\Common\Common\function.php 第 33 行.
NOTIC: [8] Undefined index: a C:\phpDemo\test01\Application\Common\Common\function.php 第 33 行.
NOTIC: [8] Undefined index: a C:\phpDemo\test01\Application\Common\Common\function.php 第 33 行.
NOTIC: [8] Undefined index: a C:\phpDemo\test01\Application\Common\Common\function.php 第 33 行.
NOTIC: [8] Undefined index: a C:\phpDemo\test01\Application\Common\Common\function.php 第 33 行.
NOTIC: [8] Undefined index: a C:\phpDemo\test01\Application\Common\Common\function.php 第 33 行.
INFO: Run Behavior\ParseTemplateBehavior [ RunTime:0.081167s ]
INFO: [ view_parse ] --END-- [ RunTime:0.081386s ]
INFO: [ view_filter ] --START--
INFO: Run Behavior\WriteHtmlCacheBehavior [ RunTime:0.001234s ]
INFO: [ view_filter ] --END-- [ RunTime:0.001437s ]
INFO: [ app_end ] --START--
INFO: Run Behavior\ShowPageTraceBehavior [ RunTime:0.001510s ]
INFO: [ app_end ] --END-- [ RunTime:0.001728s ]

[ 2018-09-11T21:47:00+08:00 ] 127.0.0.1 /admin.php?c=admin
INFO: [ app_init ] --START--
INFO: Run Behavior\BuildLiteBehavior [ RunTime:0.000047s ]
INFO: [ app_init ] --END-- [ RunTime:0.000799s ]
INFO: [ app_begin ] --START--
INFO: Run Behavior\ReadHtmlCacheBehavior [ RunTime:0.002003s ]
INFO: [ app_begin ] --END-- [ RunTime:0.002536s ]
NOTIC: [2048] Declaration of Admin\Controller\AdminController::setStatus() should be compatible with Admin\Controller\CommonController::setStatus($data, $models) C:\phpDemo\test01\Application\Admin\Controller\AdminController.class.php 第 9 行.
SQL: SHOW COLUMNS FROM `cms_admin` [ RunTime:0.0014s ]
SQL: SELECT * FROM `cms_admin` WHERE `status` <> -1 ORDER BY admin_id desc  [ RunTime:0.0005s ]
INFO: [ view_parse ] --START--
INFO: [ template_filter ] --START--
INFO: Run Behavior\ContentReplaceBehavior [ RunTime:0.000169s ]
INFO: [ template_filter ] --END-- [ RunTime:0.000391s ]
NOTIC: [2048] Declaration of Common\Model\MenuModel::find() should be compatible with Think\Model::find($options = Array) C:\phpDemo\test01\Application\Common\Model\MenuModel.class.php 第 92 行.
SQL: SHOW COLUMNS FROM `cms_menu` [ RunTime:0.0012s ]
SQL: SELECT * FROM `cms_menu` WHERE `status` <> -1 AND `type` = 1 ORDER BY listorder desc,menu_id desc  [ RunTime:0.0007s ]
NOTIC: [8] Undefined index: a C:\phpDemo\test01\Application\Common\Common\function.php 第 33 行.
NOTIC: [8] Undefined index: a C:\phpDemo\test01\Application\Common\Common\function.php 第 33 行.
NOTIC: [8] Undefined index: a C:\phpDemo\test01\Application\Common\Common\function.php 第 33 行.
NOTIC: [8] Undefined index: a C:\phpDemo\test01\Application\Common\Common\function.php 第 33 行.
NOTIC: [8] Undefined index: a C:\phpDemo\test01\Application\Common\Common\function.php 第 33 行.
NOTIC: [8] Undefined index: a C:\phpDemo\test01\Application\Common\Common\function.php 第 33 行.
NOTIC: [8] Undefined variable: nav C:\phpDemo\test01\Application\Runtime\Cache\Admin\b682812e058c4f7cab74d08ab9eabe11.php 第 101 行.
INFO: Run Behavior\ParseTemplateBehavior [ RunTime:0.032544s ]
INFO: [ view_parse ] --END-- [ RunTime:0.032795s ]
INFO: [ view_filter ] --START--
INFO: Run Behavior\WriteHtmlCacheBehavior [ RunTime:0.001084s ]
INFO: [ view_filter ] --END-- [ RunTime:0.001313s ]
INFO: [ app_end ] --START--
INFO: Run Behavior\ShowPageTraceBehavior [ RunTime:0.001445s ]
INFO: [ app_end ] --END-- [ RunTime:0.001724s ]

[ 2018-09-11T21:47:02+08:00 ] 127.0.0.1 /admin.php?c=content
INFO: [ app_init ] --START--
INFO: Run Behavior\BuildLiteBehavior [ RunTime:0.000048s ]
INFO: [ app_init ] --END-- [ RunTime:0.000830s ]
INFO: [ app_begin ] --START--
INFO: Run Behavior\ReadHtmlCacheBehavior [ RunTime:0.001345s ]
INFO: [ app_begin ] --END-- [ RunTime:0.001600s ]
NOTIC: [2048] Declaration of Admin\Controller\ContentController::setStatus() should be compatible with Admin\Controller\CommonController::setStatus($data, $models) C:\phpDemo\test01\Application\Admin\Controller\ContentController.class.php 第 12 行.
NOTIC: [2048] Declaration of Admin\Controller\ContentController::listorder() should be compatible with Admin\Controller\CommonController::listorder($model = '') C:\phpDemo\test01\Application\Admin\Controller\ContentController.class.php 第 12 行.
NOTIC: [8] Undefined index: title C:\phpDemo\test01\Application\Admin\Controller\ContentController.class.php 第 16 行.
NOTIC: [8] Undefined index: catid C:\phpDemo\test01\Application\Admin\Controller\ContentController.class.php 第 20 行.
NOTIC: [8] Undefined index: p C:\phpDemo\test01\Application\Admin\Controller\ContentController.class.php 第 24 行.
NOTIC: [2048] Declaration of Common\Model\NewsModel::find() should be compatible with Think\Model::find($options = Array) C:\phpDemo\test01\Application\Common\Model\NewsModel.class.php 第 8 行.
SQL: SHOW COLUMNS FROM `cms_news` [ RunTime:0.0013s ]
SQL: SELECT * FROM `cms_news` WHERE `status` <> -1 ORDER BY listorder desc ,news_id desc LIMIT 0,10   [ RunTime:0.0008s ]
SQL: SELECT COUNT(*) AS tp_count FROM `cms_news` WHERE `status` <> -1 LIMIT 1   [ RunTime:0.0004s ]
NOTIC: [8] Undefined variable: sing_path C:\phpDemo\test01\ThinkPHP\Common\functions.php 第 991 行.
NOTIC: [2048] Declaration of Common\Model\PositionModel::find() should be compatible with Think\Model::find($options = Array) C:\phpDemo\test01\Application\Common\Model\PositionModel.class.php 第 80 行.
SQL: SHOW COLUMNS FROM `cms_position` [ RunTime:0.0023s ]
SQL: SELECT * FROM `cms_position` WHERE `status` = 1 ORDER BY id  [ RunTime:0.0005s ]
NOTIC: [2048] Declaration of Common\Model\MenuModel::find() should be compatible with Think\Model::find($options = Array) C:\phpDemo\test01\Application\Common\Model\MenuModel.class.php 第 92 行.
SQL: SHOW COLUMNS FROM `cms_menu` [ RunTime:0.0010s ]
SQL: SELECT * FROM `cms_menu` WHERE `status` = 1 AND `type` = 0 ORDER BY listorder desc,menu_id desc  [ RunTime:0.0006s ]
INFO: [ view_parse ] --START--
INFO: [ template_filter ] --START--
INFO: Run Behavior\ContentReplaceBehavior [ RunTime:0.000199s ]
INFO: [ template_filter ] --END-- [ RunTime:0.000429s ]
SQL: SELECT * FROM `cms_menu` WHERE `status` <> -1 AND `type` = 1 ORDER BY listorder desc,menu_id desc  [ RunTime:0.0008s ]
NOTIC: [8] Undefined index: a C:\phpDemo\test01\Application\Common\Common\function.php 第 33 行.
NOTIC: [8] Undefined index: a C:\phpDemo\test01\Application\Common\Common\function.php 第 33 行.
NOTIC: [8] Undefined index: a C:\phpDemo\test01\Application\Common\Common\function.php 第 33 行.
NOTIC: [8] Undefined index: a C:\phpDemo\test01\Application\Common\Common\function.php 第 33 行.
NOTIC: [8] Undefined index: a C:\phpDemo\test01\Application\Common\Common\function.php 第 33 行.
NOTIC: [8] Undefined index: a C:\phpDemo\test01\Application\Common\Common\function.php 第 33 行.
INFO: Run Behavior\ParseTemplateBehavior [ RunTime:0.091524s ]
INFO: [ view_parse ] --END-- [ RunTime:0.091777s ]
INFO: [ view_filter ] --START--
INFO: Run Behavior\WriteHtmlCacheBehavior [ RunTime:0.001110s ]
INFO: [ view_filter ] --END-- [ RunTime:0.001336s ]
INFO: [ app_end ] --START--
INFO: Run Behavior\ShowPageTraceBehavior [ RunTime:0.001404s ]
INFO: [ app_end ] --END-- [ RunTime:0.001717s ]

[ 2018-09-11T21:47:04+08:00 ] 127.0.0.1 /admin.php?c=content&a=add
INFO: [ app_init ] --START--
INFO: Run Behavior\BuildLiteBehavior [ RunTime:0.000031s ]
INFO: [ app_init ] --END-- [ RunTime:0.000520s ]
INFO: [ app_begin ] --START--
INFO: Run Behavior\ReadHtmlCacheBehavior [ RunTime:0.000744s ]
INFO: [ app_begin ] --END-- [ RunTime:0.000890s ]
NOTIC: [2048] Declaration of Admin\Controller\ContentController::setStatus() should be compatible with Admin\Controller\CommonController::setStatus($data, $models) C:\phpDemo\test01\Application\Admin\Controller\ContentController.class.php 第 12 行.
NOTIC: [2048] Declaration of Admin\Controller\ContentController::listorder() should be compatible with Admin\Controller\CommonController::listorder($model = '') C:\phpDemo\test01\Application\Admin\Controller\ContentController.class.php 第 12 行.
NOTIC: [2048] Declaration of Common\Model\MenuModel::find() should be compatible with Think\Model::find($options = Array) C:\phpDemo\test01\Application\Common\Model\MenuModel.class.php 第 5 行.
SQL: SHOW COLUMNS FROM `cms_menu` [ RunTime:0.0009s ]
SQL: SELECT * FROM `cms_menu` WHERE `status` = 1 AND `type` = 0 ORDER BY listorder desc,menu_id desc  [ RunTime:0.0008s ]
INFO: [ view_parse ] --START--
INFO: [ template_filter ] --START--
INFO: Run Behavior\ContentReplaceBehavior [ RunTime:0.000286s ]
INFO: [ template_filter ] --END-- [ RunTime:0.000591s ]
SQL: SELECT * FROM `cms_menu` WHERE `status` <> -1 AND `type` = 1 ORDER BY listorder desc,menu_id desc  [ RunTime:0.0007s ]
NOTIC: [8] Undefined index: a C:\phpDemo\test01\Application\Common\Common\function.php 第 33 行.
NOTIC: [8] Undefined index: a C:\phpDemo\test01\Application\Common\Common\function.php 第 33 行.
NOTIC: [8] Undefined index: a C:\phpDemo\test01\Application\Common\Common\function.php 第 33 行.
NOTIC: [8] Undefined index: a C:\phpDemo\test01\Application\Common\Common\function.php 第 33 行.
NOTIC: [8] Undefined index: a C:\phpDemo\test01\Application\Common\Common\function.php 第 33 行.
NOTIC: [8] Undefined index: a C:\phpDemo\test01\Application\Common\Common\function.php 第 33 行.
INFO: Run Behavior\ParseTemplateBehavior [ RunTime:0.103735s ]
INFO: [ view_parse ] --END-- [ RunTime:0.103984s ]
INFO: [ view_filter ] --START--
INFO: Run Behavior\WriteHtmlCacheBehavior [ RunTime:0.000957s ]
INFO: [ view_filter ] --END-- [ RunTime:0.001154s ]
INFO: [ app_end ] --START--
INFO: Run Behavior\ShowPageTraceBehavior [ RunTime:0.001446s ]
INFO: [ app_end ] --END-- [ RunTime:0.001741s ]

[ 2018-09-11T21:47:15+08:00 ] 127.0.0.1 /admin.php?c=content&a=add
INFO: [ app_init ] --START--
INFO: Run Behavior\BuildLiteBehavior [ RunTime:0.000044s ]
INFO: [ app_init ] --END-- [ RunTime:0.000823s ]
INFO: [ app_begin ] --START--
INFO: Run Behavior\ReadHtmlCacheBehavior [ RunTime:0.001357s ]
INFO: [ app_begin ] --END-- [ RunTime:0.001531s ]
NOTIC: [2048] Declaration of Admin\Controller\ContentController::setStatus() should be compatible with Admin\Controller\CommonController::setStatus($data, $models) C:\phpDemo\test01\Application\Admin\Controller\ContentController.class.php 第 12 行.
NOTIC: [2048] Declaration of Admin\Controller\ContentController::listorder() should be compatible with Admin\Controller\CommonController::listorder($model = '') C:\phpDemo\test01\Application\Admin\Controller\ContentController.class.php 第 12 行.

[ 2018-09-11T21:47:24+08:00 ] 127.0.0.1 /admin.php?c=content&a=add
INFO: [ app_init ] --START--
INFO: Run Behavior\BuildLiteBehavior [ RunTime:0.000045s ]
INFO: [ app_init ] --END-- [ RunTime:0.000971s ]
INFO: [ app_begin ] --START--
INFO: Run Behavior\ReadHtmlCacheBehavior [ RunTime:0.001932s ]
INFO: [ app_begin ] --END-- [ RunTime:0.002116s ]
NOTIC: [2048] Declaration of Admin\Controller\ContentController::setStatus() should be compatible with Admin\Controller\CommonController::setStatus($data, $models) C:\phpDemo\test01\Application\Admin\Controller\ContentController.class.php 第 12 行.
NOTIC: [2048] Declaration of Admin\Controller\ContentController::listorder() should be compatible with Admin\Controller\CommonController::listorder($model = '') C:\phpDemo\test01\Application\Admin\Controller\ContentController.class.php 第 12 行.

[ 2018-09-11T21:47:29+08:00 ] 127.0.0.1 /admin.php?c=content
INFO: [ app_init ] --START--
INFO: Run Behavior\BuildLiteBehavior [ RunTime:0.000070s ]
INFO: [ app_init ] --END-- [ RunTime:0.001387s ]
INFO: [ app_begin ] --START--
INFO: Run Behavior\ReadHtmlCacheBehavior [ RunTime:0.001485s ]
INFO: [ app_begin ] --END-- [ RunTime:0.001720s ]
NOTIC: [2048] Declaration of Admin\Controller\ContentController::setStatus() should be compatible with Admin\Controller\CommonController::setStatus($data, $models) C:\phpDemo\test01\Application\Admin\Controller\ContentController.class.php 第 12 行.
NOTIC: [2048] Declaration of Admin\Controller\ContentController::listorder() should be compatible with Admin\Controller\CommonController::listorder($model = '') C:\phpDemo\test01\Application\Admin\Controller\ContentController.class.php 第 12 行.
NOTIC: [8] Undefined index: title C:\phpDemo\test01\Application\Admin\Controller\ContentController.class.php 第 16 行.
NOTIC: [8] Undefined index: catid C:\phpDemo\test01\Application\Admin\Controller\ContentController.class.php 第 20 行.
NOTIC: [8] Undefined index: p C:\phpDemo\test01\Application\Admin\Controller\ContentController.class.php 第 24 行.
NOTIC: [2048] Declaration of Common\Model\NewsModel::find() should be compatible with Think\Model::find($options = Array) C:\phpDemo\test01\Application\Common\Model\NewsModel.class.php 第 8 行.
SQL: SHOW COLUMNS FROM `cms_news` [ RunTime:0.0013s ]
SQL: SELECT * FROM `cms_news` WHERE `status` <> -1 ORDER BY listorder desc ,news_id desc LIMIT 0,10   [ RunTime:0.0008s ]
SQL: SELECT COUNT(*) AS tp_count FROM `cms_news` WHERE `status` <> -1 LIMIT 1   [ RunTime:0.0004s ]
NOTIC: [8] Undefined variable: sing_path C:\phpDemo\test01\ThinkPHP\Common\functions.php 第 991 行.
NOTIC: [2048] Declaration of Common\Model\PositionModel::find() should be compatible with Think\Model::find($options = Array) C:\phpDemo\test01\Application\Common\Model\PositionModel.class.php 第 80 行.
SQL: SHOW COLUMNS FROM `cms_position` [ RunTime:0.0013s ]
SQL: SELECT * FROM `cms_position` WHERE `status` = 1 ORDER BY id  [ RunTime:0.0006s ]
NOTIC: [2048] Declaration of Common\Model\MenuModel::find() should be compatible with Think\Model::find($options = Array) C:\phpDemo\test01\Application\Common\Model\MenuModel.class.php 第 92 行.
SQL: SHOW COLUMNS FROM `cms_menu` [ RunTime:0.0010s ]
SQL: SELECT * FROM `cms_menu` WHERE `status` = 1 AND `type` = 0 ORDER BY listorder desc,menu_id desc  [ RunTime:0.0006s ]
INFO: [ view_parse ] --START--
INFO: [ template_filter ] --START--
INFO: Run Behavior\ContentReplaceBehavior [ RunTime:0.000345s ]
INFO: [ template_filter ] --END-- [ RunTime:0.000690s ]
SQL: SELECT * FROM `cms_menu` WHERE `status` <> -1 AND `type` = 1 ORDER BY listorder desc,menu_id desc  [ RunTime:0.0009s ]
NOTIC: [8] Undefined index: a C:\phpDemo\test01\Application\Common\Common\function.php 第 33 行.
NOTIC: [8] Undefined index: a C:\phpDemo\test01\Application\Common\Common\function.php 第 33 行.
NOTIC: [8] Undefined index: a C:\phpDemo\test01\Application\Common\Common\function.php 第 33 行.
NOTIC: [8] Undefined index: a C:\phpDemo\test01\Application\Common\Common\function.php 第 33 行.
NOTIC: [8] Undefined index: a C:\phpDemo\test01\Application\Common\Common\function.php 第 33 行.
NOTIC: [8] Undefined index: a C:\phpDemo\test01\Application\Common\Common\function.php 第 33 行.
INFO: Run Behavior\ParseTemplateBehavior [ RunTime:0.139642s ]
INFO: [ view_parse ] --END-- [ RunTime:0.139909s ]
INFO: [ view_filter ] --START--
INFO: Run Behavior\WriteHtmlCacheBehavior [ RunTime:0.001828s ]
INFO: [ view_filter ] --END-- [ RunTime:0.002147s ]
INFO: [ app_end ] --START--
INFO: Run Behavior\ShowPageTraceBehavior [ RunTime:0.002254s ]
INFO: [ app_end ] --END-- [ RunTime:0.002568s ]

[ 2018-09-11T21:47:30+08:00 ] 127.0.0.1 /admin.php
INFO: [ app_init ] --START--
INFO: Run Behavior\BuildLiteBehavior [ RunTime:0.000043s ]
INFO: [ app_init ] --END-- [ RunTime:0.000802s ]
INFO: [ app_begin ] --START--
INFO: Run Behavior\ReadHtmlCacheBehavior [ RunTime:0.001340s ]
INFO: [ app_begin ] --END-- [ RunTime:0.001572s ]
NOTIC: [2048] Declaration of Common\Model\NewsModel::find() should be compatible with Think\Model::find($options = Array) C:\phpDemo\test01\Application\Common\Model\NewsModel.class.php 第 8 行.
SQL: SHOW COLUMNS FROM `cms_news` [ RunTime:0.0013s ]
SQL: SELECT * FROM `cms_news` WHERE `status` = 1 ORDER BY count desc LIMIT 1   [ RunTime:0.0020s ]
SQL: SELECT COUNT(*) AS tp_count FROM `cms_news` WHERE `status` <> -1 LIMIT 1   [ RunTime:0.0005s ]
NOTIC: [2048] Declaration of Common\Model\PositionModel::find() should be compatible with Think\Model::find($options = Array) C:\phpDemo\test01\Application\Common\Model\PositionModel.class.php 第 80 行.
SQL: SHOW COLUMNS FROM `cms_position` [ RunTime:0.0012s ]
SQL: SELECT COUNT(*) AS tp_count FROM `cms_position` WHERE `status` = 1 LIMIT 1   [ RunTime:0.0005s ]
SQL: SHOW COLUMNS FROM `cms_admin` [ RunTime:0.0012s ]
SQL: SELECT COUNT(*) AS tp_count FROM `cms_admin` WHERE `status` = 1 AND `lastlogintime` > 1536595200 LIMIT 1   [ RunTime:0.0005s ]
NOTIC: [2] Illegal string offset 'tp_count' C:\phpDemo\test01\Application\Common\Model\AdminModel.class.php 第 74 行.
INFO: [ view_parse ] --START--
INFO: [ template_filter ] --START--
INFO: Run Behavior\ContentReplaceBehavior [ RunTime:0.000279s ]
INFO: [ template_filter ] --END-- [ RunTime:0.000624s ]
NOTIC: [2048] Declaration of Common\Model\MenuModel::find() should be compatible with Think\Model::find($options = Array) C:\phpDemo\test01\Application\Common\Model\MenuModel.class.php 第 92 行.
SQL: SHOW COLUMNS FROM `cms_menu` [ RunTime:0.0022s ]
SQL: SELECT * FROM `cms_menu` WHERE `status` <> -1 AND `type` = 1 ORDER BY listorder desc,menu_id desc  [ RunTime:0.0010s ]
NOTIC: [8] Undefined index: a C:\phpDemo\test01\Application\Common\Common\function.php 第 33 行.
NOTIC: [8] Undefined index: a C:\phpDemo\test01\Application\Common\Common\function.php 第 33 行.
NOTIC: [8] Undefined index: a C:\phpDemo\test01\Application\Common\Common\function.php 第 33 行.
NOTIC: [8] Undefined index: a C:\phpDemo\test01\Application\Common\Common\function.php 第 33 行.
NOTIC: [8] Undefined index: a C:\phpDemo\test01\Application\Common\Common\function.php 第 33 行.
NOTIC: [8] Undefined index: a C:\phpDemo\test01\Application\Common\Common\function.php 第 33 行.
INFO: Run Behavior\ParseTemplateBehavior [ RunTime:0.087752s ]
INFO: [ view_parse ] --END-- [ RunTime:0.088047s ]
INFO: [ view_filter ] --START--
INFO: Run Behavior\WriteHtmlCacheBehavior [ RunTime:0.002261s ]
INFO: [ view_filter ] --END-- [ RunTime:0.002735s ]
INFO: [ app_end ] --START--
INFO: Run Behavior\ShowPageTraceBehavior [ RunTime:0.002743s ]
INFO: [ app_end ] --END-- [ RunTime:0.003131s ]

[ 2018-09-11T21:47:41+08:00 ] 127.0.0.1 /admin.php?c=position
INFO: [ app_init ] --START--
INFO: Run Behavior\BuildLiteBehavior [ RunTime:0.000035s ]
INFO: [ app_init ] --END-- [ RunTime:0.000686s ]
INFO: [ app_begin ] --START--
INFO: Run Behavior\ReadHtmlCacheBehavior [ RunTime:0.000867s ]
INFO: [ app_begin ] --END-- [ RunTime:0.001038s ]
NOTIC: [2048] Declaration of Admin\Controller\PositionController::setStatus() should be compatible with Admin\Controller\CommonController::setStatus($data, $models) C:\phpDemo\test01\Application\Admin\Controller\PositionController.class.php 第 7 行.
NOTIC: [2048] Declaration of Common\Model\PositionModel::find() should be compatible with Think\Model::find($options = Array) C:\phpDemo\test01\Application\Common\Model\PositionModel.class.php 第 8 行.
SQL: SHOW COLUMNS FROM `cms_position` [ RunTime:0.0014s ]
SQL: SELECT * FROM `cms_position` WHERE `status` <> -1 ORDER BY id  [ RunTime:0.0006s ]
INFO: [ view_parse ] --START--
INFO: [ template_filter ] --START--
INFO: Run Behavior\ContentReplaceBehavior [ RunTime:0.000196s ]
INFO: [ template_filter ] --END-- [ RunTime:0.000423s ]
NOTIC: [2048] Declaration of Common\Model\MenuModel::find() should be compatible with Think\Model::find($options = Array) C:\phpDemo\test01\Application\Common\Model\MenuModel.class.php 第 92 行.
SQL: SHOW COLUMNS FROM `cms_menu` [ RunTime:0.0011s ]
SQL: SELECT * FROM `cms_menu` WHERE `status` <> -1 AND `type` = 1 ORDER BY listorder desc,menu_id desc  [ RunTime:0.0009s ]
NOTIC: [8] Undefined index: a C:\phpDemo\test01\Application\Common\Common\function.php 第 33 行.
NOTIC: [8] Undefined index: a C:\phpDemo\test01\Application\Common\Common\function.php 第 33 行.
NOTIC: [8] Undefined index: a C:\phpDemo\test01\Application\Common\Common\function.php 第 33 行.
NOTIC: [8] Undefined index: a C:\phpDemo\test01\Application\Common\Common\function.php 第 33 行.
NOTIC: [8] Undefined index: a C:\phpDemo\test01\Application\Common\Common\function.php 第 33 行.
NOTIC: [8] Undefined index: a C:\phpDemo\test01\Application\Common\Common\function.php 第 33 行.
INFO: Run Behavior\ParseTemplateBehavior [ RunTime:0.032602s ]
INFO: [ view_parse ] --END-- [ RunTime:0.033042s ]
INFO: [ view_filter ] --START--
INFO: Run Behavior\WriteHtmlCacheBehavior [ RunTime:0.001123s ]
INFO: [ view_filter ] --END-- [ RunTime:0.001351s ]
INFO: [ app_end ] --START--
INFO: Run Behavior\ShowPageTraceBehavior [ RunTime:0.001349s ]
INFO: [ app_end ] --END-- [ RunTime:0.001584s ]

[ 2018-09-11T21:48:08+08:00 ] 127.0.0.1 /admin.php?c=content&a=add
INFO: [ app_init ] --START--
INFO: Run Behavior\BuildLiteBehavior [ RunTime:0.000136s ]
INFO: [ app_init ] --END-- [ RunTime:0.001769s ]
INFO: [ app_begin ] --START--
INFO: Run Behavior\ReadHtmlCacheBehavior [ RunTime:0.001328s ]
INFO: [ app_begin ] --END-- [ RunTime:0.001589s ]
NOTIC: [2048] Declaration of Admin\Controller\ContentController::setStatus() should be compatible with Admin\Controller\CommonController::setStatus($data, $models) C:\phpDemo\test01\Application\Admin\Controller\ContentController.class.php 第 12 行.
NOTIC: [2048] Declaration of Admin\Controller\ContentController::listorder() should be compatible with Admin\Controller\CommonController::listorder($model = '') C:\phpDemo\test01\Application\Admin\Controller\ContentController.class.php 第 12 行.
NOTIC: [2048] Declaration of Common\Model\MenuModel::find() should be compatible with Think\Model::find($options = Array) C:\phpDemo\test01\Application\Common\Model\MenuModel.class.php 第 5 行.
SQL: SHOW COLUMNS FROM `cms_menu` [ RunTime:0.0017s ]
SQL: SELECT * FROM `cms_menu` WHERE `status` = 1 AND `type` = 0 ORDER BY listorder desc,menu_id desc  [ RunTime:0.0008s ]
INFO: [ view_parse ] --START--
INFO: [ template_filter ] --START--
INFO: Run Behavior\ContentReplaceBehavior [ RunTime:0.000707s ]
INFO: [ template_filter ] --END-- [ RunTime:0.001260s ]
SQL: SELECT * FROM `cms_menu` WHERE `status` <> -1 AND `type` = 1 ORDER BY listorder desc,menu_id desc  [ RunTime:0.0008s ]
NOTIC: [8] Undefined index: a C:\phpDemo\test01\Application\Common\Common\function.php 第 33 行.
NOTIC: [8] Undefined index: a C:\phpDemo\test01\Application\Common\Common\function.php 第 33 行.
NOTIC: [8] Undefined index: a C:\phpDemo\test01\Application\Common\Common\function.php 第 33 行.
NOTIC: [8] Undefined index: a C:\phpDemo\test01\Application\Common\Common\function.php 第 33 行.
NOTIC: [8] Undefined index: a C:\phpDemo\test01\Application\Common\Common\function.php 第 33 行.
NOTIC: [8] Undefined index: a C:\phpDemo\test01\Application\Common\Common\function.php 第 33 行.
INFO: Run Behavior\ParseTemplateBehavior [ RunTime:0.121906s ]
INFO: [ view_parse ] --END-- [ RunTime:0.122166s ]
INFO: [ view_filter ] --START--
INFO: Run Behavior\WriteHtmlCacheBehavior [ RunTime:0.002010s ]
INFO: [ view_filter ] --END-- [ RunTime:0.002317s ]
INFO: [ app_end ] --START--
INFO: Run Behavior\ShowPageTraceBehavior [ RunTime:0.002467s ]
INFO: [ app_end ] --END-- [ RunTime:0.003109s ]

[ 2018-09-11T21:48:13+08:00 ] 127.0.0.1 /admin.php?c=content
INFO: [ app_init ] --START--
INFO: Run Behavior\BuildLiteBehavior [ RunTime:0.000047s ]
INFO: [ app_init ] --END-- [ RunTime:0.000968s ]
INFO: [ app_begin ] --START--
INFO: Run Behavior\ReadHtmlCacheBehavior [ RunTime:0.007502s ]
INFO: [ app_begin ] --END-- [ RunTime:0.007859s ]
NOTIC: [2048] Declaration of Admin\Controller\ContentController::setStatus() should be compatible with Admin\Controller\CommonController::setStatus($data, $models) C:\phpDemo\test01\Application\Admin\Controller\ContentController.class.php 第 12 行.
NOTIC: [2048] Declaration of Admin\Controller\ContentController::listorder() should be compatible with Admin\Controller\CommonController::listorder($model = '') C:\phpDemo\test01\Application\Admin\Controller\ContentController.class.php 第 12 行.
NOTIC: [8] Undefined index: title C:\phpDemo\test01\Application\Admin\Controller\ContentController.class.php 第 16 行.
NOTIC: [8] Undefined index: catid C:\phpDemo\test01\Application\Admin\Controller\ContentController.class.php 第 20 行.
NOTIC: [8] Undefined index: p C:\phpDemo\test01\Application\Admin\Controller\ContentController.class.php 第 24 行.
NOTIC: [2048] Declaration of Common\Model\NewsModel::find() should be compatible with Think\Model::find($options = Array) C:\phpDemo\test01\Application\Common\Model\NewsModel.class.php 第 8 行.
SQL: SHOW COLUMNS FROM `cms_news` [ RunTime:0.0010s ]
SQL: SELECT * FROM `cms_news` WHERE `status` <> -1 ORDER BY listorder desc ,news_id desc LIMIT 0,10   [ RunTime:0.0008s ]
SQL: SELECT COUNT(*) AS tp_count FROM `cms_news` WHERE `status` <> -1 LIMIT 1   [ RunTime:0.0012s ]
NOTIC: [8] Undefined variable: sing_path C:\phpDemo\test01\ThinkPHP\Common\functions.php 第 991 行.
NOTIC: [2048] Declaration of Common\Model\PositionModel::find() should be compatible with Think\Model::find($options = Array) C:\phpDemo\test01\Application\Common\Model\PositionModel.class.php 第 80 行.
SQL: SHOW COLUMNS FROM `cms_position` [ RunTime:0.0011s ]
SQL: SELECT * FROM `cms_position` WHERE `status` = 1 ORDER BY id  [ RunTime:0.0005s ]
NOTIC: [2048] Declaration of Common\Model\MenuModel::find() should be compatible with Think\Model::find($options = Array) C:\phpDemo\test01\Application\Common\Model\MenuModel.class.php 第 92 行.
SQL: SHOW COLUMNS FROM `cms_menu` [ RunTime:0.0014s ]
SQL: SELECT * FROM `cms_menu` WHERE `status` = 1 AND `type` = 0 ORDER BY listorder desc,menu_id desc  [ RunTime:0.0012s ]
INFO: [ view_parse ] --START--
INFO: [ template_filter ] --START--
INFO: Run Behavior\ContentReplaceBehavior [ RunTime:0.000404s ]
INFO: [ template_filter ] --END-- [ RunTime:0.000976s ]
SQL: SELECT * FROM `cms_menu` WHERE `status` <> -1 AND `type` = 1 ORDER BY listorder desc,menu_id desc  [ RunTime:0.0007s ]
NOTIC: [8] Undefined index: a C:\phpDemo\test01\Application\Common\Common\function.php 第 33 行.
NOTIC: [8] Undefined index: a C:\phpDemo\test01\Application\Common\Common\function.php 第 33 行.
NOTIC: [8] Undefined index: a C:\phpDemo\test01\Application\Common\Common\function.php 第 33 行.
NOTIC: [8] Undefined index: a C:\phpDemo\test01\Application\Common\Common\function.php 第 33 行.
NOTIC: [8] Undefined index: a C:\phpDemo\test01\Application\Common\Common\function.php 第 33 行.
NOTIC: [8] Undefined index: a C:\phpDemo\test01\Application\Common\Common\function.php 第 33 行.
INFO: Run Behavior\ParseTemplateBehavior [ RunTime:0.042189s ]
INFO: [ view_parse ] --END-- [ RunTime:0.042537s ]
INFO: [ view_filter ] --START--
INFO: Run Behavior\WriteHtmlCacheBehavior [ RunTime:0.001884s ]
INFO: [ view_filter ] --END-- [ RunTime:0.002221s ]
INFO: [ app_end ] --START--
INFO: Run Behavior\ShowPageTraceBehavior [ RunTime:0.003573s ]
INFO: [ app_end ] --END-- [ RunTime:0.003957s ]

