[ 2018-09-15T09:10:03+08:00 ] 127.0.0.1 /admin.php
INFO: [ app_init ] --START--
INFO: Run Behavior\BuildLiteBehavior [ RunTime:0.000084s ]
INFO: [ app_init ] --END-- [ RunTime:0.045031s ]
INFO: [ app_begin ] --START--
INFO: Run Behavior\ReadHtmlCacheBehavior [ RunTime:0.058676s ]
INFO: [ app_begin ] --END-- [ RunTime:0.059283s ]
NOTIC: [8] Undefined variable: sing_path C:\phpDemo\test01\ThinkPHP\Common\functions.php 第 991 行.
NOTIC: [8] Undefined variable: module C:\phpDemo\test01\ThinkPHP\Common\functions.php 第 994 行.
NOTIC: [8] Undefined variable: var C:\phpDemo\test01\ThinkPHP\Common\functions.php 第 997 行.
NOTIC: [2] array_reverse() expects parameter 1 to be array, null given C:\phpDemo\test01\ThinkPHP\Common\functions.php 第 997 行.
NOTIC: [2] http_build_query(): Parameter 1 expected to be Array or Object.  Incorrect value given C:\phpDemo\test01\ThinkPHP\Common\functions.php 第 997 行.

[ 2018-09-15T09:10:03+08:00 ] 127.0.0.1 /admin.php?&c=login
INFO: [ app_init ] --START--
INFO: Run Behavior\BuildLiteBehavior [ RunTime:0.000074s ]
INFO: [ app_init ] --END-- [ RunTime:0.001325s ]
INFO: [ app_begin ] --START--
INFO: Run Behavior\ReadHtmlCacheBehavior [ RunTime:0.001672s ]
INFO: [ app_begin ] --END-- [ RunTime:0.002120s ]
INFO: [ view_parse ] --START--
INFO: [ template_filter ] --START--
INFO: Run Behavior\ContentReplaceBehavior [ RunTime:0.001509s ]
INFO: [ template_filter ] --END-- [ RunTime:0.002089s ]
INFO: Run Behavior\ParseTemplateBehavior [ RunTime:0.302326s ]
INFO: [ view_parse ] --END-- [ RunTime:0.302739s ]
INFO: [ view_filter ] --START--
INFO: Run Behavior\WriteHtmlCacheBehavior [ RunTime:0.034432s ]
INFO: [ view_filter ] --END-- [ RunTime:0.034777s ]
INFO: [ app_end ] --START--
INFO: Run Behavior\ShowPageTraceBehavior [ RunTime:0.034888s ]
INFO: [ app_end ] --END-- [ RunTime:0.035303s ]

[ 2018-09-15T09:10:11+08:00 ] 127.0.0.1 /admin.php?c=login&a=check
INFO: [ app_init ] --START--
INFO: Run Behavior\BuildLiteBehavior [ RunTime:0.000080s ]
INFO: [ app_init ] --END-- [ RunTime:0.001127s ]
INFO: [ app_begin ] --START--
INFO: Run Behavior\ReadHtmlCacheBehavior [ RunTime:0.001597s ]
INFO: [ app_begin ] --END-- [ RunTime:0.001929s ]
SQL: SHOW COLUMNS FROM `cms_admin` [ RunTime:0.0306s ]
SQL: SELECT * FROM `cms_admin` WHERE ( username="admin" ) LIMIT 1   [ RunTime:0.0036s ]
SQL: UPDATE `cms_admin` SET `lastlogintime`='1536973811' WHERE ( admin_id=1 ) [ RunTime:0.0034s ]

[ 2018-09-15T09:10:13+08:00 ] 127.0.0.1 /admin.php?c=index
INFO: [ app_init ] --START--
INFO: Run Behavior\BuildLiteBehavior [ RunTime:0.000098s ]
INFO: [ app_init ] --END-- [ RunTime:0.001672s ]
INFO: [ app_begin ] --START--
INFO: Run Behavior\ReadHtmlCacheBehavior [ RunTime:0.001034s ]
INFO: [ app_begin ] --END-- [ RunTime:0.001312s ]
NOTIC: [2048] Declaration of Common\Model\NewsModel::find() should be compatible with Think\Model::find($options = Array) C:\phpDemo\test01\Application\Common\Model\NewsModel.class.php 第 8 行.
SQL: SHOW COLUMNS FROM `cms_news` [ RunTime:0.0083s ]
SQL: SELECT * FROM `cms_news` WHERE `status` = 1 ORDER BY count desc LIMIT 1   [ RunTime:0.0039s ]
SQL: SELECT COUNT(*) AS tp_count FROM `cms_news` WHERE `status` <> -1 LIMIT 1   [ RunTime:0.0009s ]
NOTIC: [2048] Declaration of Common\Model\PositionModel::find() should be compatible with Think\Model::find($options = Array) C:\phpDemo\test01\Application\Common\Model\PositionModel.class.php 第 80 行.
SQL: SHOW COLUMNS FROM `cms_position` [ RunTime:0.0076s ]
SQL: SELECT COUNT(*) AS tp_count FROM `cms_position` WHERE `status` = 1 LIMIT 1   [ RunTime:0.0006s ]
SQL: SHOW COLUMNS FROM `cms_admin` [ RunTime:0.0141s ]
SQL: SELECT COUNT(*) AS tp_count FROM `cms_admin` WHERE `status` = 1 AND `lastlogintime` > 1536940800 LIMIT 1   [ RunTime:0.0006s ]
NOTIC: [2] Illegal string offset 'tp_count' C:\phpDemo\test01\Application\Common\Model\AdminModel.class.php 第 74 行.
INFO: [ view_parse ] --START--
INFO: [ template_filter ] --START--
INFO: Run Behavior\ContentReplaceBehavior [ RunTime:0.001044s ]
INFO: [ template_filter ] --END-- [ RunTime:0.001980s ]
NOTIC: [2048] Declaration of Common\Model\MenuModel::find() should be compatible with Think\Model::find($options = Array) C:\phpDemo\test01\Application\Common\Model\MenuModel.class.php 第 92 行.
SQL: SHOW COLUMNS FROM `cms_menu` [ RunTime:0.0172s ]
SQL: SELECT * FROM `cms_menu` WHERE `status` <> -1 AND `type` = 1 ORDER BY listorder desc,menu_id desc  [ RunTime:0.0016s ]
NOTIC: [8] Undefined index: a C:\phpDemo\test01\Application\Common\Common\function.php 第 34 行.
NOTIC: [8] Undefined index: a C:\phpDemo\test01\Application\Common\Common\function.php 第 34 行.
NOTIC: [8] Undefined index: a C:\phpDemo\test01\Application\Common\Common\function.php 第 34 行.
NOTIC: [8] Undefined index: a C:\phpDemo\test01\Application\Common\Common\function.php 第 34 行.
NOTIC: [8] Undefined index: a C:\phpDemo\test01\Application\Common\Common\function.php 第 34 行.
NOTIC: [8] Undefined index: a C:\phpDemo\test01\Application\Common\Common\function.php 第 34 行.
INFO: Run Behavior\ParseTemplateBehavior [ RunTime:0.267554s ]
INFO: [ view_parse ] --END-- [ RunTime:0.267917s ]
INFO: [ view_filter ] --START--
INFO: Run Behavior\WriteHtmlCacheBehavior [ RunTime:0.001523s ]
INFO: [ view_filter ] --END-- [ RunTime:0.001851s ]
INFO: [ app_end ] --START--
INFO: Run Behavior\ShowPageTraceBehavior [ RunTime:0.002376s ]
INFO: [ app_end ] --END-- [ RunTime:0.002806s ]

[ 2018-09-15T09:10:13+08:00 ] 127.0.0.1 /admin.php?c=index
INFO: [ app_init ] --START--
INFO: Run Behavior\BuildLiteBehavior [ RunTime:0.000129s ]
INFO: [ app_init ] --END-- [ RunTime:0.002361s ]
INFO: [ app_begin ] --START--
INFO: Run Behavior\ReadHtmlCacheBehavior [ RunTime:0.003695s ]
INFO: [ app_begin ] --END-- [ RunTime:0.004367s ]
NOTIC: [2048] Declaration of Common\Model\NewsModel::find() should be compatible with Think\Model::find($options = Array) C:\phpDemo\test01\Application\Common\Model\NewsModel.class.php 第 8 行.
SQL: SHOW COLUMNS FROM `cms_news` [ RunTime:0.0033s ]
SQL: SELECT * FROM `cms_news` WHERE `status` = 1 ORDER BY count desc LIMIT 1   [ RunTime:0.0014s ]
SQL: SELECT COUNT(*) AS tp_count FROM `cms_news` WHERE `status` <> -1 LIMIT 1   [ RunTime:0.0009s ]
NOTIC: [2048] Declaration of Common\Model\PositionModel::find() should be compatible with Think\Model::find($options = Array) C:\phpDemo\test01\Application\Common\Model\PositionModel.class.php 第 80 行.
SQL: SHOW COLUMNS FROM `cms_position` [ RunTime:0.0046s ]
SQL: SELECT COUNT(*) AS tp_count FROM `cms_position` WHERE `status` = 1 LIMIT 1   [ RunTime:0.0010s ]
SQL: SHOW COLUMNS FROM `cms_admin` [ RunTime:0.0031s ]
SQL: SELECT COUNT(*) AS tp_count FROM `cms_admin` WHERE `status` = 1 AND `lastlogintime` > 1536940800 LIMIT 1   [ RunTime:0.0010s ]
NOTIC: [2] Illegal string offset 'tp_count' C:\phpDemo\test01\Application\Common\Model\AdminModel.class.php 第 74 行.
INFO: [ view_parse ] --START--
INFO: [ template_filter ] --START--
INFO: Run Behavior\ContentReplaceBehavior [ RunTime:0.000537s ]
INFO: [ template_filter ] --END-- [ RunTime:0.001137s ]
NOTIC: [2048] Declaration of Common\Model\MenuModel::find() should be compatible with Think\Model::find($options = Array) C:\phpDemo\test01\Application\Common\Model\MenuModel.class.php 第 92 行.
SQL: SHOW COLUMNS FROM `cms_menu` [ RunTime:0.0022s ]
SQL: SELECT * FROM `cms_menu` WHERE `status` <> -1 AND `type` = 1 ORDER BY listorder desc,menu_id desc  [ RunTime:0.0010s ]
NOTIC: [8] Undefined index: a C:\phpDemo\test01\Application\Common\Common\function.php 第 34 行.
NOTIC: [8] Undefined index: a C:\phpDemo\test01\Application\Common\Common\function.php 第 34 行.
NOTIC: [8] Undefined index: a C:\phpDemo\test01\Application\Common\Common\function.php 第 34 行.
NOTIC: [8] Undefined index: a C:\phpDemo\test01\Application\Common\Common\function.php 第 34 行.
NOTIC: [8] Undefined index: a C:\phpDemo\test01\Application\Common\Common\function.php 第 34 行.
NOTIC: [8] Undefined index: a C:\phpDemo\test01\Application\Common\Common\function.php 第 34 行.
INFO: Run Behavior\ParseTemplateBehavior [ RunTime:0.106910s ]
INFO: [ view_parse ] --END-- [ RunTime:0.107279s ]
INFO: [ view_filter ] --START--
INFO: Run Behavior\WriteHtmlCacheBehavior [ RunTime:0.001873s ]
INFO: [ view_filter ] --END-- [ RunTime:0.002330s ]
INFO: [ app_end ] --START--
INFO: Run Behavior\ShowPageTraceBehavior [ RunTime:0.002817s ]
INFO: [ app_end ] --END-- [ RunTime:0.003425s ]

[ 2018-09-15T09:10:15+08:00 ] 127.0.0.1 /admin.php?c=menu
INFO: [ app_init ] --START--
INFO: Run Behavior\BuildLiteBehavior [ RunTime:0.000079s ]
INFO: [ app_init ] --END-- [ RunTime:0.001133s ]
INFO: [ app_begin ] --START--
INFO: Run Behavior\ReadHtmlCacheBehavior [ RunTime:0.000833s ]
INFO: [ app_begin ] --END-- [ RunTime:0.001046s ]
NOTIC: [2048] Declaration of Admin\Controller\MenuController::setStatus() should be compatible with Admin\Controller\CommonController::setStatus($data, $models) C:\phpDemo\test01\Application\Admin\Controller\MenuController.class.php 第 9 行.
NOTIC: [2048] Declaration of Admin\Controller\MenuController::listorder() should be compatible with Admin\Controller\CommonController::listorder($model = '') C:\phpDemo\test01\Application\Admin\Controller\MenuController.class.php 第 9 行.
NOTIC: [8] Undefined index: p C:\phpDemo\test01\Application\Admin\Controller\MenuController.class.php 第 51 行.
NOTIC: [8] Undefined index: pageSize C:\phpDemo\test01\Application\Admin\Controller\MenuController.class.php 第 52 行.
NOTIC: [2048] Declaration of Common\Model\MenuModel::find() should be compatible with Think\Model::find($options = Array) C:\phpDemo\test01\Application\Common\Model\MenuModel.class.php 第 5 行.
SQL: SHOW COLUMNS FROM `cms_menu` [ RunTime:0.0014s ]
SQL: SELECT * FROM `cms_menu` WHERE `status` <> -1 ORDER BY listorder desc,menu_id desc LIMIT 0,3   [ RunTime:0.0007s ]
SQL: SELECT COUNT(*) AS tp_count FROM `cms_menu` WHERE `status` <> -1 LIMIT 1   [ RunTime:0.0004s ]
NOTIC: [8] Undefined variable: sing_path C:\phpDemo\test01\ThinkPHP\Common\functions.php 第 991 行.
INFO: [ view_parse ] --START--
INFO: [ template_filter ] --START--
INFO: Run Behavior\ContentReplaceBehavior [ RunTime:0.000193s ]
INFO: [ template_filter ] --END-- [ RunTime:0.000420s ]
SQL: SELECT * FROM `cms_menu` WHERE `status` <> -1 AND `type` = 1 ORDER BY listorder desc,menu_id desc  [ RunTime:0.0011s ]
NOTIC: [8] Undefined index: a C:\phpDemo\test01\Application\Common\Common\function.php 第 34 行.
NOTIC: [8] Undefined index: a C:\phpDemo\test01\Application\Common\Common\function.php 第 34 行.
NOTIC: [8] Undefined index: a C:\phpDemo\test01\Application\Common\Common\function.php 第 34 行.
NOTIC: [8] Undefined index: a C:\phpDemo\test01\Application\Common\Common\function.php 第 34 行.
NOTIC: [8] Undefined index: a C:\phpDemo\test01\Application\Common\Common\function.php 第 34 行.
NOTIC: [8] Undefined index: a C:\phpDemo\test01\Application\Common\Common\function.php 第 34 行.
NOTIC: [8] Undefined variable: nav C:\phpDemo\test01\Application\Runtime\Cache\Admin\b956215329b6f9aca22277599a4efdfc.php 第 101 行.
INFO: Run Behavior\ParseTemplateBehavior [ RunTime:0.108381s ]
INFO: [ view_parse ] --END-- [ RunTime:0.108711s ]
INFO: [ view_filter ] --START--
INFO: Run Behavior\WriteHtmlCacheBehavior [ RunTime:0.001273s ]
INFO: [ view_filter ] --END-- [ RunTime:0.001610s ]
INFO: [ app_end ] --START--
INFO: Run Behavior\ShowPageTraceBehavior [ RunTime:0.001852s ]
INFO: [ app_end ] --END-- [ RunTime:0.002206s ]

[ 2018-09-15T09:10:19+08:00 ] 127.0.0.1 /admin.php?c=admin&a=personal
INFO: [ app_init ] --START--
INFO: Run Behavior\BuildLiteBehavior [ RunTime:0.000046s ]
INFO: [ app_init ] --END-- [ RunTime:0.000765s ]
INFO: [ app_begin ] --START--
INFO: Run Behavior\ReadHtmlCacheBehavior [ RunTime:0.000899s ]
INFO: [ app_begin ] --END-- [ RunTime:0.001255s ]
NOTIC: [2048] Declaration of Admin\Controller\AdminController::setStatus() should be compatible with Admin\Controller\CommonController::setStatus($data, $models) C:\phpDemo\test01\Application\Admin\Controller\AdminController.class.php 第 9 行.
SQL: SHOW COLUMNS FROM `cms_admin` [ RunTime:0.0012s ]
SQL: SELECT * FROM `cms_admin` WHERE ( admin_id=1 ) LIMIT 1   [ RunTime:0.0004s ]
INFO: [ view_parse ] --START--
INFO: [ template_filter ] --START--
INFO: Run Behavior\ContentReplaceBehavior [ RunTime:0.000258s ]
INFO: [ template_filter ] --END-- [ RunTime:0.000566s ]
NOTIC: [2048] Declaration of Common\Model\MenuModel::find() should be compatible with Think\Model::find($options = Array) C:\phpDemo\test01\Application\Common\Model\MenuModel.class.php 第 92 行.
SQL: SHOW COLUMNS FROM `cms_menu` [ RunTime:0.0014s ]
SQL: SELECT * FROM `cms_menu` WHERE `status` <> -1 AND `type` = 1 ORDER BY listorder desc,menu_id desc  [ RunTime:0.0006s ]
NOTIC: [8] Undefined index: a C:\phpDemo\test01\Application\Common\Common\function.php 第 34 行.
NOTIC: [8] Undefined index: a C:\phpDemo\test01\Application\Common\Common\function.php 第 34 行.
NOTIC: [8] Undefined index: a C:\phpDemo\test01\Application\Common\Common\function.php 第 34 行.
NOTIC: [8] Undefined index: a C:\phpDemo\test01\Application\Common\Common\function.php 第 34 行.
NOTIC: [8] Undefined index: a C:\phpDemo\test01\Application\Common\Common\function.php 第 34 行.
NOTIC: [8] Undefined index: a C:\phpDemo\test01\Application\Common\Common\function.php 第 34 行.
INFO: Run Behavior\ParseTemplateBehavior [ RunTime:0.083526s ]
INFO: [ view_parse ] --END-- [ RunTime:0.083720s ]
INFO: [ view_filter ] --START--
INFO: Run Behavior\WriteHtmlCacheBehavior [ RunTime:0.000900s ]
INFO: [ view_filter ] --END-- [ RunTime:0.001079s ]
INFO: [ app_end ] --START--
INFO: Run Behavior\ShowPageTraceBehavior [ RunTime:0.001829s ]
INFO: [ app_end ] --END-- [ RunTime:0.002187s ]

[ 2018-09-15T09:10:23+08:00 ] 127.0.0.1 /admin.php?c=admin&a=save
INFO: [ app_init ] --START--
INFO: Run Behavior\BuildLiteBehavior [ RunTime:0.000071s ]
INFO: [ app_init ] --END-- [ RunTime:0.001051s ]
INFO: [ app_begin ] --START--
INFO: Run Behavior\ReadHtmlCacheBehavior [ RunTime:0.001122s ]
INFO: [ app_begin ] --END-- [ RunTime:0.001367s ]
NOTIC: [2048] Declaration of Admin\Controller\AdminController::setStatus() should be compatible with Admin\Controller\CommonController::setStatus($data, $models) C:\phpDemo\test01\Application\Admin\Controller\AdminController.class.php 第 9 行.
SQL: SHOW COLUMNS FROM `cms_admin` [ RunTime:0.0016s ]
SQL: UPDATE `cms_admin` SET `realname`='',`email`='' WHERE ( admin_id=1 ) [ RunTime:0.0005s ]

[ 2018-09-15T09:10:25+08:00 ] 127.0.0.1 /admin.php?c=admin&a=personal
INFO: [ app_init ] --START--
INFO: Run Behavior\BuildLiteBehavior [ RunTime:0.000048s ]
INFO: [ app_init ] --END-- [ RunTime:0.000913s ]
INFO: [ app_begin ] --START--
INFO: Run Behavior\ReadHtmlCacheBehavior [ RunTime:0.000749s ]
INFO: [ app_begin ] --END-- [ RunTime:0.000931s ]
NOTIC: [2048] Declaration of Admin\Controller\AdminController::setStatus() should be compatible with Admin\Controller\CommonController::setStatus($data, $models) C:\phpDemo\test01\Application\Admin\Controller\AdminController.class.php 第 9 行.
SQL: SHOW COLUMNS FROM `cms_admin` [ RunTime:0.0016s ]
SQL: SELECT * FROM `cms_admin` WHERE ( admin_id=1 ) LIMIT 1   [ RunTime:0.0005s ]
INFO: [ view_parse ] --START--
INFO: [ template_filter ] --START--
INFO: Run Behavior\ContentReplaceBehavior [ RunTime:0.000185s ]
INFO: [ template_filter ] --END-- [ RunTime:0.000421s ]
NOTIC: [2048] Declaration of Common\Model\MenuModel::find() should be compatible with Think\Model::find($options = Array) C:\phpDemo\test01\Application\Common\Model\MenuModel.class.php 第 92 行.
SQL: SHOW COLUMNS FROM `cms_menu` [ RunTime:0.0013s ]
SQL: SELECT * FROM `cms_menu` WHERE `status` <> -1 AND `type` = 1 ORDER BY listorder desc,menu_id desc  [ RunTime:0.0006s ]
NOTIC: [8] Undefined index: a C:\phpDemo\test01\Application\Common\Common\function.php 第 34 行.
NOTIC: [8] Undefined index: a C:\phpDemo\test01\Application\Common\Common\function.php 第 34 行.
NOTIC: [8] Undefined index: a C:\phpDemo\test01\Application\Common\Common\function.php 第 34 行.
NOTIC: [8] Undefined index: a C:\phpDemo\test01\Application\Common\Common\function.php 第 34 行.
NOTIC: [8] Undefined index: a C:\phpDemo\test01\Application\Common\Common\function.php 第 34 行.
NOTIC: [8] Undefined index: a C:\phpDemo\test01\Application\Common\Common\function.php 第 34 行.
INFO: Run Behavior\ParseTemplateBehavior [ RunTime:0.023153s ]
INFO: [ view_parse ] --END-- [ RunTime:0.023527s ]
INFO: [ view_filter ] --START--
INFO: Run Behavior\WriteHtmlCacheBehavior [ RunTime:0.001227s ]
INFO: [ view_filter ] --END-- [ RunTime:0.001503s ]
INFO: [ app_end ] --START--
INFO: Run Behavior\ShowPageTraceBehavior [ RunTime:0.001273s ]
INFO: [ app_end ] --END-- [ RunTime:0.001616s ]

[ 2018-09-15T09:10:25+08:00 ] 127.0.0.1 /admin.php?c=admin&a=personal
INFO: [ app_init ] --START--
INFO: Run Behavior\BuildLiteBehavior [ RunTime:0.000032s ]
INFO: [ app_init ] --END-- [ RunTime:0.000618s ]
INFO: [ app_begin ] --START--
INFO: Run Behavior\ReadHtmlCacheBehavior [ RunTime:0.000912s ]
INFO: [ app_begin ] --END-- [ RunTime:0.001113s ]
NOTIC: [2048] Declaration of Admin\Controller\AdminController::setStatus() should be compatible with Admin\Controller\CommonController::setStatus($data, $models) C:\phpDemo\test01\Application\Admin\Controller\AdminController.class.php 第 9 行.
SQL: SHOW COLUMNS FROM `cms_admin` [ RunTime:0.0010s ]
SQL: SELECT * FROM `cms_admin` WHERE ( admin_id=1 ) LIMIT 1   [ RunTime:0.0003s ]
INFO: [ view_parse ] --START--
INFO: [ template_filter ] --START--
INFO: Run Behavior\ContentReplaceBehavior [ RunTime:0.000202s ]
INFO: [ template_filter ] --END-- [ RunTime:0.000411s ]
NOTIC: [2048] Declaration of Common\Model\MenuModel::find() should be compatible with Think\Model::find($options = Array) C:\phpDemo\test01\Application\Common\Model\MenuModel.class.php 第 92 行.
SQL: SHOW COLUMNS FROM `cms_menu` [ RunTime:0.0009s ]
SQL: SELECT * FROM `cms_menu` WHERE `status` <> -1 AND `type` = 1 ORDER BY listorder desc,menu_id desc  [ RunTime:0.0006s ]
NOTIC: [8] Undefined index: a C:\phpDemo\test01\Application\Common\Common\function.php 第 34 行.
NOTIC: [8] Undefined index: a C:\phpDemo\test01\Application\Common\Common\function.php 第 34 行.
NOTIC: [8] Undefined index: a C:\phpDemo\test01\Application\Common\Common\function.php 第 34 行.
NOTIC: [8] Undefined index: a C:\phpDemo\test01\Application\Common\Common\function.php 第 34 行.
NOTIC: [8] Undefined index: a C:\phpDemo\test01\Application\Common\Common\function.php 第 34 行.
NOTIC: [8] Undefined index: a C:\phpDemo\test01\Application\Common\Common\function.php 第 34 行.
INFO: Run Behavior\ParseTemplateBehavior [ RunTime:0.023133s ]
INFO: [ view_parse ] --END-- [ RunTime:0.023283s ]
INFO: [ view_filter ] --START--
INFO: Run Behavior\WriteHtmlCacheBehavior [ RunTime:0.000664s ]
INFO: [ view_filter ] --END-- [ RunTime:0.000793s ]
INFO: [ app_end ] --START--
INFO: Run Behavior\ShowPageTraceBehavior [ RunTime:0.000771s ]
INFO: [ app_end ] --END-- [ RunTime:0.000910s ]

[ 2018-09-15T09:10:26+08:00 ] 127.0.0.1 /admin.php?c=positioncontent
INFO: [ app_init ] --START--
INFO: Run Behavior\BuildLiteBehavior [ RunTime:0.000049s ]
INFO: [ app_init ] --END-- [ RunTime:0.000776s ]
INFO: [ app_begin ] --START--
INFO: Run Behavior\ReadHtmlCacheBehavior [ RunTime:0.001557s ]
INFO: [ app_begin ] --END-- [ RunTime:0.001931s ]
NOTIC: [2048] Declaration of Admin\Controller\PositioncontentController::setStatus() should be compatible with Admin\Controller\CommonController::setStatus($data, $models) C:\phpDemo\test01\Application\Admin\Controller\PositioncontentController.class.php 第 9 行.
NOTIC: [2048] Declaration of Admin\Controller\PositioncontentController::listorder() should be compatible with Admin\Controller\CommonController::listorder($model = '') C:\phpDemo\test01\Application\Admin\Controller\PositioncontentController.class.php 第 9 行.
NOTIC: [2048] Declaration of Common\Model\PositionModel::find() should be compatible with Think\Model::find($options = Array) C:\phpDemo\test01\Application\Common\Model\PositionModel.class.php 第 8 行.
SQL: SHOW COLUMNS FROM `cms_position` [ RunTime:0.0013s ]
SQL: SELECT * FROM `cms_position` WHERE `status` = 1 ORDER BY id  [ RunTime:0.0006s ]
NOTIC: [8] Undefined index: title C:\phpDemo\test01\Application\Admin\Controller\PositioncontentController.class.php 第 14 行.
NOTIC: [8] Undefined index: position_id C:\phpDemo\test01\Application\Admin\Controller\PositioncontentController.class.php 第 18 行.
NOTIC: [2048] Declaration of Common\Model\PositionContentModel::find() should be compatible with Think\Model::find($options = Array) C:\phpDemo\test01\Application\Common\Model\PositionContentModel.class.php 第 88 行.
SQL: SHOW COLUMNS FROM `cms_position_content` [ RunTime:0.0012s ]
NOTIC: [8] Undefined index: title C:\phpDemo\test01\Application\Common\Model\PositionContentModel.class.php 第 17 行.
SQL: SELECT * FROM `cms_position_content` WHERE `status` <> -1 AND `position_id` = 2 ORDER BY listorder desc ,id desc  [ RunTime:0.0006s ]
INFO: [ view_parse ] --START--
INFO: [ template_filter ] --START--
INFO: Run Behavior\ContentReplaceBehavior [ RunTime:0.000245s ]
INFO: [ template_filter ] --END-- [ RunTime:0.000466s ]
NOTIC: [2048] Declaration of Common\Model\MenuModel::find() should be compatible with Think\Model::find($options = Array) C:\phpDemo\test01\Application\Common\Model\MenuModel.class.php 第 92 行.
SQL: SHOW COLUMNS FROM `cms_menu` [ RunTime:0.0010s ]
SQL: SELECT * FROM `cms_menu` WHERE `status` <> -1 AND `type` = 1 ORDER BY listorder desc,menu_id desc  [ RunTime:0.0006s ]
NOTIC: [8] Undefined index: a C:\phpDemo\test01\Application\Common\Common\function.php 第 34 行.
NOTIC: [8] Undefined index: a C:\phpDemo\test01\Application\Common\Common\function.php 第 34 行.
NOTIC: [8] Undefined index: a C:\phpDemo\test01\Application\Common\Common\function.php 第 34 行.
NOTIC: [8] Undefined index: a C:\phpDemo\test01\Application\Common\Common\function.php 第 34 行.
NOTIC: [8] Undefined index: a C:\phpDemo\test01\Application\Common\Common\function.php 第 34 行.
NOTIC: [8] Undefined index: a C:\phpDemo\test01\Application\Common\Common\function.php 第 34 行.
NOTIC: [8] Undefined variable: title C:\phpDemo\test01\Application\Runtime\Cache\Admin\b8a8b9d170e6c07d7b463ea02385894d.php 第 120 行.
INFO: Run Behavior\ParseTemplateBehavior [ RunTime:0.126817s ]
INFO: [ view_parse ] --END-- [ RunTime:0.127041s ]
INFO: [ view_filter ] --START--
INFO: Run Behavior\WriteHtmlCacheBehavior [ RunTime:0.000993s ]
INFO: [ view_filter ] --END-- [ RunTime:0.001207s ]
INFO: [ app_end ] --START--
INFO: Run Behavior\ShowPageTraceBehavior [ RunTime:0.001700s ]
INFO: [ app_end ] --END-- [ RunTime:0.002346s ]

[ 2018-09-15T09:10:28+08:00 ] 127.0.0.1 /admin.php?c=position
INFO: [ app_init ] --START--
INFO: Run Behavior\BuildLiteBehavior [ RunTime:0.000105s ]
INFO: [ app_init ] --END-- [ RunTime:0.001679s ]
INFO: [ app_begin ] --START--
INFO: Run Behavior\ReadHtmlCacheBehavior [ RunTime:0.000901s ]
INFO: [ app_begin ] --END-- [ RunTime:0.001136s ]
NOTIC: [2048] Declaration of Admin\Controller\PositionController::setStatus() should be compatible with Admin\Controller\CommonController::setStatus($data, $models) C:\phpDemo\test01\Application\Admin\Controller\PositionController.class.php 第 7 行.
NOTIC: [2048] Declaration of Common\Model\PositionModel::find() should be compatible with Think\Model::find($options = Array) C:\phpDemo\test01\Application\Common\Model\PositionModel.class.php 第 8 行.
SQL: SHOW COLUMNS FROM `cms_position` [ RunTime:0.0011s ]
SQL: SELECT * FROM `cms_position` WHERE `status` <> -1 ORDER BY id  [ RunTime:0.0006s ]
INFO: [ view_parse ] --START--
INFO: [ template_filter ] --START--
INFO: Run Behavior\ContentReplaceBehavior [ RunTime:0.000221s ]
INFO: [ template_filter ] --END-- [ RunTime:0.000459s ]
NOTIC: [2048] Declaration of Common\Model\MenuModel::find() should be compatible with Think\Model::find($options = Array) C:\phpDemo\test01\Application\Common\Model\MenuModel.class.php 第 92 行.
SQL: SHOW COLUMNS FROM `cms_menu` [ RunTime:0.0012s ]
SQL: SELECT * FROM `cms_menu` WHERE `status` <> -1 AND `type` = 1 ORDER BY listorder desc,menu_id desc  [ RunTime:0.0008s ]
NOTIC: [8] Undefined index: a C:\phpDemo\test01\Application\Common\Common\function.php 第 34 行.
NOTIC: [8] Undefined index: a C:\phpDemo\test01\Application\Common\Common\function.php 第 34 行.
NOTIC: [8] Undefined index: a C:\phpDemo\test01\Application\Common\Common\function.php 第 34 行.
NOTIC: [8] Undefined index: a C:\phpDemo\test01\Application\Common\Common\function.php 第 34 行.
NOTIC: [8] Undefined index: a C:\phpDemo\test01\Application\Common\Common\function.php 第 34 行.
NOTIC: [8] Undefined index: a C:\phpDemo\test01\Application\Common\Common\function.php 第 34 行.
INFO: Run Behavior\ParseTemplateBehavior [ RunTime:0.096213s ]
INFO: [ view_parse ] --END-- [ RunTime:0.096435s ]
INFO: [ view_filter ] --START--
INFO: Run Behavior\WriteHtmlCacheBehavior [ RunTime:0.000836s ]
INFO: [ view_filter ] --END-- [ RunTime:0.001024s ]
INFO: [ app_end ] --START--
INFO: Run Behavior\ShowPageTraceBehavior [ RunTime:0.001067s ]
INFO: [ app_end ] --END-- [ RunTime:0.001252s ]

[ 2018-09-15T09:10:30+08:00 ] 127.0.0.1 /admin.php
INFO: [ app_init ] --START--
INFO: Run Behavior\BuildLiteBehavior [ RunTime:0.000047s ]
INFO: [ app_init ] --END-- [ RunTime:0.000759s ]
INFO: [ app_begin ] --START--
INFO: Run Behavior\ReadHtmlCacheBehavior [ RunTime:0.002137s ]
INFO: [ app_begin ] --END-- [ RunTime:0.002817s ]
NOTIC: [2048] Declaration of Common\Model\NewsModel::find() should be compatible with Think\Model::find($options = Array) C:\phpDemo\test01\Application\Common\Model\NewsModel.class.php 第 8 行.
SQL: SHOW COLUMNS FROM `cms_news` [ RunTime:0.0013s ]
SQL: SELECT * FROM `cms_news` WHERE `status` = 1 ORDER BY count desc LIMIT 1   [ RunTime:0.0010s ]
SQL: SELECT COUNT(*) AS tp_count FROM `cms_news` WHERE `status` <> -1 LIMIT 1   [ RunTime:0.0009s ]
NOTIC: [2048] Declaration of Common\Model\PositionModel::find() should be compatible with Think\Model::find($options = Array) C:\phpDemo\test01\Application\Common\Model\PositionModel.class.php 第 80 行.
SQL: SHOW COLUMNS FROM `cms_position` [ RunTime:0.0012s ]
SQL: SELECT COUNT(*) AS tp_count FROM `cms_position` WHERE `status` = 1 LIMIT 1   [ RunTime:0.0005s ]
SQL: SHOW COLUMNS FROM `cms_admin` [ RunTime:0.0009s ]
SQL: SELECT COUNT(*) AS tp_count FROM `cms_admin` WHERE `status` = 1 AND `lastlogintime` > 1536940800 LIMIT 1   [ RunTime:0.0005s ]
NOTIC: [2] Illegal string offset 'tp_count' C:\phpDemo\test01\Application\Common\Model\AdminModel.class.php 第 74 行.
INFO: [ view_parse ] --START--
INFO: [ template_filter ] --START--
INFO: Run Behavior\ContentReplaceBehavior [ RunTime:0.000210s ]
INFO: [ template_filter ] --END-- [ RunTime:0.000410s ]
NOTIC: [2048] Declaration of Common\Model\MenuModel::find() should be compatible with Think\Model::find($options = Array) C:\phpDemo\test01\Application\Common\Model\MenuModel.class.php 第 92 行.
SQL: SHOW COLUMNS FROM `cms_menu` [ RunTime:0.0014s ]
SQL: SELECT * FROM `cms_menu` WHERE `status` <> -1 AND `type` = 1 ORDER BY listorder desc,menu_id desc  [ RunTime:0.0005s ]
NOTIC: [8] Undefined index: a C:\phpDemo\test01\Application\Common\Common\function.php 第 34 行.
NOTIC: [8] Undefined index: a C:\phpDemo\test01\Application\Common\Common\function.php 第 34 行.
NOTIC: [8] Undefined index: a C:\phpDemo\test01\Application\Common\Common\function.php 第 34 行.
NOTIC: [8] Undefined index: a C:\phpDemo\test01\Application\Common\Common\function.php 第 34 行.
NOTIC: [8] Undefined index: a C:\phpDemo\test01\Application\Common\Common\function.php 第 34 行.
NOTIC: [8] Undefined index: a C:\phpDemo\test01\Application\Common\Common\function.php 第 34 行.
INFO: Run Behavior\ParseTemplateBehavior [ RunTime:0.070738s ]
INFO: [ view_parse ] --END-- [ RunTime:0.070941s ]
INFO: [ view_filter ] --START--
INFO: Run Behavior\WriteHtmlCacheBehavior [ RunTime:0.001824s ]
INFO: [ view_filter ] --END-- [ RunTime:0.002077s ]
INFO: [ app_end ] --START--
INFO: Run Behavior\ShowPageTraceBehavior [ RunTime:0.001354s ]
INFO: [ app_end ] --END-- [ RunTime:0.001726s ]

[ 2018-09-15T09:10:39+08:00 ] 127.0.0.1 /admin.php?c=admin
INFO: [ app_init ] --START--
INFO: Run Behavior\BuildLiteBehavior [ RunTime:0.000047s ]
INFO: [ app_init ] --END-- [ RunTime:0.000736s ]
INFO: [ app_begin ] --START--
INFO: Run Behavior\ReadHtmlCacheBehavior [ RunTime:0.000856s ]
INFO: [ app_begin ] --END-- [ RunTime:0.001078s ]
NOTIC: [2048] Declaration of Admin\Controller\AdminController::setStatus() should be compatible with Admin\Controller\CommonController::setStatus($data, $models) C:\phpDemo\test01\Application\Admin\Controller\AdminController.class.php 第 9 行.
SQL: SHOW COLUMNS FROM `cms_admin` [ RunTime:0.0010s ]
SQL: SELECT * FROM `cms_admin` WHERE `status` <> -1 ORDER BY admin_id desc  [ RunTime:0.0007s ]
INFO: [ view_parse ] --START--
INFO: [ template_filter ] --START--
INFO: Run Behavior\ContentReplaceBehavior [ RunTime:0.000549s ]
INFO: [ template_filter ] --END-- [ RunTime:0.001207s ]
NOTIC: [2048] Declaration of Common\Model\MenuModel::find() should be compatible with Think\Model::find($options = Array) C:\phpDemo\test01\Application\Common\Model\MenuModel.class.php 第 92 行.
SQL: SHOW COLUMNS FROM `cms_menu` [ RunTime:0.0019s ]
SQL: SELECT * FROM `cms_menu` WHERE `status` <> -1 AND `type` = 1 ORDER BY listorder desc,menu_id desc  [ RunTime:0.0014s ]
NOTIC: [8] Undefined index: a C:\phpDemo\test01\Application\Common\Common\function.php 第 34 行.
NOTIC: [8] Undefined index: a C:\phpDemo\test01\Application\Common\Common\function.php 第 34 行.
NOTIC: [8] Undefined index: a C:\phpDemo\test01\Application\Common\Common\function.php 第 34 行.
NOTIC: [8] Undefined index: a C:\phpDemo\test01\Application\Common\Common\function.php 第 34 行.
NOTIC: [8] Undefined index: a C:\phpDemo\test01\Application\Common\Common\function.php 第 34 行.
NOTIC: [8] Undefined index: a C:\phpDemo\test01\Application\Common\Common\function.php 第 34 行.
NOTIC: [8] Undefined variable: nav C:\phpDemo\test01\Application\Runtime\Cache\Admin\b682812e058c4f7cab74d08ab9eabe11.php 第 101 行.
INFO: Run Behavior\ParseTemplateBehavior [ RunTime:0.183665s ]
INFO: [ view_parse ] --END-- [ RunTime:0.184081s ]
INFO: [ view_filter ] --START--
INFO: Run Behavior\WriteHtmlCacheBehavior [ RunTime:0.001530s ]
INFO: [ view_filter ] --END-- [ RunTime:0.002088s ]
INFO: [ app_end ] --START--
INFO: Run Behavior\ShowPageTraceBehavior [ RunTime:0.002551s ]
INFO: [ app_end ] --END-- [ RunTime:0.003187s ]

[ 2018-09-15T09:10:40+08:00 ] 127.0.0.1 /admin.php?c=content
INFO: [ app_init ] --START--
INFO: Run Behavior\BuildLiteBehavior [ RunTime:0.000047s ]
INFO: [ app_init ] --END-- [ RunTime:0.000712s ]
INFO: [ app_begin ] --START--
INFO: Run Behavior\ReadHtmlCacheBehavior [ RunTime:0.000794s ]
INFO: [ app_begin ] --END-- [ RunTime:0.001008s ]
NOTIC: [2048] Declaration of Admin\Controller\ContentController::setStatus() should be compatible with Admin\Controller\CommonController::setStatus($data, $models) C:\phpDemo\test01\Application\Admin\Controller\ContentController.class.php 第 12 行.
NOTIC: [2048] Declaration of Admin\Controller\ContentController::listorder() should be compatible with Admin\Controller\CommonController::listorder($model = '') C:\phpDemo\test01\Application\Admin\Controller\ContentController.class.php 第 12 行.
NOTIC: [8] Undefined index: title C:\phpDemo\test01\Application\Admin\Controller\ContentController.class.php 第 16 行.
NOTIC: [8] Undefined index: catid C:\phpDemo\test01\Application\Admin\Controller\ContentController.class.php 第 20 行.
NOTIC: [8] Undefined index: p C:\phpDemo\test01\Application\Admin\Controller\ContentController.class.php 第 24 行.
NOTIC: [2048] Declaration of Common\Model\NewsModel::find() should be compatible with Think\Model::find($options = Array) C:\phpDemo\test01\Application\Common\Model\NewsModel.class.php 第 8 行.
SQL: SHOW COLUMNS FROM `cms_news` [ RunTime:0.0011s ]
SQL: SELECT * FROM `cms_news` WHERE `status` <> -1 ORDER BY listorder desc ,news_id desc LIMIT 0,10   [ RunTime:0.0011s ]
SQL: SELECT COUNT(*) AS tp_count FROM `cms_news` WHERE `status` <> -1 LIMIT 1   [ RunTime:0.0006s ]
NOTIC: [8] Undefined variable: sing_path C:\phpDemo\test01\ThinkPHP\Common\functions.php 第 991 行.
NOTIC: [2048] Declaration of Common\Model\PositionModel::find() should be compatible with Think\Model::find($options = Array) C:\phpDemo\test01\Application\Common\Model\PositionModel.class.php 第 80 行.
SQL: SHOW COLUMNS FROM `cms_position` [ RunTime:0.0018s ]
SQL: SELECT * FROM `cms_position` WHERE `status` = 1 ORDER BY id  [ RunTime:0.0008s ]
NOTIC: [2048] Declaration of Common\Model\MenuModel::find() should be compatible with Think\Model::find($options = Array) C:\phpDemo\test01\Application\Common\Model\MenuModel.class.php 第 92 行.
SQL: SHOW COLUMNS FROM `cms_menu` [ RunTime:0.0016s ]
SQL: SELECT * FROM `cms_menu` WHERE `status` = 1 AND `type` = 0 ORDER BY listorder desc,menu_id desc  [ RunTime:0.0021s ]
INFO: [ view_parse ] --START--
INFO: [ template_filter ] --START--
INFO: Run Behavior\ContentReplaceBehavior [ RunTime:0.000626s ]
INFO: [ template_filter ] --END-- [ RunTime:0.001282s ]
SQL: SELECT * FROM `cms_menu` WHERE `status` <> -1 AND `type` = 1 ORDER BY listorder desc,menu_id desc  [ RunTime:0.0015s ]
NOTIC: [8] Undefined index: a C:\phpDemo\test01\Application\Common\Common\function.php 第 34 行.
NOTIC: [8] Undefined index: a C:\phpDemo\test01\Application\Common\Common\function.php 第 34 行.
NOTIC: [8] Undefined index: a C:\phpDemo\test01\Application\Common\Common\function.php 第 34 行.
NOTIC: [8] Undefined index: a C:\phpDemo\test01\Application\Common\Common\function.php 第 34 行.
NOTIC: [8] Undefined index: a C:\phpDemo\test01\Application\Common\Common\function.php 第 34 行.
NOTIC: [8] Undefined index: a C:\phpDemo\test01\Application\Common\Common\function.php 第 34 行.
INFO: Run Behavior\ParseTemplateBehavior [ RunTime:0.233278s ]
INFO: [ view_parse ] --END-- [ RunTime:0.233665s ]
INFO: [ view_filter ] --START--
INFO: Run Behavior\WriteHtmlCacheBehavior [ RunTime:0.001123s ]
INFO: [ view_filter ] --END-- [ RunTime:0.001432s ]
INFO: [ app_end ] --START--
INFO: Run Behavior\ShowPageTraceBehavior [ RunTime:0.002760s ]
INFO: [ app_end ] --END-- [ RunTime:0.003292s ]

[ 2018-09-15T09:12:00+08:00 ] 127.0.0.1 /admin.php?c=content&a=setStatus
INFO: [ app_init ] --START--
INFO: Run Behavior\BuildLiteBehavior [ RunTime:0.000047s ]
INFO: [ app_init ] --END-- [ RunTime:0.000753s ]
INFO: [ app_begin ] --START--
INFO: Run Behavior\ReadHtmlCacheBehavior [ RunTime:0.000771s ]
INFO: [ app_begin ] --END-- [ RunTime:0.000956s ]
NOTIC: [2048] Declaration of Admin\Controller\ContentController::setStatus() should be compatible with Admin\Controller\CommonController::setStatus($data, $models) C:\phpDemo\test01\Application\Admin\Controller\ContentController.class.php 第 12 行.
NOTIC: [2048] Declaration of Admin\Controller\ContentController::listorder() should be compatible with Admin\Controller\CommonController::listorder($model = '') C:\phpDemo\test01\Application\Admin\Controller\ContentController.class.php 第 12 行.
NOTIC: [2048] Declaration of Common\Model\NewsModel::find() should be compatible with Think\Model::find($options = Array) C:\phpDemo\test01\Application\Common\Model\NewsModel.class.php 第 8 行.
SQL: SHOW COLUMNS FROM `cms_news` [ RunTime:0.0012s ]
SQL: UPDATE `cms_news` SET `status`='-1' WHERE ( news_id=25 ) [ RunTime:0.0022s ]

[ 2018-09-15T09:12:01+08:00 ] 127.0.0.1 /admin.php?c=content
INFO: [ app_init ] --START--
INFO: Run Behavior\BuildLiteBehavior [ RunTime:0.000047s ]
INFO: [ app_init ] --END-- [ RunTime:0.000870s ]
INFO: [ app_begin ] --START--
INFO: Run Behavior\ReadHtmlCacheBehavior [ RunTime:0.001724s ]
INFO: [ app_begin ] --END-- [ RunTime:0.002190s ]
NOTIC: [2048] Declaration of Admin\Controller\ContentController::setStatus() should be compatible with Admin\Controller\CommonController::setStatus($data, $models) C:\phpDemo\test01\Application\Admin\Controller\ContentController.class.php 第 12 行.
NOTIC: [2048] Declaration of Admin\Controller\ContentController::listorder() should be compatible with Admin\Controller\CommonController::listorder($model = '') C:\phpDemo\test01\Application\Admin\Controller\ContentController.class.php 第 12 行.
NOTIC: [8] Undefined index: title C:\phpDemo\test01\Application\Admin\Controller\ContentController.class.php 第 16 行.
NOTIC: [8] Undefined index: catid C:\phpDemo\test01\Application\Admin\Controller\ContentController.class.php 第 20 行.
NOTIC: [8] Undefined index: p C:\phpDemo\test01\Application\Admin\Controller\ContentController.class.php 第 24 行.
NOTIC: [2048] Declaration of Common\Model\NewsModel::find() should be compatible with Think\Model::find($options = Array) C:\phpDemo\test01\Application\Common\Model\NewsModel.class.php 第 8 行.
SQL: SHOW COLUMNS FROM `cms_news` [ RunTime:0.0009s ]
SQL: SELECT * FROM `cms_news` WHERE `status` <> -1 ORDER BY listorder desc ,news_id desc LIMIT 0,10   [ RunTime:0.0009s ]
SQL: SELECT COUNT(*) AS tp_count FROM `cms_news` WHERE `status` <> -1 LIMIT 1   [ RunTime:0.0006s ]
NOTIC: [8] Undefined variable: sing_path C:\phpDemo\test01\ThinkPHP\Common\functions.php 第 991 行.
NOTIC: [2048] Declaration of Common\Model\PositionModel::find() should be compatible with Think\Model::find($options = Array) C:\phpDemo\test01\Application\Common\Model\PositionModel.class.php 第 80 行.
SQL: SHOW COLUMNS FROM `cms_position` [ RunTime:0.0010s ]
SQL: SELECT * FROM `cms_position` WHERE `status` = 1 ORDER BY id  [ RunTime:0.0006s ]
NOTIC: [2048] Declaration of Common\Model\MenuModel::find() should be compatible with Think\Model::find($options = Array) C:\phpDemo\test01\Application\Common\Model\MenuModel.class.php 第 92 行.
SQL: SHOW COLUMNS FROM `cms_menu` [ RunTime:0.0010s ]
SQL: SELECT * FROM `cms_menu` WHERE `status` = 1 AND `type` = 0 ORDER BY listorder desc,menu_id desc  [ RunTime:0.0007s ]
INFO: [ view_parse ] --START--
INFO: [ template_filter ] --START--
INFO: Run Behavior\ContentReplaceBehavior [ RunTime:0.000475s ]
INFO: [ template_filter ] --END-- [ RunTime:0.001322s ]
SQL: SELECT * FROM `cms_menu` WHERE `status` <> -1 AND `type` = 1 ORDER BY listorder desc,menu_id desc  [ RunTime:0.0011s ]
NOTIC: [8] Undefined index: a C:\phpDemo\test01\Application\Common\Common\function.php 第 34 行.
NOTIC: [8] Undefined index: a C:\phpDemo\test01\Application\Common\Common\function.php 第 34 行.
NOTIC: [8] Undefined index: a C:\phpDemo\test01\Application\Common\Common\function.php 第 34 行.
NOTIC: [8] Undefined index: a C:\phpDemo\test01\Application\Common\Common\function.php 第 34 行.
NOTIC: [8] Undefined index: a C:\phpDemo\test01\Application\Common\Common\function.php 第 34 行.
NOTIC: [8] Undefined index: a C:\phpDemo\test01\Application\Common\Common\function.php 第 34 行.
INFO: Run Behavior\ParseTemplateBehavior [ RunTime:0.247467s ]
INFO: [ view_parse ] --END-- [ RunTime:0.247850s ]
INFO: [ view_filter ] --START--
INFO: Run Behavior\WriteHtmlCacheBehavior [ RunTime:0.002403s ]
INFO: [ view_filter ] --END-- [ RunTime:0.002988s ]
INFO: [ app_end ] --START--
INFO: Run Behavior\ShowPageTraceBehavior [ RunTime:0.003988s ]
INFO: [ app_end ] --END-- [ RunTime:0.004745s ]

[ 2018-09-15T09:12:03+08:00 ] 127.0.0.1 /admin.php?c=content&a=listorder
INFO: [ app_init ] --START--
INFO: Run Behavior\BuildLiteBehavior [ RunTime:0.000046s ]
INFO: [ app_init ] --END-- [ RunTime:0.000793s ]
INFO: [ app_begin ] --START--
INFO: Run Behavior\ReadHtmlCacheBehavior [ RunTime:0.000840s ]
INFO: [ app_begin ] --END-- [ RunTime:0.001026s ]
NOTIC: [2048] Declaration of Admin\Controller\ContentController::setStatus() should be compatible with Admin\Controller\CommonController::setStatus($data, $models) C:\phpDemo\test01\Application\Admin\Controller\ContentController.class.php 第 12 行.
NOTIC: [2048] Declaration of Admin\Controller\ContentController::listorder() should be compatible with Admin\Controller\CommonController::listorder($model = '') C:\phpDemo\test01\Application\Admin\Controller\ContentController.class.php 第 12 行.
NOTIC: [2048] Declaration of Common\Model\NewsModel::find() should be compatible with Think\Model::find($options = Array) C:\phpDemo\test01\Application\Common\Model\NewsModel.class.php 第 8 行.
SQL: SHOW COLUMNS FROM `cms_news` [ RunTime:0.0009s ]
SQL: UPDATE `cms_news` SET `listorder`='10' WHERE ( news_id=23 ) [ RunTime:0.0003s ]
SQL: UPDATE `cms_news` SET `listorder`='2' WHERE ( news_id=21 ) [ RunTime:0.0003s ]
SQL: UPDATE `cms_news` SET `listorder`='1' WHERE ( news_id=24 ) [ RunTime:0.0003s ]
SQL: UPDATE `cms_news` SET `listorder`='0' WHERE ( news_id=22 ) [ RunTime:0.0004s ]

[ 2018-09-15T09:12:05+08:00 ] 127.0.0.1 /admin.php?c=content
INFO: [ app_init ] --START--
INFO: Run Behavior\BuildLiteBehavior [ RunTime:0.000078s ]
INFO: [ app_init ] --END-- [ RunTime:0.000783s ]
INFO: [ app_begin ] --START--
INFO: Run Behavior\ReadHtmlCacheBehavior [ RunTime:0.001146s ]
INFO: [ app_begin ] --END-- [ RunTime:0.001496s ]
NOTIC: [2048] Declaration of Admin\Controller\ContentController::setStatus() should be compatible with Admin\Controller\CommonController::setStatus($data, $models) C:\phpDemo\test01\Application\Admin\Controller\ContentController.class.php 第 12 行.
NOTIC: [2048] Declaration of Admin\Controller\ContentController::listorder() should be compatible with Admin\Controller\CommonController::listorder($model = '') C:\phpDemo\test01\Application\Admin\Controller\ContentController.class.php 第 12 行.
NOTIC: [8] Undefined index: title C:\phpDemo\test01\Application\Admin\Controller\ContentController.class.php 第 16 行.
NOTIC: [8] Undefined index: catid C:\phpDemo\test01\Application\Admin\Controller\ContentController.class.php 第 20 行.
NOTIC: [8] Undefined index: p C:\phpDemo\test01\Application\Admin\Controller\ContentController.class.php 第 24 行.
NOTIC: [2048] Declaration of Common\Model\NewsModel::find() should be compatible with Think\Model::find($options = Array) C:\phpDemo\test01\Application\Common\Model\NewsModel.class.php 第 8 行.
SQL: SHOW COLUMNS FROM `cms_news` [ RunTime:0.0010s ]
SQL: SELECT * FROM `cms_news` WHERE `status` <> -1 ORDER BY listorder desc ,news_id desc LIMIT 0,10   [ RunTime:0.0008s ]
SQL: SELECT COUNT(*) AS tp_count FROM `cms_news` WHERE `status` <> -1 LIMIT 1   [ RunTime:0.0005s ]
NOTIC: [8] Undefined variable: sing_path C:\phpDemo\test01\ThinkPHP\Common\functions.php 第 991 行.
NOTIC: [2048] Declaration of Common\Model\PositionModel::find() should be compatible with Think\Model::find($options = Array) C:\phpDemo\test01\Application\Common\Model\PositionModel.class.php 第 80 行.
SQL: SHOW COLUMNS FROM `cms_position` [ RunTime:0.0016s ]
SQL: SELECT * FROM `cms_position` WHERE `status` = 1 ORDER BY id  [ RunTime:0.0006s ]
NOTIC: [2048] Declaration of Common\Model\MenuModel::find() should be compatible with Think\Model::find($options = Array) C:\phpDemo\test01\Application\Common\Model\MenuModel.class.php 第 92 行.
SQL: SHOW COLUMNS FROM `cms_menu` [ RunTime:0.0010s ]
SQL: SELECT * FROM `cms_menu` WHERE `status` = 1 AND `type` = 0 ORDER BY listorder desc,menu_id desc  [ RunTime:0.0006s ]
INFO: [ view_parse ] --START--
INFO: [ template_filter ] --START--
INFO: Run Behavior\ContentReplaceBehavior [ RunTime:0.000752s ]
INFO: [ template_filter ] --END-- [ RunTime:0.001971s ]
SQL: SELECT * FROM `cms_menu` WHERE `status` <> -1 AND `type` = 1 ORDER BY listorder desc,menu_id desc  [ RunTime:0.0020s ]
NOTIC: [8] Undefined index: a C:\phpDemo\test01\Application\Common\Common\function.php 第 34 行.
NOTIC: [8] Undefined index: a C:\phpDemo\test01\Application\Common\Common\function.php 第 34 行.
NOTIC: [8] Undefined index: a C:\phpDemo\test01\Application\Common\Common\function.php 第 34 行.
NOTIC: [8] Undefined index: a C:\phpDemo\test01\Application\Common\Common\function.php 第 34 行.
NOTIC: [8] Undefined index: a C:\phpDemo\test01\Application\Common\Common\function.php 第 34 行.
NOTIC: [8] Undefined index: a C:\phpDemo\test01\Application\Common\Common\function.php 第 34 行.
INFO: Run Behavior\ParseTemplateBehavior [ RunTime:0.229089s ]
INFO: [ view_parse ] --END-- [ RunTime:0.229579s ]
INFO: [ view_filter ] --START--
INFO: Run Behavior\WriteHtmlCacheBehavior [ RunTime:0.002100s ]
INFO: [ view_filter ] --END-- [ RunTime:0.002699s ]
INFO: [ app_end ] --START--
INFO: Run Behavior\ShowPageTraceBehavior [ RunTime:0.003167s ]
INFO: [ app_end ] --END-- [ RunTime:0.003916s ]

[ 2018-09-15T09:12:05+08:00 ] 127.0.0.1 /admin.php?c=content
INFO: [ app_init ] --START--
INFO: Run Behavior\BuildLiteBehavior [ RunTime:0.000142s ]
INFO: [ app_init ] --END-- [ RunTime:0.002064s ]
INFO: [ app_begin ] --START--
INFO: Run Behavior\ReadHtmlCacheBehavior [ RunTime:0.003314s ]
INFO: [ app_begin ] --END-- [ RunTime:0.004085s ]
NOTIC: [2048] Declaration of Admin\Controller\ContentController::setStatus() should be compatible with Admin\Controller\CommonController::setStatus($data, $models) C:\phpDemo\test01\Application\Admin\Controller\ContentController.class.php 第 12 行.
NOTIC: [2048] Declaration of Admin\Controller\ContentController::listorder() should be compatible with Admin\Controller\CommonController::listorder($model = '') C:\phpDemo\test01\Application\Admin\Controller\ContentController.class.php 第 12 行.
NOTIC: [8] Undefined index: title C:\phpDemo\test01\Application\Admin\Controller\ContentController.class.php 第 16 行.
NOTIC: [8] Undefined index: catid C:\phpDemo\test01\Application\Admin\Controller\ContentController.class.php 第 20 行.
NOTIC: [8] Undefined index: p C:\phpDemo\test01\Application\Admin\Controller\ContentController.class.php 第 24 行.
NOTIC: [2048] Declaration of Common\Model\NewsModel::find() should be compatible with Think\Model::find($options = Array) C:\phpDemo\test01\Application\Common\Model\NewsModel.class.php 第 8 行.
SQL: SHOW COLUMNS FROM `cms_news` [ RunTime:0.0025s ]
SQL: SELECT * FROM `cms_news` WHERE `status` <> -1 ORDER BY listorder desc ,news_id desc LIMIT 0,10   [ RunTime:0.0019s ]
SQL: SELECT COUNT(*) AS tp_count FROM `cms_news` WHERE `status` <> -1 LIMIT 1   [ RunTime:0.0011s ]
NOTIC: [8] Undefined variable: sing_path C:\phpDemo\test01\ThinkPHP\Common\functions.php 第 991 行.
NOTIC: [2048] Declaration of Common\Model\PositionModel::find() should be compatible with Think\Model::find($options = Array) C:\phpDemo\test01\Application\Common\Model\PositionModel.class.php 第 80 行.
SQL: SHOW COLUMNS FROM `cms_position` [ RunTime:0.0023s ]
SQL: SELECT * FROM `cms_position` WHERE `status` = 1 ORDER BY id  [ RunTime:0.0009s ]
NOTIC: [2048] Declaration of Common\Model\MenuModel::find() should be compatible with Think\Model::find($options = Array) C:\phpDemo\test01\Application\Common\Model\MenuModel.class.php 第 92 行.
SQL: SHOW COLUMNS FROM `cms_menu` [ RunTime:0.0016s ]
SQL: SELECT * FROM `cms_menu` WHERE `status` = 1 AND `type` = 0 ORDER BY listorder desc,menu_id desc  [ RunTime:0.0010s ]
INFO: [ view_parse ] --START--
INFO: [ template_filter ] --START--
INFO: Run Behavior\ContentReplaceBehavior [ RunTime:0.000439s ]
INFO: [ template_filter ] --END-- [ RunTime:0.000895s ]
SQL: SELECT * FROM `cms_menu` WHERE `status` <> -1 AND `type` = 1 ORDER BY listorder desc,menu_id desc  [ RunTime:0.0015s ]
NOTIC: [8] Undefined index: a C:\phpDemo\test01\Application\Common\Common\function.php 第 34 行.
NOTIC: [8] Undefined index: a C:\phpDemo\test01\Application\Common\Common\function.php 第 34 行.
NOTIC: [8] Undefined index: a C:\phpDemo\test01\Application\Common\Common\function.php 第 34 行.
NOTIC: [8] Undefined index: a C:\phpDemo\test01\Application\Common\Common\function.php 第 34 行.
NOTIC: [8] Undefined index: a C:\phpDemo\test01\Application\Common\Common\function.php 第 34 行.
NOTIC: [8] Undefined index: a C:\phpDemo\test01\Application\Common\Common\function.php 第 34 行.
INFO: Run Behavior\ParseTemplateBehavior [ RunTime:0.215470s ]
INFO: [ view_parse ] --END-- [ RunTime:0.215920s ]
INFO: [ view_filter ] --START--
INFO: Run Behavior\WriteHtmlCacheBehavior [ RunTime:0.001239s ]
INFO: [ view_filter ] --END-- [ RunTime:0.001653s ]
INFO: [ app_end ] --START--
INFO: Run Behavior\ShowPageTraceBehavior [ RunTime:0.003273s ]
INFO: [ app_end ] --END-- [ RunTime:0.003829s ]

[ 2018-09-15T09:12:10+08:00 ] 127.0.0.1 /admin.php?c=content&a=add
INFO: [ app_init ] --START--
INFO: Run Behavior\BuildLiteBehavior [ RunTime:0.000045s ]
INFO: [ app_init ] --END-- [ RunTime:0.000721s ]
INFO: [ app_begin ] --START--
INFO: Run Behavior\ReadHtmlCacheBehavior [ RunTime:0.000843s ]
INFO: [ app_begin ] --END-- [ RunTime:0.001085s ]
NOTIC: [2048] Declaration of Admin\Controller\ContentController::setStatus() should be compatible with Admin\Controller\CommonController::setStatus($data, $models) C:\phpDemo\test01\Application\Admin\Controller\ContentController.class.php 第 12 行.
NOTIC: [2048] Declaration of Admin\Controller\ContentController::listorder() should be compatible with Admin\Controller\CommonController::listorder($model = '') C:\phpDemo\test01\Application\Admin\Controller\ContentController.class.php 第 12 行.
NOTIC: [2048] Declaration of Common\Model\MenuModel::find() should be compatible with Think\Model::find($options = Array) C:\phpDemo\test01\Application\Common\Model\MenuModel.class.php 第 5 行.
SQL: SHOW COLUMNS FROM `cms_menu` [ RunTime:0.0007s ]
SQL: SELECT * FROM `cms_menu` WHERE `status` = 1 AND `type` = 0 ORDER BY listorder desc,menu_id desc  [ RunTime:0.0005s ]
INFO: [ view_parse ] --START--
INFO: [ template_filter ] --START--
INFO: Run Behavior\ContentReplaceBehavior [ RunTime:0.000198s ]
INFO: [ template_filter ] --END-- [ RunTime:0.000413s ]
SQL: SELECT * FROM `cms_menu` WHERE `status` <> -1 AND `type` = 1 ORDER BY listorder desc,menu_id desc  [ RunTime:0.0005s ]
NOTIC: [8] Undefined index: a C:\phpDemo\test01\Application\Common\Common\function.php 第 34 行.
NOTIC: [8] Undefined index: a C:\phpDemo\test01\Application\Common\Common\function.php 第 34 行.
NOTIC: [8] Undefined index: a C:\phpDemo\test01\Application\Common\Common\function.php 第 34 行.
NOTIC: [8] Undefined index: a C:\phpDemo\test01\Application\Common\Common\function.php 第 34 行.
NOTIC: [8] Undefined index: a C:\phpDemo\test01\Application\Common\Common\function.php 第 34 行.
NOTIC: [8] Undefined index: a C:\phpDemo\test01\Application\Common\Common\function.php 第 34 行.
INFO: Run Behavior\ParseTemplateBehavior [ RunTime:0.065569s ]
INFO: [ view_parse ] --END-- [ RunTime:0.065755s ]
INFO: [ view_filter ] --START--
INFO: Run Behavior\WriteHtmlCacheBehavior [ RunTime:0.000459s ]
INFO: [ view_filter ] --END-- [ RunTime:0.000581s ]
INFO: [ app_end ] --START--
INFO: Run Behavior\ShowPageTraceBehavior [ RunTime:0.000874s ]
INFO: [ app_end ] --END-- [ RunTime:0.001076s ]

[ 2018-09-15T09:13:57+08:00 ] 127.0.0.1 /admin.php?c=content&a=add
INFO: [ app_init ] --START--
INFO: Run Behavior\BuildLiteBehavior [ RunTime:0.000043s ]
INFO: [ app_init ] --END-- [ RunTime:0.000803s ]
INFO: [ app_begin ] --START--
INFO: Run Behavior\ReadHtmlCacheBehavior [ RunTime:0.001191s ]
INFO: [ app_begin ] --END-- [ RunTime:0.001394s ]
NOTIC: [2048] Declaration of Admin\Controller\ContentController::setStatus() should be compatible with Admin\Controller\CommonController::setStatus($data, $models) C:\phpDemo\test01\Application\Admin\Controller\ContentController.class.php 第 12 行.
NOTIC: [2048] Declaration of Admin\Controller\ContentController::listorder() should be compatible with Admin\Controller\CommonController::listorder($model = '') C:\phpDemo\test01\Application\Admin\Controller\ContentController.class.php 第 12 行.

[ 2018-09-15T09:14:04+08:00 ] 127.0.0.1 /admin.php?c=content&a=add
INFO: [ app_init ] --START--
INFO: Run Behavior\BuildLiteBehavior [ RunTime:0.000109s ]
INFO: [ app_init ] --END-- [ RunTime:0.002141s ]
INFO: [ app_begin ] --START--
INFO: Run Behavior\ReadHtmlCacheBehavior [ RunTime:0.001036s ]
INFO: [ app_begin ] --END-- [ RunTime:0.001224s ]
NOTIC: [2048] Declaration of Admin\Controller\ContentController::setStatus() should be compatible with Admin\Controller\CommonController::setStatus($data, $models) C:\phpDemo\test01\Application\Admin\Controller\ContentController.class.php 第 12 行.
NOTIC: [2048] Declaration of Admin\Controller\ContentController::listorder() should be compatible with Admin\Controller\CommonController::listorder($model = '') C:\phpDemo\test01\Application\Admin\Controller\ContentController.class.php 第 12 行.
NOTIC: [8] Undefined index: news_id C:\phpDemo\test01\Application\Admin\Controller\ContentController.class.php 第 57 行.
NOTIC: [2048] Declaration of Common\Model\NewsModel::find() should be compatible with Think\Model::find($options = Array) C:\phpDemo\test01\Application\Common\Model\NewsModel.class.php 第 8 行.
SQL: SHOW COLUMNS FROM `cms_news` [ RunTime:0.0152s ]
SQL: INSERT INTO `cms_news` (`title`,`small_title`,`thumb`,`title_font_color`,`catid`,`copyfrom`,`description`,`keywords`,`create_time`,`username`) VALUES ('合肥工业大学','计算机','','#5674ed','12','0','','学校','1536974044','admin') [ RunTime:0.0007s ]
NOTIC: [2048] Declaration of Common\Model\NewsContentModel::find() should be compatible with Think\Model::find($options = Array) C:\phpDemo\test01\Application\Common\Model\NewsContentModel.class.php 第 45 行.
SQL: SHOW COLUMNS FROM `cms_news_content` [ RunTime:0.0013s ]
SQL: INSERT INTO `cms_news_content` (`content`,`news_id`,`create_time`) VALUES ('合肥工业大学合肥工业大学合肥工业大学合肥工业大学合肥工业大学合肥工业大学合肥工业大学合肥工业大学合肥工业大学合肥工业大学合肥工业大学合肥工业大学合肥工业大学合肥工业大学合肥工业大学合肥工业大学合肥工业大学合肥工业大学合肥工业大学合肥工业大学合肥工业大学合肥工业大学合肥工业大学合肥工业大学合肥工业大学合肥工业大学合肥工业大学合肥工业大学合肥工业大学合肥工业大学合肥工业大学合肥工业大学合肥工业大学合肥工业大学合肥工业大学合肥工业大学合肥工业大学合肥工业大学合肥工业大学合肥工业大学合肥工业大学合肥工业大学合肥工业大学合肥工业大学合肥工业大学合肥工业大学合肥工业大学合肥工业大学合肥工业大学合肥工业大学合肥工业大学合肥工业大学合肥工业大学合肥工业大学合肥工业大学合肥工业大学合肥工业大学合肥工业大学合肥工业大学合肥工业大学合肥工业大学合肥工业大学合肥工业大学合肥工业大学合肥工业大学合肥工业大学合肥工业大学合肥工业大学合肥工业大学合肥工业大学合肥工业大学合肥工业大学合肥工业大学合肥工业大学合肥工业大学合肥工业大学合肥工业大学合肥工业大学合肥工业大学合肥工业大学合肥工业大学合肥工业大学合肥工业大学合肥工业大学合肥工业大学合肥工业大学合肥工业大学合肥工业大学合肥工业大学合肥工业大学合肥工业大学合肥工业大学合肥工业大学合肥工业大学合肥工业大学合肥工业大学合肥工业大学合肥工业大学合肥工业大学合肥工业大学合肥工业大学合肥工业大学合肥工业大学合肥工业大学合肥工业大学合肥工业大学合肥工业大学合肥工业大学合肥工业大学合肥工业大学合肥工业大学合肥工业大学合肥工业大学合肥工业大学合肥工业大学合肥工业大学合肥工业大学合肥工业大学合肥工业大学合肥工业大学合肥工业大学合肥工业大学合肥工业大学合肥工业大学合肥工业大学合肥工业大学合肥工业大学合肥工业大学合肥工业大学合肥工业大学合肥工业大学合肥工业大学合肥工业大学合肥工业大学合肥工业大学合肥工业大学合肥工业大学合肥工业大学合肥工业大学合肥工业大学合肥工业大学合肥工业大学合肥工业大学合肥工业大学合肥工业大学合肥工业大学合肥工业大学合肥工业大学合肥工业大学合肥工业大学合肥工业大学合肥工业大学合肥工业大学合肥工业大学合肥工业大学合肥工业大学合肥工业大学合肥工业大学合肥工业大学合肥工业大学合肥工业大学合肥工业大学合肥工业大学合肥工业大学合肥工业大学','26','1536974044') [ RunTime:0.0008s ]

[ 2018-09-15T09:14:05+08:00 ] 127.0.0.1 /admin.php?c=content
INFO: [ app_init ] --START--
INFO: Run Behavior\BuildLiteBehavior [ RunTime:0.000138s ]
INFO: [ app_init ] --END-- [ RunTime:0.002393s ]
INFO: [ app_begin ] --START--
INFO: Run Behavior\ReadHtmlCacheBehavior [ RunTime:0.001969s ]
INFO: [ app_begin ] --END-- [ RunTime:0.002541s ]
NOTIC: [2048] Declaration of Admin\Controller\ContentController::setStatus() should be compatible with Admin\Controller\CommonController::setStatus($data, $models) C:\phpDemo\test01\Application\Admin\Controller\ContentController.class.php 第 12 行.
NOTIC: [2048] Declaration of Admin\Controller\ContentController::listorder() should be compatible with Admin\Controller\CommonController::listorder($model = '') C:\phpDemo\test01\Application\Admin\Controller\ContentController.class.php 第 12 行.
NOTIC: [8] Undefined index: title C:\phpDemo\test01\Application\Admin\Controller\ContentController.class.php 第 16 行.
NOTIC: [8] Undefined index: catid C:\phpDemo\test01\Application\Admin\Controller\ContentController.class.php 第 20 行.
NOTIC: [8] Undefined index: p C:\phpDemo\test01\Application\Admin\Controller\ContentController.class.php 第 24 行.
NOTIC: [2048] Declaration of Common\Model\NewsModel::find() should be compatible with Think\Model::find($options = Array) C:\phpDemo\test01\Application\Common\Model\NewsModel.class.php 第 8 行.
SQL: SHOW COLUMNS FROM `cms_news` [ RunTime:0.0013s ]
SQL: SELECT * FROM `cms_news` WHERE `status` <> -1 ORDER BY listorder desc ,news_id desc LIMIT 0,10   [ RunTime:0.0015s ]
SQL: SELECT COUNT(*) AS tp_count FROM `cms_news` WHERE `status` <> -1 LIMIT 1   [ RunTime:0.0007s ]
NOTIC: [8] Undefined variable: sing_path C:\phpDemo\test01\ThinkPHP\Common\functions.php 第 991 行.
NOTIC: [2048] Declaration of Common\Model\PositionModel::find() should be compatible with Think\Model::find($options = Array) C:\phpDemo\test01\Application\Common\Model\PositionModel.class.php 第 80 行.
SQL: SHOW COLUMNS FROM `cms_position` [ RunTime:0.0013s ]
SQL: SELECT * FROM `cms_position` WHERE `status` = 1 ORDER BY id  [ RunTime:0.0006s ]
NOTIC: [2048] Declaration of Common\Model\MenuModel::find() should be compatible with Think\Model::find($options = Array) C:\phpDemo\test01\Application\Common\Model\MenuModel.class.php 第 92 行.
SQL: SHOW COLUMNS FROM `cms_menu` [ RunTime:0.0012s ]
SQL: SELECT * FROM `cms_menu` WHERE `status` = 1 AND `type` = 0 ORDER BY listorder desc,menu_id desc  [ RunTime:0.0008s ]
INFO: [ view_parse ] --START--
INFO: [ template_filter ] --START--
INFO: Run Behavior\ContentReplaceBehavior [ RunTime:0.000255s ]
INFO: [ template_filter ] --END-- [ RunTime:0.000512s ]
SQL: SELECT * FROM `cms_menu` WHERE `status` <> -1 AND `type` = 1 ORDER BY listorder desc,menu_id desc  [ RunTime:0.0007s ]
NOTIC: [8] Undefined index: a C:\phpDemo\test01\Application\Common\Common\function.php 第 34 行.
NOTIC: [8] Undefined index: a C:\phpDemo\test01\Application\Common\Common\function.php 第 34 行.
NOTIC: [8] Undefined index: a C:\phpDemo\test01\Application\Common\Common\function.php 第 34 行.
NOTIC: [8] Undefined index: a C:\phpDemo\test01\Application\Common\Common\function.php 第 34 行.
NOTIC: [8] Undefined index: a C:\phpDemo\test01\Application\Common\Common\function.php 第 34 行.
NOTIC: [8] Undefined index: a C:\phpDemo\test01\Application\Common\Common\function.php 第 34 行.
INFO: Run Behavior\ParseTemplateBehavior [ RunTime:0.045777s ]
INFO: [ view_parse ] --END-- [ RunTime:0.046060s ]
INFO: [ view_filter ] --START--
INFO: Run Behavior\WriteHtmlCacheBehavior [ RunTime:0.002045s ]
INFO: [ view_filter ] --END-- [ RunTime:0.002396s ]
INFO: [ app_end ] --START--
INFO: Run Behavior\ShowPageTraceBehavior [ RunTime:0.001803s ]
INFO: [ app_end ] --END-- [ RunTime:0.002097s ]

[ 2018-09-15T09:17:48+08:00 ] 127.0.0.1 /admin.php?c=content&a=add
INFO: [ app_init ] --START--
INFO: Run Behavior\BuildLiteBehavior [ RunTime:0.000071s ]
INFO: [ app_init ] --END-- [ RunTime:0.001089s ]
INFO: [ app_begin ] --START--
INFO: Run Behavior\ReadHtmlCacheBehavior [ RunTime:0.001903s ]
INFO: [ app_begin ] --END-- [ RunTime:0.002133s ]
NOTIC: [2048] Declaration of Admin\Controller\ContentController::setStatus() should be compatible with Admin\Controller\CommonController::setStatus($data, $models) C:\phpDemo\test01\Application\Admin\Controller\ContentController.class.php 第 12 行.
NOTIC: [2048] Declaration of Admin\Controller\ContentController::listorder() should be compatible with Admin\Controller\CommonController::listorder($model = '') C:\phpDemo\test01\Application\Admin\Controller\ContentController.class.php 第 12 行.
NOTIC: [2048] Declaration of Common\Model\MenuModel::find() should be compatible with Think\Model::find($options = Array) C:\phpDemo\test01\Application\Common\Model\MenuModel.class.php 第 5 行.
SQL: SHOW COLUMNS FROM `cms_menu` [ RunTime:0.0023s ]
SQL: SELECT * FROM `cms_menu` WHERE `status` = 1 AND `type` = 0 ORDER BY listorder desc,menu_id desc  [ RunTime:0.0008s ]
INFO: [ view_parse ] --START--
INFO: [ template_filter ] --START--
INFO: Run Behavior\ContentReplaceBehavior [ RunTime:0.000433s ]
INFO: [ template_filter ] --END-- [ RunTime:0.001083s ]
SQL: SELECT * FROM `cms_menu` WHERE `status` <> -1 AND `type` = 1 ORDER BY listorder desc,menu_id desc  [ RunTime:0.0017s ]
NOTIC: [8] Undefined index: a C:\phpDemo\test01\Application\Common\Common\function.php 第 34 行.
NOTIC: [8] Undefined index: a C:\phpDemo\test01\Application\Common\Common\function.php 第 34 行.
NOTIC: [8] Undefined index: a C:\phpDemo\test01\Application\Common\Common\function.php 第 34 行.
NOTIC: [8] Undefined index: a C:\phpDemo\test01\Application\Common\Common\function.php 第 34 行.
NOTIC: [8] Undefined index: a C:\phpDemo\test01\Application\Common\Common\function.php 第 34 行.
NOTIC: [8] Undefined index: a C:\phpDemo\test01\Application\Common\Common\function.php 第 34 行.
INFO: Run Behavior\ParseTemplateBehavior [ RunTime:0.183123s ]
INFO: [ view_parse ] --END-- [ RunTime:0.183476s ]
INFO: [ view_filter ] --START--
INFO: Run Behavior\WriteHtmlCacheBehavior [ RunTime:0.001926s ]
INFO: [ view_filter ] --END-- [ RunTime:0.002358s ]
INFO: [ app_end ] --START--
INFO: Run Behavior\ShowPageTraceBehavior [ RunTime:0.003843s ]
INFO: [ app_end ] --END-- [ RunTime:0.004608s ]

[ 2018-09-15T09:28:03+08:00 ] 127.0.0.1 /admin.php
INFO: [ app_init ] --START--
INFO: Run Behavior\BuildLiteBehavior [ RunTime:0.000043s ]
INFO: [ app_init ] --END-- [ RunTime:0.000815s ]
INFO: [ app_begin ] --START--
INFO: Run Behavior\ReadHtmlCacheBehavior [ RunTime:0.001296s ]
INFO: [ app_begin ] --END-- [ RunTime:0.001623s ]
NOTIC: [2048] Declaration of Common\Model\NewsModel::find() should be compatible with Think\Model::find($options = Array) C:\phpDemo\test01\Application\Common\Model\NewsModel.class.php 第 8 行.
SQL: SHOW COLUMNS FROM `cms_news` [ RunTime:0.0013s ]
SQL: SELECT * FROM `cms_news` WHERE `status` = 1 ORDER BY count desc LIMIT 1   [ RunTime:0.0008s ]
SQL: SELECT COUNT(*) AS tp_count FROM `cms_news` WHERE `status` <> -1 LIMIT 1   [ RunTime:0.0005s ]
NOTIC: [2048] Declaration of Common\Model\PositionModel::find() should be compatible with Think\Model::find($options = Array) C:\phpDemo\test01\Application\Common\Model\PositionModel.class.php 第 80 行.
SQL: SHOW COLUMNS FROM `cms_position` [ RunTime:0.0009s ]
SQL: SELECT COUNT(*) AS tp_count FROM `cms_position` WHERE `status` = 1 LIMIT 1   [ RunTime:0.0005s ]
SQL: SHOW COLUMNS FROM `cms_admin` [ RunTime:0.0016s ]
SQL: SELECT COUNT(*) AS tp_count FROM `cms_admin` WHERE `status` = 1 AND `lastlogintime` > 1536940800 LIMIT 1   [ RunTime:0.0005s ]
NOTIC: [2] Illegal string offset 'tp_count' C:\phpDemo\test01\Application\Common\Model\AdminModel.class.php 第 74 行.
INFO: [ view_parse ] --START--
INFO: [ template_filter ] --START--
INFO: Run Behavior\ContentReplaceBehavior [ RunTime:0.000179s ]
INFO: [ template_filter ] --END-- [ RunTime:0.000401s ]
NOTIC: [2048] Declaration of Common\Model\MenuModel::find() should be compatible with Think\Model::find($options = Array) C:\phpDemo\test01\Application\Common\Model\MenuModel.class.php 第 92 行.
SQL: SHOW COLUMNS FROM `cms_menu` [ RunTime:0.0011s ]
SQL: SELECT * FROM `cms_menu` WHERE `status` <> -1 AND `type` = 1 ORDER BY listorder desc,menu_id desc  [ RunTime:0.0006s ]
NOTIC: [8] Undefined index: a C:\phpDemo\test01\Application\Common\Common\function.php 第 34 行.
NOTIC: [8] Undefined index: a C:\phpDemo\test01\Application\Common\Common\function.php 第 34 行.
NOTIC: [8] Undefined index: a C:\phpDemo\test01\Application\Common\Common\function.php 第 34 行.
NOTIC: [8] Undefined index: a C:\phpDemo\test01\Application\Common\Common\function.php 第 34 行.
NOTIC: [8] Undefined index: a C:\phpDemo\test01\Application\Common\Common\function.php 第 34 行.
NOTIC: [8] Undefined index: a C:\phpDemo\test01\Application\Common\Common\function.php 第 34 行.
INFO: Run Behavior\ParseTemplateBehavior [ RunTime:0.057254s ]
INFO: [ view_parse ] --END-- [ RunTime:0.057502s ]
INFO: [ view_filter ] --START--
INFO: Run Behavior\WriteHtmlCacheBehavior [ RunTime:0.000973s ]
INFO: [ view_filter ] --END-- [ RunTime:0.001177s ]
INFO: [ app_end ] --START--
INFO: Run Behavior\ShowPageTraceBehavior [ RunTime:0.001267s ]
INFO: [ app_end ] --END-- [ RunTime:0.001491s ]

